#
# A fatal error has been detected by the Java Runtime Environment:
#
#  EXCEPTION_ACCESS_VIOLATION (0xc0000005) at pc=0x00007ffe47bce0a9, pid=17320, tid=10152
#
# JRE version: OpenJDK Runtime Environment Microsoft-8035246 (17.0.8+7) (build 17.0.8+7-LTS)
# Java VM: OpenJDK 64-Bit Server VM Microsoft-8035246 (17.0.8+7-LTS, mixed mode, sharing, tiered, compressed oops, compressed class ptrs, g1 gc, windows-amd64)
# Problematic frame:
# V  [jvm.dll+0x2be0a9]
#
# No core dump will be written. Minidumps are not enabled by default on client versions of Windows
#
# If you would like to submit a bug report, please visit:
#   https://github.com/microsoft/openjdk/issues
#

---------------  S U M M A R Y ------------

Command Line: -XX:MaxMetaspaceSize=512m --add-opens=java.base/java.util=ALL-UNNAMED --add-opens=java.base/java.lang=ALL-UNNAMED --add-opens=java.base/java.lang.invoke=ALL-UNNAMED --add-opens=java.prefs/java.util.prefs=ALL-UNNAMED --add-opens=java.base/java.nio.charset=ALL-UNNAMED --add-opens=java.base/java.net=ALL-UNNAMED --add-opens=java.base/java.util.concurrent.atomic=ALL-UNNAMED -Xmx2048m -Dfile.encoding=windows-1252 -Duser.country=US -Duser.language=en -Duser.variant -javaagent:C:\Users\Niaz Designer\.gradle\wrapper\dists\gradle-8.3-all\6en3ugtfdg5xnpx44z4qbwgas\gradle-8.3\lib\agents\gradle-instrumentation-agent-8.3.jar org.gradle.launcher.daemon.bootstrap.GradleDaemon 8.3

Host: Intel(R) Core(TM) i5-6600 CPU @ 3.30GHz, 4 cores, 15G,  Windows 10 , 64 bit Build 19041 (10.0.19041.3636)
Time: Mon Jan 29 10:08:43 2024 Pakistan Standard Time elapsed time: 38.533318 seconds (0d 0h 0m 38s)

---------------  T H R E A D  ---------------

Current thread (0x0000014b7fa648f0):  JavaThread "C2 CompilerThread0" daemon [_thread_in_native, id=10152, stack(0x0000003eeb600000,0x0000003eeb700000)]


Current CompileTask:
C2:  38533 16658       4       org.gradle.cache.internal.AsyncCacheAccessDecoratedCache$$Lambda$514/0x0000014b1847fd48::create (12 bytes)

Stack: [0x0000003eeb600000,0x0000003eeb700000],  sp=0x0000003eeb6fb250,  free space=1004k
Native frames: (J=compiled Java code, j=interpreted, Vv=VM code, C=native code)
V  [jvm.dll+0x2be0a9]
V  [jvm.dll+0x21ba8b]
V  [jvm.dll+0x21944b]
V  [jvm.dll+0x1a56b6]
V  [jvm.dll+0x2291ea]
V  [jvm.dll+0x22724c]
V  [jvm.dll+0x7efd0c]
V  [jvm.dll+0x7ea13a]
V  [jvm.dll+0x67ad85]
C  [ucrtbase.dll+0x21bb2]
C  [KERNEL32.DLL+0x17344]
C  [ntdll.dll+0x526b1]


siginfo: EXCEPTION_ACCESS_VIOLATION (0xc0000005), reading address 0x0000000000000028


Register to memory mapping:

RIP=0x00007ffe47bce0a9 jvm.dll
RAX=0x0000014b3c5e0090 points into unknown readable memory: 0x0000000000000000 | 00 00 00 00 00 00 00 00
RBX=0x0000000000001b78 is an unknown value
RCX=0x0 is NULL
RDX=0x0 is NULL
RSP=0x0000003eeb6fb250 is pointing into the stack for thread: 0x0000014b7fa648f0
RBP=0x0000003eeb6fb2c0 is pointing into the stack for thread: 0x0000014b7fa648f0
RSI=0x0 is NULL
RDI=0x000000000000005f is an unknown value
R8 =0x000000000000ffe0 is an unknown value
R9 =0x0 is NULL
R10=0x00007ffe461f0000 VCRUNTIME140.dll
R11=0x0000014b3c5e00b0 points into unknown readable memory: 0x0000000000000000 | 00 00 00 00 00 00 00 00
R12=0x0000000000000050 is an unknown value
R13=0x0 is NULL
R14=0x0 is NULL
R15=0x0000003eeb6fe470 is pointing into the stack for thread: 0x0000014b7fa648f0


Registers:
RAX=0x0000014b3c5e0090, RBX=0x0000000000001b78, RCX=0x0000000000000000, RDX=0x0000000000000000
RSP=0x0000003eeb6fb250, RBP=0x0000003eeb6fb2c0, RSI=0x0000000000000000, RDI=0x000000000000005f
R8 =0x000000000000ffe0, R9 =0x0000000000000000, R10=0x00007ffe461f0000, R11=0x0000014b3c5e00b0
R12=0x0000000000000050, R13=0x0000000000000000, R14=0x0000000000000000, R15=0x0000003eeb6fe470
RIP=0x00007ffe47bce0a9, EFLAGS=0x0000000000010202

Top of Stack: (sp=0x0000003eeb6fb250)
0x0000003eeb6fb250:   0000000000001b78 0000000000000000
0x0000003eeb6fb260:   0000003eeb6fe470 00007ffe47b338d1
0x0000003eeb6fb270:   0000014b7fa5ade0 00007ffe00002000
0x0000003eeb6fb280:   0000014b3c5e0090 0000000000000000
0x0000003eeb6fb290:   0000000000000002 0000014b439be110
0x0000003eeb6fb2a0:   0000000000000002 0000014b7fa5ade0
0x0000003eeb6fb2b0:   0000000000000000 0000000000000000
0x0000003eeb6fb2c0:   0000014b7674d580 0000014b788a4f30
0x0000003eeb6fb2d0:   000000000000005f 00007ffe48254c08
0x0000003eeb6fb2e0:   0000003eeb6fb3f0 00007ffe47b2ba8b
0x0000003eeb6fb2f0:   0000003eeb6fe470 00007ffe48254c08
0x0000003eeb6fb300:   0000003eeb6fe470 0000003eeb6fb3f0
0x0000003eeb6fb310:   0000003e00000000 0000003eeb6fefd0
0x0000003eeb6fb320:   0000003e0000000f 0000003eeb6fe470
0x0000003eeb6fb330:   0000003eeb6fb4a0 0000014b00000000
0x0000003eeb6fb340:   0000014b00000100 00007ffe48254c08 

Instructions: (pc=0x00007ffe47bce0a9)
0x00007ffe47bcdfa9:   3b d0 75 0b ff c1 41 3b c9 7c dc 48 8b c2 c3 33
0x00007ffe47bcdfb9:   c0 c3 cc cc cc cc cc 48 89 5c 24 18 55 56 57 41
0x00007ffe47bcdfc9:   55 41 57 48 8b ec 48 83 ec 70 65 48 8b 04 25 58
0x00007ffe47bcdfd9:   00 00 00 48 8b f2 44 8b 05 d2 8b 90 00 4c 8b f9
0x00007ffe47bcdfe9:   4a 8b 1c c0 b8 50 00 00 00 80 3c 18 00 75 05 e8
0x00007ffe47bcdff9:   8b 6f 5d 00 b8 20 00 00 00 48 8b 04 18 48 8b 98
0x00007ffe47bce009:   38 02 00 00 48 89 5d b0 c7 45 b8 04 00 00 00 48
0x00007ffe47bce019:   8b 43 18 48 83 f8 df 76 18 4c 8d 05 37 a9 65 00
0x00007ffe47bce029:   ba 20 00 00 00 48 8b cb e8 5a eb de ff 48 8b 43
0x00007ffe47bce039:   18 48 8d 48 20 48 3b 4b 20 76 11 45 33 c0 48 8b
0x00007ffe47bce049:   cb 41 8d 50 20 e8 fd e8 de ff eb 04 48 89 4b 18
0x00007ffe47bce059:   44 8b 45 b8 33 d2 49 c1 e0 03 48 8b c8 48 89 45
0x00007ffe47bce069:   c0 e8 e3 80 5d 00 45 33 ed 48 8d 4d d0 44 89 6d
0x00007ffe47bce079:   c8 e8 01 59 56 00 41 8b 9f 40 02 00 00 41 2b 9f
0x00007ffe47bce089:   68 02 00 00 44 89 6d f0 3b 5d b8 72 0b 8b d3 48
0x00007ffe47bce099:   8d 4d b0 e8 6f b3 39 00 48 8b 45 c0 4c 89 2c d8
0x00007ffe47bce0a9:   8b 7e 28 8b df c1 eb 05 3b 5d d0 72 0b 8b d3 48
0x00007ffe47bce0b9:   8d 4d d0 e8 1f 59 56 00 48 8b 45 d8 83 e7 1f 48
0x00007ffe47bce0c9:   8d 14 98 40 0f b6 cf 41 b8 01 00 00 00 41 d3 e0
0x00007ffe47bce0d9:   8b 0a 8b c1 41 0b c0 89 02 41 85 c8 75 21 8b 5d
0x00007ffe47bce0e9:   c8 8d 43 01 89 45 c8 3b 5d b8 72 0b 8b d3 48 8d
0x00007ffe47bce0f9:   4d b0 e8 10 b3 39 00 48 8b 45 c0 48 89 34 d8 44
0x00007ffe47bce109:   39 6d c8 0f 86 77 01 00 00 4c 89 a4 24 a0 00 00
0x00007ffe47bce119:   00 4c 89 b4 24 a8 00 00 00 48 8b 45 c0 41 8b cd
0x00007ffe47bce129:   48 8b 34 c8 8b 46 2c 25 ff 1f 00 00 3d 04 10 00
0x00007ffe47bce139:   00 0f 85 a7 00 00 00 bb 01 00 00 00 39 5e 18 76
0x00007ffe47bce149:   39 66 0f 1f 44 00 00 48 8b 46 08 8b cb 48 8b 14
0x00007ffe47bce159:   c8 48 85 d2 74 1d 48 83 7a 10 00 74 16 80 7a 2c
0x00007ffe47bce169:   84 74 10 e8 7f 7e ee ff 48 8b d0 49 8b cf e8 a4
0x00007ffe47bce179:   61 f6 ff ff c3 3b 5e 18 72 cd 48 8b 5e 10 8b 46
0x00007ffe47bce189:   20 4c 8d 34 c3 49 3b de 73 54 48 8b 3b 8b 47 2c
0x00007ffe47bce199:   83 e0 03 3c 03 75 2e 48 8b 07 48 8b cf ff 90 88 


Stack slot to memory mapping:
stack at sp + 0 slots: 0x0000000000001b78 is an unknown value
stack at sp + 1 slots: 0x0 is NULL
stack at sp + 2 slots: 0x0000003eeb6fe470 is pointing into the stack for thread: 0x0000014b7fa648f0
stack at sp + 3 slots: 0x00007ffe47b338d1 jvm.dll
stack at sp + 4 slots: 0x0000014b7fa5ade0 points into unknown readable memory: 0x0000000000000006 | 06 00 00 00 00 00 00 00
stack at sp + 5 slots: 0x00007ffe00002000 is an unknown value
stack at sp + 6 slots: 0x0000014b3c5e0090 points into unknown readable memory: 0x0000000000000000 | 00 00 00 00 00 00 00 00
stack at sp + 7 slots: 0x0 is NULL


---------------  P R O C E S S  ---------------

Threads class SMR info:
_java_thread_list=0x0000014b43f8d880, length=95, elements={
0x0000014b7888b750, 0x0000014b7fa3db50, 0x0000014b7fa42630, 0x0000014b7fa57fb0,
0x0000014b7fa58970, 0x0000014b7fa59ad0, 0x0000014b7fa5e4a0, 0x0000014b7fa648f0,
0x0000014b7fa66260, 0x0000014b16b60e70, 0x0000014b7fa28aa0, 0x0000014b16d15900,
0x0000014b37474800, 0x0000014b36f47cd0, 0x0000014b37190050, 0x0000014b38617fc0,
0x0000014b3808e030, 0x0000014b36c159b0, 0x0000014b3736c9f0, 0x0000014b378c79e0,
0x0000014b378c7ef0, 0x0000014b378c8e20, 0x0000014b378c6ab0, 0x0000014b378c8400,
0x0000014b378ca260, 0x0000014b378c9330, 0x0000014b378c6fc0, 0x0000014b378c9840,
0x0000014b378c9d50, 0x0000014b378c74d0, 0x0000014b3957d7d0, 0x0000014b39576870,
0x0000014b3957af50, 0x0000014b3957a530, 0x0000014b39578be0, 0x0000014b395781c0,
0x0000014b395786d0, 0x0000014b3957aa40, 0x0000014b395790f0, 0x0000014b3957e1f0,
0x0000014b3957c8a0, 0x0000014b39579b10, 0x0000014b39576d80, 0x0000014b3957cdb0,
0x0000014b3957b460, 0x0000014b39577290, 0x0000014b3957be80, 0x0000014b3957c390,
0x0000014b3957dce0, 0x0000014b3957d2c0, 0x0000014b39577cb0, 0x0000014b3b647f10,
0x0000014b3b642900, 0x0000014b3b648420, 0x0000014b3b648930, 0x0000014b3b646ad0,
0x0000014b3b648e40, 0x0000014b3b649350, 0x0000014b3b643d40, 0x0000014b3b644c70,
0x0000014b3b649860, 0x0000014b3b6460b0, 0x0000014b3b649d70, 0x0000014b3b643320,
0x0000014b3b645690, 0x0000014b3b644250, 0x0000014b3b645180, 0x0000014b3bcec5a0,
0x0000014b3bce7ec0, 0x0000014b3bceb670, 0x0000014b3bce5b50, 0x0000014b3bcebb80,
0x0000014b3bcec090, 0x0000014b3bceb160, 0x0000014b3bce5130, 0x0000014b3bcecab0,
0x0000014b38ba9790, 0x0000014b3bce5640, 0x0000014b3bce83d0, 0x0000014b3bce9d20,
0x0000014b3bce6060, 0x0000014b3bce6f90, 0x0000014b3bce6a80, 0x0000014b378c8910,
0x0000014b36eface0, 0x0000014b36efbc10, 0x0000014b36efa2c0, 0x0000014b36effde0,
0x0000014b36efdf80, 0x0000014b36f00800, 0x0000014b36efe490, 0x0000014b36efe9a0,
0x0000014b36efc630, 0x0000014b36ef9db0, 0x0000014b36f002f0
}

Java Threads: ( => current thread )
  0x0000014b7888b750 JavaThread "main" [_thread_blocked, id=14004, stack(0x0000003eea900000,0x0000003eeaa00000)]
  0x0000014b7fa3db50 JavaThread "Reference Handler" daemon [_thread_blocked, id=8048, stack(0x0000003eeb000000,0x0000003eeb100000)]
  0x0000014b7fa42630 JavaThread "Finalizer" daemon [_thread_blocked, id=13540, stack(0x0000003eeb100000,0x0000003eeb200000)]
  0x0000014b7fa57fb0 JavaThread "Signal Dispatcher" daemon [_thread_blocked, id=9172, stack(0x0000003eeb200000,0x0000003eeb300000)]
  0x0000014b7fa58970 JavaThread "Attach Listener" daemon [_thread_blocked, id=14016, stack(0x0000003eeb300000,0x0000003eeb400000)]
  0x0000014b7fa59ad0 JavaThread "Service Thread" daemon [_thread_blocked, id=10280, stack(0x0000003eeb400000,0x0000003eeb500000)]
  0x0000014b7fa5e4a0 JavaThread "Monitor Deflation Thread" daemon [_thread_blocked, id=12436, stack(0x0000003eeb500000,0x0000003eeb600000)]
=>0x0000014b7fa648f0 JavaThread "C2 CompilerThread0" daemon [_thread_in_native, id=10152, stack(0x0000003eeb600000,0x0000003eeb700000)]
  0x0000014b7fa66260 JavaThread "C1 CompilerThread0" daemon [_thread_blocked, id=1884, stack(0x0000003eeb700000,0x0000003eeb800000)]
  0x0000014b16b60e70 JavaThread "Sweeper thread" daemon [_thread_blocked, id=13564, stack(0x0000003eeb800000,0x0000003eeb900000)]
  0x0000014b7fa28aa0 JavaThread "Common-Cleaner" daemon [_thread_blocked, id=8660, stack(0x0000003eeb900000,0x0000003eeba00000)]
  0x0000014b16d15900 JavaThread "Notification Thread" daemon [_thread_blocked, id=8152, stack(0x0000003eebb00000,0x0000003eebc00000)]
  0x0000014b37474800 JavaThread "Daemon health stats" [_thread_blocked, id=5072, stack(0x0000003eec100000,0x0000003eec200000)]
  0x0000014b36f47cd0 JavaThread "Incoming local TCP Connector on port 56248" [_thread_in_native, id=11524, stack(0x0000003eec200000,0x0000003eec300000)]
  0x0000014b37190050 JavaThread "Daemon periodic checks" [_thread_blocked, id=7052, stack(0x0000003eec300000,0x0000003eec400000)]
  0x0000014b38617fc0 JavaThread "Daemon" [_thread_blocked, id=10604, stack(0x0000003eec400000,0x0000003eec500000)]
  0x0000014b3808e030 JavaThread "Handler for socket connection from /127.0.0.1:56248 to /127.0.0.1:56249" [_thread_in_native, id=10244, stack(0x0000003eec500000,0x0000003eec600000)]
  0x0000014b36c159b0 JavaThread "Cancel handler" [_thread_blocked, id=16380, stack(0x0000003eec600000,0x0000003eec700000)]
  0x0000014b3736c9f0 JavaThread "Daemon worker" [_thread_blocked, id=15756, stack(0x0000003eec700000,0x0000003eec800000)]
  0x0000014b378c79e0 JavaThread "Asynchronous log dispatcher for DefaultDaemonConnection: socket connection from /127.0.0.1:56248 to /127.0.0.1:56249" [_thread_blocked, id=11112, stack(0x0000003eec800000,0x0000003eec900000)]
  0x0000014b378c7ef0 JavaThread "Stdin handler" [_thread_blocked, id=1028, stack(0x0000003eec900000,0x0000003eeca00000)]
  0x0000014b378c8e20 JavaThread "Daemon client event forwarder" [_thread_blocked, id=16932, stack(0x0000003eeca00000,0x0000003eecb00000)]
  0x0000014b378c6ab0 JavaThread "Cache worker for journal cache (C:\Users\Niaz Designer\.gradle\caches\journal-1)" [_thread_blocked, id=9444, stack(0x0000003eecb00000,0x0000003eecc00000)]
  0x0000014b378c8400 JavaThread "File lock request listener" [_thread_in_native, id=13264, stack(0x0000003eecc00000,0x0000003eecd00000)]
  0x0000014b378ca260 JavaThread "Cache worker for file hash cache (C:\Users\Niaz Designer\.gradle\caches\8.3\fileHashes)" [_thread_blocked, id=14200, stack(0x0000003eecd00000,0x0000003eece00000)]
  0x0000014b378c9330 JavaThread "File watcher server" daemon [_thread_in_native, id=3944, stack(0x0000003eece00000,0x0000003eecf00000)]
  0x0000014b378c6fc0 JavaThread "File watcher consumer" daemon [_thread_blocked, id=15100, stack(0x0000003eecf00000,0x0000003eed000000)]
  0x0000014b378c9840 JavaThread "Cache worker for checksums cache (C:\Shahid\ReactNative\BloodDonation\android\.gradle\8.3\checksums)" [_thread_blocked, id=13688, stack(0x0000003eed000000,0x0000003eed100000)]
  0x0000014b378c9d50 JavaThread "Cache worker for file hash cache (C:\Shahid\ReactNative\BloodDonation\android\.gradle\8.3\fileHashes)" [_thread_blocked, id=14024, stack(0x0000003eed100000,0x0000003eed200000)]
  0x0000014b378c74d0 JavaThread "Cache worker for cache directory md-supplier (C:\Users\Niaz Designer\.gradle\caches\8.3\md-supplier)" [_thread_blocked, id=16424, stack(0x0000003eed200000,0x0000003eed300000)]
  0x0000014b3957d7d0 JavaThread "Cache worker for file content cache (C:\Users\Niaz Designer\.gradle\caches\8.3\fileContent)" [_thread_blocked, id=7604, stack(0x0000003eed300000,0x0000003eed400000)]
  0x0000014b39576870 JavaThread "Cache worker for cache directory md-rule (C:\Users\Niaz Designer\.gradle\caches\8.3\md-rule)" [_thread_blocked, id=8936, stack(0x0000003eed400000,0x0000003eed500000)]
  0x0000014b3957af50 JavaThread "Cache worker for execution history cache (C:\Users\Niaz Designer\.gradle\caches\8.3\executionHistory)" [_thread_blocked, id=7608, stack(0x0000003eed500000,0x0000003eed600000)]
  0x0000014b3957a530 JavaThread "jar transforms" [_thread_blocked, id=15344, stack(0x0000003eed600000,0x0000003eed700000)]
  0x0000014b39578be0 JavaThread "jar transforms Thread 2" [_thread_blocked, id=1184, stack(0x0000003eed700000,0x0000003eed800000)]
  0x0000014b395781c0 JavaThread "jar transforms Thread 3" [_thread_blocked, id=2284, stack(0x0000003eed800000,0x0000003eed900000)]
  0x0000014b395786d0 JavaThread "jar transforms Thread 4" [_thread_blocked, id=15892, stack(0x0000003eed900000,0x0000003eeda00000)]
  0x0000014b3957aa40 JavaThread "Cache worker for kotlin-dsl (C:\Users\Niaz Designer\.gradle\caches\8.3\kotlin-dsl)" [_thread_blocked, id=11012, stack(0x0000003eeda00000,0x0000003eedb00000)]
  0x0000014b395790f0 JavaThread "Unconstrained build operations" [_thread_blocked, id=9384, stack(0x0000003eebd00000,0x0000003eebe00000)]
  0x0000014b3957e1f0 JavaThread "Unconstrained build operations Thread 2" [_thread_blocked, id=9292, stack(0x0000003eedc00000,0x0000003eedd00000)]
  0x0000014b3957c8a0 JavaThread "Cache worker for dependencies-accessors (C:\Shahid\ReactNative\BloodDonation\android\.gradle\8.3\dependencies-accessors)" [_thread_blocked, id=1628, stack(0x0000003eede00000,0x0000003eedf00000)]
  0x0000014b39579b10 JavaThread "Cache worker for Build Output Cleanup Cache (C:\Shahid\ReactNative\BloodDonation\node_modules\@react-native\gradle-plugin\.gradle\buildOutputCleanup)" [_thread_blocked, id=15760, stack(0x0000003eedf00000,0x0000003eee000000)]
  0x0000014b39576d80 JavaThread "Unconstrained build operations Thread 3" [_thread_blocked, id=5720, stack(0x0000003eee000000,0x0000003eee100000)]
  0x0000014b3957cdb0 JavaThread "Unconstrained build operations Thread 4" [_thread_blocked, id=5704, stack(0x0000003eee100000,0x0000003eee200000)]
  0x0000014b3957b460 JavaThread "Unconstrained build operations Thread 5" [_thread_blocked, id=13272, stack(0x0000003eee200000,0x0000003eee300000)]
  0x0000014b39577290 JavaThread "Memory manager" [_thread_blocked, id=9792, stack(0x0000003eee300000,0x0000003eee400000)]
  0x0000014b3957be80 JavaThread "Cache worker for Build Output Cleanup Cache (C:\Shahid\ReactNative\BloodDonation\android\.gradle\buildOutputCleanup)" [_thread_blocked, id=16860, stack(0x0000003eee400000,0x0000003eee500000)]
  0x0000014b3957c390 JavaThread "ForkJoinPool.commonPool-worker-1" daemon [_thread_blocked, id=3572, stack(0x0000003eee500000,0x0000003eee600000)]
  0x0000014b3957dce0 JavaThread "ForkJoinPool.commonPool-worker-2" daemon [_thread_blocked, id=7372, stack(0x0000003eee600000,0x0000003eee700000)]
  0x0000014b3957d2c0 JavaThread "ForkJoinPool.commonPool-worker-3" daemon [_thread_blocked, id=16088, stack(0x0000003eee700000,0x0000003eee800000)]
  0x0000014b39577cb0 JavaThread "Exec process" [_thread_blocked, id=7896, stack(0x0000003eee800000,0x0000003eee900000)]
  0x0000014b3b647f10 JavaThread "Exec process Thread 2" [_thread_blocked, id=3420, stack(0x0000003eee900000,0x0000003eeea00000)]
  0x0000014b3b642900 JavaThread "Exec process Thread 3" [_thread_blocked, id=16416, stack(0x0000003eeea00000,0x0000003eeeb00000)]
  0x0000014b3b648420 JavaThread "included builds" [_thread_blocked, id=15460, stack(0x0000003eeeb00000,0x0000003eeec00000)]
  0x0000014b3b648930 JavaThread "Execution worker" [_thread_blocked, id=16472, stack(0x0000003eeec00000,0x0000003eeed00000)]
  0x0000014b3b646ad0 JavaThread "Execution worker Thread 2" [_thread_blocked, id=416, stack(0x0000003eeed00000,0x0000003eeee00000)]
  0x0000014b3b648e40 JavaThread "Execution worker Thread 3" [_thread_in_Java, id=5104, stack(0x0000003eeee00000,0x0000003eeef00000)]
  0x0000014b3b649350 JavaThread "Cache worker for execution history cache (C:\Shahid\ReactNative\BloodDonation\node_modules\@react-native\gradle-plugin\.gradle\8.3\executionHistory)" [_thread_blocked, id=13104, stack(0x0000003eeef00000,0x0000003eef000000)]
  0x0000014b3b643d40 JavaThread "Unconstrained build operations Thread 6" [_thread_blocked, id=8716, stack(0x0000003eef000000,0x0000003eef100000)]
  0x0000014b3b644c70 JavaThread "Unconstrained build operations Thread 7" [_thread_blocked, id=2772, stack(0x0000003eef100000,0x0000003eef200000)]
  0x0000014b3b649860 JavaThread "Unconstrained build operations Thread 8" [_thread_blocked, id=5180, stack(0x0000003eef200000,0x0000003eef300000)]
  0x0000014b3b6460b0 JavaThread "Unconstrained build operations Thread 9" [_thread_blocked, id=13976, stack(0x0000003eef300000,0x0000003eef400000)]
  0x0000014b3b649d70 JavaThread "Unconstrained build operations Thread 10" [_thread_blocked, id=6548, stack(0x0000003eef400000,0x0000003eef500000)]
  0x0000014b3b643320 JavaThread "Unconstrained build operations Thread 11" [_thread_blocked, id=10316, stack(0x0000003eef500000,0x0000003eef600000)]
  0x0000014b3b645690 JavaThread "Unconstrained build operations Thread 12" [_thread_blocked, id=7188, stack(0x0000003eef600000,0x0000003eef700000)]
  0x0000014b3b644250 JavaThread "Unconstrained build operations Thread 13" [_thread_blocked, id=11520, stack(0x0000003eef700000,0x0000003eef800000)]
  0x0000014b3b645180 JavaThread "Unconstrained build operations Thread 14" [_thread_blocked, id=4896, stack(0x0000003eef800000,0x0000003eef900000)]
  0x0000014b3bcec5a0 JavaThread "Unconstrained build operations Thread 15" [_thread_blocked, id=9020, stack(0x0000003eef900000,0x0000003eefa00000)]
  0x0000014b3bce7ec0 JavaThread "Unconstrained build operations Thread 16" [_thread_blocked, id=8120, stack(0x0000003eefa00000,0x0000003eefb00000)]
  0x0000014b3bceb670 JavaThread "Unconstrained build operations Thread 17" [_thread_blocked, id=11952, stack(0x0000003eefb00000,0x0000003eefc00000)]
  0x0000014b3bce5b50 JavaThread "Unconstrained build operations Thread 18" [_thread_blocked, id=1700, stack(0x0000003eefc00000,0x0000003eefd00000)]
  0x0000014b3bcebb80 JavaThread "Unconstrained build operations Thread 19" [_thread_blocked, id=3892, stack(0x0000003eefd00000,0x0000003eefe00000)]
  0x0000014b3bcec090 JavaThread "Unconstrained build operations Thread 20" [_thread_blocked, id=16964, stack(0x0000003eefe00000,0x0000003eeff00000)]
  0x0000014b3bceb160 JavaThread "Unconstrained build operations Thread 21" [_thread_blocked, id=8028, stack(0x0000003eeff00000,0x0000003ef0000000)]
  0x0000014b3bce5130 JavaThread "Unconstrained build operations Thread 22" [_thread_blocked, id=13824, stack(0x0000003ef0000000,0x0000003ef0100000)]
  0x0000014b3bcecab0 JavaThread "Unconstrained build operations Thread 23" [_thread_blocked, id=6068, stack(0x0000003ef0100000,0x0000003ef0200000)]
  0x0000014b38ba9790 JavaThread "C2 CompilerThread1" daemon [_thread_in_native, id=14140, stack(0x0000003eedd00000,0x0000003eede00000)]
  0x0000014b3bce5640 JavaThread "Unconstrained build operations Thread 24" [_thread_blocked, id=14096, stack(0x0000003ef0400000,0x0000003ef0500000)]
  0x0000014b3bce83d0 JavaThread "Unconstrained build operations Thread 25" [_thread_blocked, id=2444, stack(0x0000003ef0500000,0x0000003ef0600000)]
  0x0000014b3bce9d20 JavaThread "Unconstrained build operations Thread 26" [_thread_blocked, id=16504, stack(0x0000003ef0600000,0x0000003ef0700000)]
  0x0000014b3bce6060 JavaThread "Unconstrained build operations Thread 27" [_thread_blocked, id=8780, stack(0x0000003ef0700000,0x0000003ef0800000)]
  0x0000014b3bce6f90 JavaThread "Unconstrained build operations Thread 28" [_thread_blocked, id=16596, stack(0x0000003ef0800000,0x0000003ef0900000)]
  0x0000014b3bce6a80 JavaThread "Unconstrained build operations Thread 29" [_thread_blocked, id=14596, stack(0x0000003ef0900000,0x0000003ef0a00000)]
  0x0000014b378c8910 JavaThread "Unconstrained build operations Thread 30" [_thread_blocked, id=12504, stack(0x0000003ef0a00000,0x0000003ef0b00000)]
  0x0000014b36eface0 JavaThread "Unconstrained build operations Thread 31" [_thread_blocked, id=6560, stack(0x0000003ef0b00000,0x0000003ef0c00000)]
  0x0000014b36efbc10 JavaThread "Unconstrained build operations Thread 32" [_thread_blocked, id=2544, stack(0x0000003ef0c00000,0x0000003ef0d00000)]
  0x0000014b36efa2c0 JavaThread "Unconstrained build operations Thread 33" [_thread_blocked, id=10880, stack(0x0000003ef0d00000,0x0000003ef0e00000)]
  0x0000014b36effde0 JavaThread "Unconstrained build operations Thread 34" [_thread_blocked, id=12852, stack(0x0000003ef0e00000,0x0000003ef0f00000)]
  0x0000014b36efdf80 JavaThread "Unconstrained build operations Thread 35" [_thread_blocked, id=6996, stack(0x0000003ef0f00000,0x0000003ef1000000)]
  0x0000014b36f00800 JavaThread "Unconstrained build operations Thread 36" [_thread_blocked, id=7916, stack(0x0000003ef1000000,0x0000003ef1100000)]
  0x0000014b36efe490 JavaThread "Unconstrained build operations Thread 37" [_thread_blocked, id=15588, stack(0x0000003ef1100000,0x0000003ef1200000)]
  0x0000014b36efe9a0 JavaThread "Unconstrained build operations Thread 38" [_thread_blocked, id=4268, stack(0x0000003ef1200000,0x0000003ef1300000)]
  0x0000014b36efc630 JavaThread "Unconstrained build operations Thread 39" [_thread_blocked, id=3912, stack(0x0000003ef1300000,0x0000003ef1400000)]
  0x0000014b36ef9db0 JavaThread "Unconstrained build operations Thread 40" [_thread_blocked, id=9432, stack(0x0000003ef1400000,0x0000003ef1500000)]
  0x0000014b36f002f0 JavaThread "Cache worker for execution history cache (C:\Shahid\ReactNative\BloodDonation\android\.gradle\8.3\executionHistory)" [_thread_blocked, id=1204, stack(0x0000003ef1500000,0x0000003ef1600000)]

Other Threads:
  0x0000014b7fa3a050 VMThread "VM Thread" [stack: 0x0000003eeaf00000,0x0000003eeb000000] [id=6332]
  0x0000014b7888d030 WatcherThread [stack: 0x0000003eebc00000,0x0000003eebd00000] [id=15024]
  0x0000014b788e7f00 GCTaskThread "GC Thread#0" [stack: 0x0000003eeaa00000,0x0000003eeab00000] [id=6504]
  0x0000014b16d0ffc0 GCTaskThread "GC Thread#1" [stack: 0x0000003eebe00000,0x0000003eebf00000] [id=7624]
  0x0000014b360f0550 GCTaskThread "GC Thread#2" [stack: 0x0000003eebf00000,0x0000003eec000000] [id=15840]
  0x0000014b16e85660 GCTaskThread "GC Thread#3" [stack: 0x0000003eec000000,0x0000003eec100000] [id=14576]
  0x0000014b788f8cf0 ConcurrentGCThread "G1 Main Marker" [stack: 0x0000003eeab00000,0x0000003eeac00000] [id=6376]
  0x0000014b788f95b0 ConcurrentGCThread "G1 Conc#0" [stack: 0x0000003eeac00000,0x0000003eead00000] [id=5816]
  0x0000014b7893ea60 ConcurrentGCThread "G1 Refine#0" [stack: 0x0000003eead00000,0x0000003eeae00000] [id=11876]
  0x0000014b7f8f4570 ConcurrentGCThread "G1 Service" [stack: 0x0000003eeae00000,0x0000003eeaf00000] [id=7256]

Threads with active compile tasks:
C2 CompilerThread0    38632 16658       4       org.gradle.cache.internal.AsyncCacheAccessDecoratedCache$$Lambda$514/0x0000014b1847fd48::create (12 bytes)
C2 CompilerThread1    38632 16778       4       org.gradle.cache.internal.btree.FreeListBlockStore::read (12 bytes)

VM state: not at safepoint (normal execution)

VM Mutex/Monitor currently owned by a thread: None

Heap address: 0x0000000080000000, size: 2048 MB, Compressed Oops mode: 32-bit

CDS archive(s) mapped at: [0x0000014b17000000-0x0000014b17bd0000-0x0000014b17bd0000), size 12386304, SharedBaseAddress: 0x0000014b17000000, ArchiveRelocationMode: 1.
Compressed class space mapped at: 0x0000014b18000000-0x0000014b32000000, reserved size: 436207616
Narrow klass base: 0x0000014b17000000, Narrow klass shift: 0, Narrow klass range: 0x100000000

GC Precious Log:
 CPUs: 4 total, 4 available
 Memory: 16263M
 Large Page Support: Disabled
 NUMA Support: Disabled
 Compressed Oops: Enabled (32-bit)
 Heap Region Size: 1M
 Heap Min Capacity: 8M
 Heap Initial Capacity: 256M
 Heap Max Capacity: 2G
 Pre-touch: Disabled
 Parallel Workers: 4
 Concurrent Workers: 1
 Concurrent Refinement Workers: 4
 Periodic GC: Disabled

Heap:
 garbage-first heap   total 267264K, used 237525K [0x0000000080000000, 0x0000000100000000)
  region size 1024K, 13 young (13312K), 2 survivors (2048K)
 Metaspace       used 109422K, committed 110784K, reserved 557056K
  class space    used 15193K, committed 15808K, reserved 425984K

Heap Regions: E=young(eden), S=young(survivor), O=old, HS=humongous(starts), HC=humongous(continues), CS=collection set, F=free, OA=open archive, CA=closed archive, TAMS=top-at-mark-start (previous, next)
|   0|0x0000000080000000, 0x0000000080100000, 0x0000000080100000|100%| O|  |TAMS 0x0000000080100000, 0x0000000080000000| Untracked 
|   1|0x0000000080100000, 0x0000000080200000, 0x0000000080200000|100%| O|  |TAMS 0x0000000080200000, 0x0000000080100000| Untracked 
|   2|0x0000000080200000, 0x0000000080300000, 0x0000000080300000|100%|HS|  |TAMS 0x0000000080300000, 0x0000000080200000| Complete 
|   3|0x0000000080300000, 0x0000000080400000, 0x0000000080400000|100%|HC|  |TAMS 0x0000000080400000, 0x0000000080300000| Complete 
|   4|0x0000000080400000, 0x0000000080500000, 0x0000000080500000|100%|HC|  |TAMS 0x0000000080500000, 0x0000000080400000| Complete 
|   5|0x0000000080500000, 0x0000000080600000, 0x0000000080600000|100%|HC|  |TAMS 0x0000000080600000, 0x0000000080500000| Complete 
|   6|0x0000000080600000, 0x0000000080700000, 0x0000000080700000|100%| O|  |TAMS 0x0000000080700000, 0x0000000080600000| Untracked 
|   7|0x0000000080700000, 0x0000000080800000, 0x0000000080800000|100%| O|  |TAMS 0x0000000080800000, 0x0000000080700000| Untracked 
|   8|0x0000000080800000, 0x0000000080900000, 0x0000000080900000|100%| O|  |TAMS 0x0000000080900000, 0x0000000080800000| Untracked 
|   9|0x0000000080900000, 0x0000000080a00000, 0x0000000080a00000|100%| O|  |TAMS 0x0000000080a00000, 0x0000000080900000| Untracked 
|  10|0x0000000080a00000, 0x0000000080b00000, 0x0000000080b00000|100%| O|  |TAMS 0x0000000080b00000, 0x0000000080a00000| Untracked 
|  11|0x0000000080b00000, 0x0000000080c00000, 0x0000000080c00000|100%| O|  |TAMS 0x0000000080b00000, 0x0000000080b00000| Untracked 
|  12|0x0000000080c00000, 0x0000000080d00000, 0x0000000080d00000|100%| O|  |TAMS 0x0000000080d00000, 0x0000000080c00000| Untracked 
|  13|0x0000000080d00000, 0x0000000080e00000, 0x0000000080e00000|100%| O|  |TAMS 0x0000000080e00000, 0x0000000080d00000| Untracked 
|  14|0x0000000080e00000, 0x0000000080f00000, 0x0000000080f00000|100%| O|  |TAMS 0x0000000080f00000, 0x0000000080e00000| Untracked 
|  15|0x0000000080f00000, 0x0000000081000000, 0x0000000081000000|100%| O|  |TAMS 0x0000000081000000, 0x0000000080f00000| Untracked 
|  16|0x0000000081000000, 0x0000000081100000, 0x0000000081100000|100%| O|  |TAMS 0x0000000081100000, 0x0000000081000000| Untracked 
|  17|0x0000000081100000, 0x0000000081200000, 0x0000000081200000|100%| O|  |TAMS 0x0000000081200000, 0x0000000081100000| Untracked 
|  18|0x0000000081200000, 0x0000000081300000, 0x0000000081300000|100%| O|  |TAMS 0x0000000081300000, 0x0000000081200000| Untracked 
|  19|0x0000000081300000, 0x0000000081400000, 0x0000000081400000|100%| O|  |TAMS 0x0000000081400000, 0x0000000081300000| Untracked 
|  20|0x0000000081400000, 0x0000000081500000, 0x0000000081500000|100%| O|  |TAMS 0x0000000081500000, 0x0000000081400000| Untracked 
|  21|0x0000000081500000, 0x0000000081600000, 0x0000000081600000|100%| O|  |TAMS 0x0000000081600000, 0x0000000081500000| Untracked 
|  22|0x0000000081600000, 0x0000000081700000, 0x0000000081700000|100%| O|  |TAMS 0x0000000081700000, 0x0000000081600000| Untracked 
|  23|0x0000000081700000, 0x0000000081800000, 0x0000000081800000|100%| O|  |TAMS 0x0000000081800000, 0x0000000081700000| Untracked 
|  24|0x0000000081800000, 0x0000000081900000, 0x0000000081900000|100%| O|  |TAMS 0x0000000081900000, 0x0000000081800000| Untracked 
|  25|0x0000000081900000, 0x0000000081a00000, 0x0000000081a00000|100%| O|  |TAMS 0x0000000081a00000, 0x0000000081900000| Untracked 
|  26|0x0000000081a00000, 0x0000000081b00000, 0x0000000081b00000|100%| O|  |TAMS 0x0000000081b00000, 0x0000000081a00000| Untracked 
|  27|0x0000000081b00000, 0x0000000081c00000, 0x0000000081c00000|100%| O|  |TAMS 0x0000000081c00000, 0x0000000081b00000| Untracked 
|  28|0x0000000081c00000, 0x0000000081d00000, 0x0000000081d00000|100%| O|  |TAMS 0x0000000081d00000, 0x0000000081c00000| Untracked 
|  29|0x0000000081d00000, 0x0000000081e00000, 0x0000000081e00000|100%| O|  |TAMS 0x0000000081e00000, 0x0000000081d00000| Untracked 
|  30|0x0000000081e00000, 0x0000000081f00000, 0x0000000081f00000|100%| O|  |TAMS 0x0000000081f00000, 0x0000000081e00000| Untracked 
|  31|0x0000000081f00000, 0x0000000082000000, 0x0000000082000000|100%| O|  |TAMS 0x0000000082000000, 0x0000000081f00000| Untracked 
|  32|0x0000000082000000, 0x0000000082100000, 0x0000000082100000|100%| O|  |TAMS 0x0000000082100000, 0x0000000082000000| Untracked 
|  33|0x0000000082100000, 0x0000000082200000, 0x0000000082200000|100%| O|  |TAMS 0x0000000082200000, 0x0000000082100000| Untracked 
|  34|0x0000000082200000, 0x0000000082300000, 0x0000000082300000|100%|HS|  |TAMS 0x0000000082300000, 0x0000000082200000| Complete 
|  35|0x0000000082300000, 0x0000000082400000, 0x0000000082400000|100%|HC|  |TAMS 0x0000000082400000, 0x0000000082300000| Complete 
|  36|0x0000000082400000, 0x0000000082500000, 0x0000000082500000|100%|HS|  |TAMS 0x0000000082500000, 0x0000000082400000| Complete 
|  37|0x0000000082500000, 0x0000000082600000, 0x0000000082600000|100%|HC|  |TAMS 0x0000000082600000, 0x0000000082500000| Complete 
|  38|0x0000000082600000, 0x0000000082700000, 0x0000000082700000|100%|HS|  |TAMS 0x0000000082700000, 0x0000000082600000| Complete 
|  39|0x0000000082700000, 0x0000000082800000, 0x0000000082800000|100%|HC|  |TAMS 0x0000000082800000, 0x0000000082700000| Complete 
|  40|0x0000000082800000, 0x0000000082900000, 0x0000000082900000|100%|HC|  |TAMS 0x0000000082900000, 0x0000000082800000| Complete 
|  41|0x0000000082900000, 0x0000000082a00000, 0x0000000082a00000|100%|HC|  |TAMS 0x0000000082a00000, 0x0000000082900000| Complete 
|  42|0x0000000082a00000, 0x0000000082b00000, 0x0000000082b00000|100%| O|  |TAMS 0x0000000082b00000, 0x0000000082a00000| Untracked 
|  43|0x0000000082b00000, 0x0000000082c00000, 0x0000000082c00000|100%| O|  |TAMS 0x0000000082c00000, 0x0000000082b00000| Untracked 
|  44|0x0000000082c00000, 0x0000000082d00000, 0x0000000082d00000|100%| O|  |TAMS 0x0000000082d00000, 0x0000000082c00000| Untracked 
|  45|0x0000000082d00000, 0x0000000082e00000, 0x0000000082e00000|100%| O|  |TAMS 0x0000000082e00000, 0x0000000082d00000| Untracked 
|  46|0x0000000082e00000, 0x0000000082f00000, 0x0000000082f00000|100%| O|  |TAMS 0x0000000082f00000, 0x0000000082e00000| Untracked 
|  47|0x0000000082f00000, 0x0000000083000000, 0x0000000083000000|100%|HS|  |TAMS 0x0000000083000000, 0x0000000082f00000| Complete 
|  48|0x0000000083000000, 0x0000000083100000, 0x0000000083100000|100%|HC|  |TAMS 0x0000000083100000, 0x0000000083000000| Complete 
|  49|0x0000000083100000, 0x0000000083200000, 0x0000000083200000|100%|HC|  |TAMS 0x0000000083200000, 0x0000000083100000| Complete 
|  50|0x0000000083200000, 0x0000000083300000, 0x0000000083300000|100%|HC|  |TAMS 0x0000000083300000, 0x0000000083200000| Complete 
|  51|0x0000000083300000, 0x0000000083400000, 0x0000000083400000|100%| O|  |TAMS 0x0000000083400000, 0x0000000083300000| Untracked 
|  52|0x0000000083400000, 0x0000000083500000, 0x0000000083500000|100%| O|  |TAMS 0x0000000083500000, 0x0000000083400000| Untracked 
|  53|0x0000000083500000, 0x0000000083600000, 0x0000000083600000|100%| O|  |TAMS 0x0000000083600000, 0x0000000083500000| Untracked 
|  54|0x0000000083600000, 0x0000000083700000, 0x0000000083700000|100%| O|  |TAMS 0x0000000083700000, 0x0000000083600000| Untracked 
|  55|0x0000000083700000, 0x0000000083800000, 0x0000000083800000|100%| O|  |TAMS 0x0000000083800000, 0x0000000083700000| Untracked 
|  56|0x0000000083800000, 0x0000000083900000, 0x0000000083900000|100%| O|  |TAMS 0x0000000083900000, 0x0000000083800000| Untracked 
|  57|0x0000000083900000, 0x0000000083a00000, 0x0000000083a00000|100%| O|  |TAMS 0x0000000083a00000, 0x0000000083900000| Untracked 
|  58|0x0000000083a00000, 0x0000000083b00000, 0x0000000083b00000|100%| O|  |TAMS 0x0000000083b00000, 0x0000000083a00000| Untracked 
|  59|0x0000000083b00000, 0x0000000083c00000, 0x0000000083c00000|100%| O|  |TAMS 0x0000000083c00000, 0x0000000083b00000| Untracked 
|  60|0x0000000083c00000, 0x0000000083d00000, 0x0000000083d00000|100%| O|  |TAMS 0x0000000083d00000, 0x0000000083c00000| Untracked 
|  61|0x0000000083d00000, 0x0000000083e00000, 0x0000000083e00000|100%| O|  |TAMS 0x0000000083e00000, 0x0000000083d00000| Untracked 
|  62|0x0000000083e00000, 0x0000000083f00000, 0x0000000083f00000|100%| O|  |TAMS 0x0000000083f00000, 0x0000000083e00000| Untracked 
|  63|0x0000000083f00000, 0x0000000084000000, 0x0000000084000000|100%| O|  |TAMS 0x0000000084000000, 0x0000000083f00000| Untracked 
|  64|0x0000000084000000, 0x0000000084100000, 0x0000000084100000|100%| O|  |TAMS 0x0000000084100000, 0x0000000084000000| Untracked 
|  65|0x0000000084100000, 0x0000000084200000, 0x0000000084200000|100%| O|  |TAMS 0x0000000084200000, 0x0000000084100000| Untracked 
|  66|0x0000000084200000, 0x0000000084300000, 0x0000000084300000|100%| O|  |TAMS 0x0000000084300000, 0x0000000084200000| Untracked 
|  67|0x0000000084300000, 0x0000000084400000, 0x0000000084400000|100%| O|  |TAMS 0x0000000084400000, 0x0000000084300000| Untracked 
|  68|0x0000000084400000, 0x0000000084500000, 0x0000000084500000|100%| O|  |TAMS 0x0000000084400000, 0x0000000084400000| Untracked 
|  69|0x0000000084500000, 0x0000000084600000, 0x0000000084600000|100%|HS|  |TAMS 0x0000000084600000, 0x0000000084500000| Complete 
|  70|0x0000000084600000, 0x0000000084700000, 0x0000000084700000|100%|HS|  |TAMS 0x0000000084700000, 0x0000000084600000| Complete 
|  71|0x0000000084700000, 0x0000000084800000, 0x0000000084800000|100%|HS|  |TAMS 0x0000000084800000, 0x0000000084700000| Complete 
|  72|0x0000000084800000, 0x0000000084900000, 0x0000000084900000|100%| O|  |TAMS 0x0000000084900000, 0x0000000084800000| Untracked 
|  73|0x0000000084900000, 0x0000000084a00000, 0x0000000084a00000|100%|HS|  |TAMS 0x0000000084a00000, 0x0000000084900000| Complete 
|  74|0x0000000084a00000, 0x0000000084b00000, 0x0000000084b00000|100%| O|  |TAMS 0x0000000084b00000, 0x0000000084a00000| Untracked 
|  75|0x0000000084b00000, 0x0000000084c00000, 0x0000000084c00000|100%| O|  |TAMS 0x0000000084c00000, 0x0000000084b00000| Untracked 
|  76|0x0000000084c00000, 0x0000000084d00000, 0x0000000084d00000|100%| O|  |TAMS 0x0000000084d00000, 0x0000000084c00000| Untracked 
|  77|0x0000000084d00000, 0x0000000084e00000, 0x0000000084e00000|100%| O|  |TAMS 0x0000000084e00000, 0x0000000084d00000| Untracked 
|  78|0x0000000084e00000, 0x0000000084f00000, 0x0000000084f00000|100%| O|  |TAMS 0x0000000084f00000, 0x0000000084e00000| Untracked 
|  79|0x0000000084f00000, 0x0000000085000000, 0x0000000085000000|100%| O|  |TAMS 0x0000000085000000, 0x0000000084f00000| Untracked 
|  80|0x0000000085000000, 0x0000000085100000, 0x0000000085100000|100%| O|  |TAMS 0x0000000085100000, 0x0000000085000000| Untracked 
|  81|0x0000000085100000, 0x0000000085200000, 0x0000000085200000|100%| O|  |TAMS 0x0000000085100000, 0x0000000085100000| Untracked 
|  82|0x0000000085200000, 0x0000000085300000, 0x0000000085300000|100%| O|  |TAMS 0x0000000085300000, 0x0000000085200000| Untracked 
|  83|0x0000000085300000, 0x0000000085400000, 0x0000000085400000|100%| O|  |TAMS 0x0000000085300000, 0x0000000085300000| Untracked 
|  84|0x0000000085400000, 0x0000000085500000, 0x0000000085500000|100%| O|  |TAMS 0x0000000085400000, 0x0000000085400000| Untracked 
|  85|0x0000000085500000, 0x0000000085600000, 0x0000000085600000|100%| O|  |TAMS 0x0000000085600000, 0x0000000085500000| Untracked 
|  86|0x0000000085600000, 0x0000000085700000, 0x0000000085700000|100%| O|  |TAMS 0x0000000085600000, 0x0000000085600000| Untracked 
|  87|0x0000000085700000, 0x0000000085800000, 0x0000000085800000|100%| O|  |TAMS 0x0000000085800000, 0x0000000085700000| Untracked 
|  88|0x0000000085800000, 0x0000000085900000, 0x0000000085900000|100%| O|  |TAMS 0x0000000085900000, 0x0000000085800000| Untracked 
|  89|0x0000000085900000, 0x0000000085a00000, 0x0000000085a00000|100%| O|  |TAMS 0x0000000085900000, 0x0000000085900000| Untracked 
|  90|0x0000000085a00000, 0x0000000085b00000, 0x0000000085b00000|100%| O|  |TAMS 0x0000000085a00000, 0x0000000085a00000| Untracked 
|  91|0x0000000085b00000, 0x0000000085c00000, 0x0000000085c00000|100%| O|  |TAMS 0x0000000085b00000, 0x0000000085b00000| Untracked 
|  92|0x0000000085c00000, 0x0000000085d00000, 0x0000000085d00000|100%| O|  |TAMS 0x0000000085c00000, 0x0000000085c00000| Untracked 
|  93|0x0000000085d00000, 0x0000000085e00000, 0x0000000085e00000|100%| O|  |TAMS 0x0000000085d00000, 0x0000000085d00000| Untracked 
|  94|0x0000000085e00000, 0x0000000085f00000, 0x0000000085f00000|100%|HS|  |TAMS 0x0000000085e00000, 0x0000000085e00000| Complete 
|  95|0x0000000085f00000, 0x0000000086000000, 0x0000000086000000|100%|HC|  |TAMS 0x0000000085f00000, 0x0000000085f00000| Complete 
|  96|0x0000000086000000, 0x0000000086100000, 0x0000000086100000|100%|HC|  |TAMS 0x0000000086000000, 0x0000000086000000| Complete 
|  97|0x0000000086100000, 0x0000000086200000, 0x0000000086200000|100%|HS|  |TAMS 0x0000000086100000, 0x0000000086100000| Complete 
|  98|0x0000000086200000, 0x0000000086300000, 0x0000000086300000|100%|HC|  |TAMS 0x0000000086200000, 0x0000000086200000| Complete 
|  99|0x0000000086300000, 0x0000000086400000, 0x0000000086400000|100%|HS|  |TAMS 0x0000000086300000, 0x0000000086300000| Complete 
| 100|0x0000000086400000, 0x0000000086500000, 0x0000000086500000|100%|HS|  |TAMS 0x0000000086400000, 0x0000000086400000| Complete 
| 101|0x0000000086500000, 0x0000000086600000, 0x0000000086600000|100%|HS|  |TAMS 0x0000000086500000, 0x0000000086500000| Complete 
| 102|0x0000000086600000, 0x0000000086700000, 0x0000000086700000|100%|HC|  |TAMS 0x0000000086600000, 0x0000000086600000| Complete 
| 103|0x0000000086700000, 0x0000000086800000, 0x0000000086800000|100%| O|  |TAMS 0x0000000086700000, 0x0000000086700000| Untracked 
| 104|0x0000000086800000, 0x0000000086900000, 0x0000000086900000|100%| O|  |TAMS 0x0000000086800000, 0x0000000086800000| Untracked 
| 105|0x0000000086900000, 0x0000000086a00000, 0x0000000086a00000|100%| O|  |TAMS 0x0000000086900000, 0x0000000086900000| Untracked 
| 106|0x0000000086a00000, 0x0000000086b00000, 0x0000000086b00000|100%| O|  |TAMS 0x0000000086a00000, 0x0000000086a00000| Untracked 
| 107|0x0000000086b00000, 0x0000000086c00000, 0x0000000086c00000|100%| O|  |TAMS 0x0000000086b00000, 0x0000000086b00000| Untracked 
| 108|0x0000000086c00000, 0x0000000086d00000, 0x0000000086d00000|100%| O|  |TAMS 0x0000000086c00000, 0x0000000086c00000| Untracked 
| 109|0x0000000086d00000, 0x0000000086e00000, 0x0000000086e00000|100%| O|  |TAMS 0x0000000086d00000, 0x0000000086d00000| Untracked 
| 110|0x0000000086e00000, 0x0000000086f00000, 0x0000000086f00000|100%| O|  |TAMS 0x0000000086e00000, 0x0000000086e00000| Untracked 
| 111|0x0000000086f00000, 0x0000000087000000, 0x0000000087000000|100%| O|  |TAMS 0x0000000086f00000, 0x0000000086f00000| Untracked 
| 112|0x0000000087000000, 0x0000000087100000, 0x0000000087100000|100%| O|  |TAMS 0x0000000087000000, 0x0000000087000000| Untracked 
| 113|0x0000000087100000, 0x0000000087200000, 0x0000000087200000|100%| O|  |TAMS 0x0000000087100000, 0x0000000087100000| Untracked 
| 114|0x0000000087200000, 0x0000000087300000, 0x0000000087300000|100%| O|  |TAMS 0x0000000087200000, 0x0000000087200000| Untracked 
| 115|0x0000000087300000, 0x0000000087400000, 0x0000000087400000|100%| O|  |TAMS 0x0000000087300000, 0x0000000087300000| Untracked 
| 116|0x0000000087400000, 0x0000000087500000, 0x0000000087500000|100%| O|  |TAMS 0x0000000087400000, 0x0000000087400000| Untracked 
| 117|0x0000000087500000, 0x0000000087600000, 0x0000000087600000|100%| O|  |TAMS 0x0000000087500000, 0x0000000087500000| Untracked 
| 118|0x0000000087600000, 0x0000000087700000, 0x0000000087700000|100%| O|  |TAMS 0x0000000087600000, 0x0000000087600000| Untracked 
| 119|0x0000000087700000, 0x0000000087800000, 0x0000000087800000|100%| O|  |TAMS 0x0000000087700000, 0x0000000087700000| Untracked 
| 120|0x0000000087800000, 0x0000000087900000, 0x0000000087900000|100%|HS|  |TAMS 0x0000000087800000, 0x0000000087800000| Complete 
| 121|0x0000000087900000, 0x0000000087a00000, 0x0000000087a00000|100%|HS|  |TAMS 0x0000000087900000, 0x0000000087900000| Complete 
| 122|0x0000000087a00000, 0x0000000087b00000, 0x0000000087b00000|100%| O|  |TAMS 0x0000000087a00000, 0x0000000087a00000| Untracked 
| 123|0x0000000087b00000, 0x0000000087c00000, 0x0000000087c00000|100%| O|  |TAMS 0x0000000087b00000, 0x0000000087b00000| Untracked 
| 124|0x0000000087c00000, 0x0000000087d00000, 0x0000000087d00000|100%| O|  |TAMS 0x0000000087c00000, 0x0000000087c00000| Untracked 
| 125|0x0000000087d00000, 0x0000000087e00000, 0x0000000087e00000|100%| O|  |TAMS 0x0000000087d00000, 0x0000000087d00000| Untracked 
| 126|0x0000000087e00000, 0x0000000087f00000, 0x0000000087f00000|100%| O|  |TAMS 0x0000000087e00000, 0x0000000087e00000| Untracked 
| 127|0x0000000087f00000, 0x0000000088000000, 0x0000000088000000|100%| O|  |TAMS 0x0000000087f00000, 0x0000000087f00000| Untracked 
| 128|0x0000000088000000, 0x0000000088100000, 0x0000000088100000|100%| O|  |TAMS 0x0000000088000000, 0x0000000088000000| Untracked 
| 129|0x0000000088100000, 0x0000000088200000, 0x0000000088200000|100%| O|  |TAMS 0x0000000088100000, 0x0000000088100000| Untracked 
| 130|0x0000000088200000, 0x0000000088300000, 0x0000000088300000|100%| O|  |TAMS 0x0000000088200000, 0x0000000088200000| Untracked 
| 131|0x0000000088300000, 0x0000000088400000, 0x0000000088400000|100%| O|  |TAMS 0x0000000088300000, 0x0000000088300000| Untracked 
| 132|0x0000000088400000, 0x0000000088500000, 0x0000000088500000|100%| O|  |TAMS 0x0000000088400000, 0x0000000088400000| Untracked 
| 133|0x0000000088500000, 0x0000000088600000, 0x0000000088600000|100%| O|  |TAMS 0x0000000088500000, 0x0000000088500000| Untracked 
| 134|0x0000000088600000, 0x0000000088700000, 0x0000000088700000|100%| O|  |TAMS 0x0000000088600000, 0x0000000088600000| Untracked 
| 135|0x0000000088700000, 0x0000000088800000, 0x0000000088800000|100%| O|  |TAMS 0x0000000088700000, 0x0000000088700000| Untracked 
| 136|0x0000000088800000, 0x0000000088900000, 0x0000000088900000|100%| O|  |TAMS 0x0000000088800000, 0x0000000088800000| Untracked 
| 137|0x0000000088900000, 0x0000000088a00000, 0x0000000088a00000|100%| O|  |TAMS 0x0000000088900000, 0x0000000088900000| Untracked 
| 138|0x0000000088a00000, 0x0000000088b00000, 0x0000000088b00000|100%| O|  |TAMS 0x0000000088a00000, 0x0000000088a00000| Untracked 
| 139|0x0000000088b00000, 0x0000000088c00000, 0x0000000088c00000|100%| O|  |TAMS 0x0000000088b00000, 0x0000000088b00000| Untracked 
| 140|0x0000000088c00000, 0x0000000088d00000, 0x0000000088d00000|100%| O|  |TAMS 0x0000000088c00000, 0x0000000088c00000| Untracked 
| 141|0x0000000088d00000, 0x0000000088e00000, 0x0000000088e00000|100%| O|  |TAMS 0x0000000088d00000, 0x0000000088d00000| Untracked 
| 142|0x0000000088e00000, 0x0000000088f00000, 0x0000000088f00000|100%| O|  |TAMS 0x0000000088e00000, 0x0000000088e00000| Untracked 
| 143|0x0000000088f00000, 0x0000000089000000, 0x0000000089000000|100%| O|  |TAMS 0x0000000088f00000, 0x0000000088f00000| Untracked 
| 144|0x0000000089000000, 0x0000000089100000, 0x0000000089100000|100%| O|  |TAMS 0x0000000089000000, 0x0000000089000000| Untracked 
| 145|0x0000000089100000, 0x0000000089200000, 0x0000000089200000|100%| O|  |TAMS 0x0000000089100000, 0x0000000089100000| Untracked 
| 146|0x0000000089200000, 0x0000000089300000, 0x0000000089300000|100%| O|  |TAMS 0x0000000089200000, 0x0000000089200000| Untracked 
| 147|0x0000000089300000, 0x0000000089400000, 0x0000000089400000|100%| O|  |TAMS 0x0000000089300000, 0x0000000089300000| Untracked 
| 148|0x0000000089400000, 0x0000000089500000, 0x0000000089500000|100%| O|  |TAMS 0x0000000089400000, 0x0000000089400000| Untracked 
| 149|0x0000000089500000, 0x0000000089600000, 0x0000000089600000|100%| O|  |TAMS 0x0000000089500000, 0x0000000089500000| Untracked 
| 150|0x0000000089600000, 0x0000000089700000, 0x0000000089700000|100%| O|  |TAMS 0x0000000089600000, 0x0000000089600000| Untracked 
| 151|0x0000000089700000, 0x0000000089800000, 0x0000000089800000|100%| O|  |TAMS 0x0000000089700000, 0x0000000089700000| Untracked 
| 152|0x0000000089800000, 0x0000000089900000, 0x0000000089900000|100%| O|  |TAMS 0x0000000089800000, 0x0000000089800000| Untracked 
| 153|0x0000000089900000, 0x0000000089a00000, 0x0000000089a00000|100%| O|  |TAMS 0x0000000089900000, 0x0000000089900000| Untracked 
| 154|0x0000000089a00000, 0x0000000089b00000, 0x0000000089b00000|100%| O|  |TAMS 0x0000000089a00000, 0x0000000089a00000| Untracked 
| 155|0x0000000089b00000, 0x0000000089c00000, 0x0000000089c00000|100%| O|  |TAMS 0x0000000089b00000, 0x0000000089b00000| Untracked 
| 156|0x0000000089c00000, 0x0000000089d00000, 0x0000000089d00000|100%| O|  |TAMS 0x0000000089c00000, 0x0000000089c00000| Untracked 
| 157|0x0000000089d00000, 0x0000000089e00000, 0x0000000089e00000|100%| O|  |TAMS 0x0000000089d00000, 0x0000000089d00000| Untracked 
| 158|0x0000000089e00000, 0x0000000089f00000, 0x0000000089f00000|100%| O|  |TAMS 0x0000000089e00000, 0x0000000089e00000| Untracked 
| 159|0x0000000089f00000, 0x000000008a000000, 0x000000008a000000|100%| O|  |TAMS 0x0000000089f00000, 0x0000000089f00000| Untracked 
| 160|0x000000008a000000, 0x000000008a100000, 0x000000008a100000|100%| O|  |TAMS 0x000000008a000000, 0x000000008a000000| Untracked 
| 161|0x000000008a100000, 0x000000008a200000, 0x000000008a200000|100%|HS|  |TAMS 0x000000008a100000, 0x000000008a100000| Complete 
| 162|0x000000008a200000, 0x000000008a300000, 0x000000008a300000|100%| O|  |TAMS 0x000000008a200000, 0x000000008a200000| Untracked 
| 163|0x000000008a300000, 0x000000008a400000, 0x000000008a400000|100%| O|  |TAMS 0x000000008a300000, 0x000000008a300000| Untracked 
| 164|0x000000008a400000, 0x000000008a500000, 0x000000008a500000|100%| O|  |TAMS 0x000000008a400000, 0x000000008a400000| Untracked 
| 165|0x000000008a500000, 0x000000008a600000, 0x000000008a600000|100%| O|  |TAMS 0x000000008a500000, 0x000000008a500000| Untracked 
| 166|0x000000008a600000, 0x000000008a700000, 0x000000008a700000|100%| O|  |TAMS 0x000000008a600000, 0x000000008a600000| Untracked 
| 167|0x000000008a700000, 0x000000008a800000, 0x000000008a800000|100%| O|  |TAMS 0x000000008a700000, 0x000000008a700000| Untracked 
| 168|0x000000008a800000, 0x000000008a900000, 0x000000008a900000|100%| O|  |TAMS 0x000000008a800000, 0x000000008a800000| Untracked 
| 169|0x000000008a900000, 0x000000008aa00000, 0x000000008aa00000|100%| O|  |TAMS 0x000000008a900000, 0x000000008a900000| Untracked 
| 170|0x000000008aa00000, 0x000000008ab00000, 0x000000008ab00000|100%| O|  |TAMS 0x000000008aa00000, 0x000000008aa00000| Untracked 
| 171|0x000000008ab00000, 0x000000008ac00000, 0x000000008ac00000|100%| O|  |TAMS 0x000000008ab00000, 0x000000008ab00000| Untracked 
| 172|0x000000008ac00000, 0x000000008ad00000, 0x000000008ad00000|100%| O|  |TAMS 0x000000008ac00000, 0x000000008ac00000| Untracked 
| 173|0x000000008ad00000, 0x000000008ae00000, 0x000000008ae00000|100%| O|  |TAMS 0x000000008ad00000, 0x000000008ad00000| Untracked 
| 174|0x000000008ae00000, 0x000000008af00000, 0x000000008af00000|100%| O|  |TAMS 0x000000008ae00000, 0x000000008ae00000| Untracked 
| 175|0x000000008af00000, 0x000000008b000000, 0x000000008b000000|100%| O|  |TAMS 0x000000008af00000, 0x000000008af00000| Untracked 
| 176|0x000000008b000000, 0x000000008b100000, 0x000000008b100000|100%| O|  |TAMS 0x000000008b000000, 0x000000008b000000| Untracked 
| 177|0x000000008b100000, 0x000000008b200000, 0x000000008b200000|100%| O|  |TAMS 0x000000008b100000, 0x000000008b100000| Untracked 
| 178|0x000000008b200000, 0x000000008b300000, 0x000000008b300000|100%|HS|  |TAMS 0x000000008b200000, 0x000000008b200000| Complete 
| 179|0x000000008b300000, 0x000000008b400000, 0x000000008b400000|100%|HS|  |TAMS 0x000000008b300000, 0x000000008b300000| Complete 
| 180|0x000000008b400000, 0x000000008b500000, 0x000000008b500000|100%| O|  |TAMS 0x000000008b400000, 0x000000008b400000| Untracked 
| 181|0x000000008b500000, 0x000000008b600000, 0x000000008b600000|100%| O|  |TAMS 0x000000008b500000, 0x000000008b500000| Untracked 
| 182|0x000000008b600000, 0x000000008b700000, 0x000000008b700000|100%| O|  |TAMS 0x000000008b600000, 0x000000008b600000| Untracked 
| 183|0x000000008b700000, 0x000000008b800000, 0x000000008b800000|100%| O|  |TAMS 0x000000008b700000, 0x000000008b700000| Untracked 
| 184|0x000000008b800000, 0x000000008b900000, 0x000000008b900000|100%| O|  |TAMS 0x000000008b800000, 0x000000008b800000| Untracked 
| 185|0x000000008b900000, 0x000000008ba00000, 0x000000008ba00000|100%| O|  |TAMS 0x000000008b900000, 0x000000008b900000| Untracked 
| 186|0x000000008ba00000, 0x000000008bb00000, 0x000000008bb00000|100%| O|  |TAMS 0x000000008ba00000, 0x000000008ba00000| Untracked 
| 187|0x000000008bb00000, 0x000000008bc00000, 0x000000008bc00000|100%| O|  |TAMS 0x000000008bb00000, 0x000000008bb00000| Untracked 
| 188|0x000000008bc00000, 0x000000008bd00000, 0x000000008bd00000|100%| O|  |TAMS 0x000000008bc00000, 0x000000008bc00000| Untracked 
| 189|0x000000008bd00000, 0x000000008be00000, 0x000000008be00000|100%| O|  |TAMS 0x000000008bd00000, 0x000000008bd00000| Untracked 
| 190|0x000000008be00000, 0x000000008bf00000, 0x000000008bf00000|100%| O|  |TAMS 0x000000008be00000, 0x000000008be00000| Untracked 
| 191|0x000000008bf00000, 0x000000008c000000, 0x000000008c000000|100%| O|  |TAMS 0x000000008bf00000, 0x000000008bf00000| Untracked 
| 192|0x000000008c000000, 0x000000008c100000, 0x000000008c100000|100%| O|  |TAMS 0x000000008c000000, 0x000000008c000000| Untracked 
| 193|0x000000008c100000, 0x000000008c200000, 0x000000008c200000|100%| O|  |TAMS 0x000000008c100000, 0x000000008c100000| Untracked 
| 194|0x000000008c200000, 0x000000008c300000, 0x000000008c300000|100%| O|  |TAMS 0x000000008c200000, 0x000000008c200000| Untracked 
| 195|0x000000008c300000, 0x000000008c400000, 0x000000008c400000|100%| O|  |TAMS 0x000000008c300000, 0x000000008c300000| Untracked 
| 196|0x000000008c400000, 0x000000008c500000, 0x000000008c500000|100%| O|  |TAMS 0x000000008c400000, 0x000000008c400000| Untracked 
| 197|0x000000008c500000, 0x000000008c600000, 0x000000008c600000|100%| O|  |TAMS 0x000000008c500000, 0x000000008c500000| Untracked 
| 198|0x000000008c600000, 0x000000008c700000, 0x000000008c700000|100%| O|  |TAMS 0x000000008c600000, 0x000000008c600000| Untracked 
| 199|0x000000008c700000, 0x000000008c800000, 0x000000008c800000|100%| O|  |TAMS 0x000000008c700000, 0x000000008c700000| Untracked 
| 200|0x000000008c800000, 0x000000008c900000, 0x000000008c900000|100%| O|  |TAMS 0x000000008c800000, 0x000000008c800000| Untracked 
| 201|0x000000008c900000, 0x000000008ca00000, 0x000000008ca00000|100%| O|  |TAMS 0x000000008c900000, 0x000000008c900000| Untracked 
| 202|0x000000008ca00000, 0x000000008cb00000, 0x000000008cb00000|100%| O|  |TAMS 0x000000008ca00000, 0x000000008ca00000| Untracked 
| 203|0x000000008cb00000, 0x000000008cc00000, 0x000000008cc00000|100%| O|  |TAMS 0x000000008cb00000, 0x000000008cb00000| Untracked 
| 204|0x000000008cc00000, 0x000000008cd00000, 0x000000008cd00000|100%| O|  |TAMS 0x000000008cc00000, 0x000000008cc00000| Untracked 
| 205|0x000000008cd00000, 0x000000008ce00000, 0x000000008ce00000|100%| O|  |TAMS 0x000000008cd00000, 0x000000008cd00000| Untracked 
| 206|0x000000008ce00000, 0x000000008cf00000, 0x000000008cf00000|100%| O|  |TAMS 0x000000008ce00000, 0x000000008ce00000| Untracked 
| 207|0x000000008cf00000, 0x000000008d000000, 0x000000008d000000|100%| O|  |TAMS 0x000000008cf00000, 0x000000008cf00000| Untracked 
| 208|0x000000008d000000, 0x000000008d100000, 0x000000008d100000|100%| O|  |TAMS 0x000000008d000000, 0x000000008d000000| Untracked 
| 209|0x000000008d100000, 0x000000008d200000, 0x000000008d200000|100%| O|  |TAMS 0x000000008d100000, 0x000000008d100000| Untracked 
| 210|0x000000008d200000, 0x000000008d300000, 0x000000008d300000|100%| O|  |TAMS 0x000000008d200000, 0x000000008d200000| Untracked 
| 211|0x000000008d300000, 0x000000008d400000, 0x000000008d400000|100%| O|  |TAMS 0x000000008d300000, 0x000000008d300000| Untracked 
| 212|0x000000008d400000, 0x000000008d500000, 0x000000008d500000|100%| O|  |TAMS 0x000000008d400000, 0x000000008d400000| Untracked 
| 213|0x000000008d500000, 0x000000008d600000, 0x000000008d600000|100%| O|  |TAMS 0x000000008d500000, 0x000000008d500000| Untracked 
| 214|0x000000008d600000, 0x000000008d700000, 0x000000008d700000|100%| O|  |TAMS 0x000000008d600000, 0x000000008d600000| Untracked 
| 215|0x000000008d700000, 0x000000008d800000, 0x000000008d800000|100%| O|  |TAMS 0x000000008d700000, 0x000000008d700000| Untracked 
| 216|0x000000008d800000, 0x000000008d900000, 0x000000008d900000|100%| O|  |TAMS 0x000000008d800000, 0x000000008d800000| Untracked 
| 217|0x000000008d900000, 0x000000008da00000, 0x000000008da00000|100%| O|  |TAMS 0x000000008d900000, 0x000000008d900000| Untracked 
| 218|0x000000008da00000, 0x000000008db00000, 0x000000008db00000|100%| O|  |TAMS 0x000000008da00000, 0x000000008da00000| Untracked 
| 219|0x000000008db00000, 0x000000008db00000, 0x000000008dc00000|  0%| F|  |TAMS 0x000000008db00000, 0x000000008db00000| Untracked 
| 220|0x000000008dc00000, 0x000000008dc00000, 0x000000008dd00000|  0%| F|  |TAMS 0x000000008dc00000, 0x000000008dc00000| Untracked 
| 221|0x000000008dd00000, 0x000000008de00000, 0x000000008de00000|100%|HS|  |TAMS 0x000000008dd00000, 0x000000008dd00000| Complete 
| 222|0x000000008de00000, 0x000000008df00000, 0x000000008df00000|100%|HC|  |TAMS 0x000000008de00000, 0x000000008de00000| Complete 
| 223|0x000000008df00000, 0x000000008df1b200, 0x000000008e000000| 10%| O|  |TAMS 0x000000008df00000, 0x000000008df00000| Untracked 
| 224|0x000000008e000000, 0x000000008e000000, 0x000000008e100000|  0%| F|  |TAMS 0x000000008e000000, 0x000000008e000000| Untracked 
| 225|0x000000008e100000, 0x000000008e100000, 0x000000008e200000|  0%| F|  |TAMS 0x000000008e100000, 0x000000008e100000| Untracked 
| 226|0x000000008e200000, 0x000000008e200000, 0x000000008e300000|  0%| F|  |TAMS 0x000000008e200000, 0x000000008e200000| Untracked 
| 227|0x000000008e300000, 0x000000008e300000, 0x000000008e400000|  0%| F|  |TAMS 0x000000008e300000, 0x000000008e300000| Untracked 
| 228|0x000000008e400000, 0x000000008e400000, 0x000000008e500000|  0%| F|  |TAMS 0x000000008e400000, 0x000000008e400000| Untracked 
| 229|0x000000008e500000, 0x000000008e500000, 0x000000008e600000|  0%| F|  |TAMS 0x000000008e500000, 0x000000008e500000| Untracked 
| 230|0x000000008e600000, 0x000000008e600000, 0x000000008e700000|  0%| F|  |TAMS 0x000000008e600000, 0x000000008e600000| Untracked 
| 231|0x000000008e700000, 0x000000008e700000, 0x000000008e800000|  0%| F|  |TAMS 0x000000008e700000, 0x000000008e700000| Untracked 
| 232|0x000000008e800000, 0x000000008e800000, 0x000000008e900000|  0%| F|  |TAMS 0x000000008e800000, 0x000000008e800000| Untracked 
| 233|0x000000008e900000, 0x000000008e900000, 0x000000008ea00000|  0%| F|  |TAMS 0x000000008e900000, 0x000000008e900000| Untracked 
| 234|0x000000008ea00000, 0x000000008ea00000, 0x000000008eb00000|  0%| F|  |TAMS 0x000000008ea00000, 0x000000008ea00000| Untracked 
| 235|0x000000008eb00000, 0x000000008eb00000, 0x000000008ec00000|  0%| F|  |TAMS 0x000000008eb00000, 0x000000008eb00000| Untracked 
| 236|0x000000008ec00000, 0x000000008ec00000, 0x000000008ed00000|  0%| F|  |TAMS 0x000000008ec00000, 0x000000008ec00000| Untracked 
| 237|0x000000008ed00000, 0x000000008ed00000, 0x000000008ee00000|  0%| F|  |TAMS 0x000000008ed00000, 0x000000008ed00000| Untracked 
| 238|0x000000008ee00000, 0x000000008ee00000, 0x000000008ef00000|  0%| F|  |TAMS 0x000000008ee00000, 0x000000008ee00000| Untracked 
| 239|0x000000008ef00000, 0x000000008ef00000, 0x000000008f000000|  0%| F|  |TAMS 0x000000008ef00000, 0x000000008ef00000| Untracked 
| 240|0x000000008f000000, 0x000000008f000000, 0x000000008f100000|  0%| F|  |TAMS 0x000000008f000000, 0x000000008f000000| Untracked 
| 241|0x000000008f100000, 0x000000008f100000, 0x000000008f200000|  0%| F|  |TAMS 0x000000008f100000, 0x000000008f100000| Untracked 
| 242|0x000000008f200000, 0x000000008f200000, 0x000000008f300000|  0%| F|  |TAMS 0x000000008f200000, 0x000000008f200000| Untracked 
| 243|0x000000008f300000, 0x000000008f300000, 0x000000008f400000|  0%| F|  |TAMS 0x000000008f300000, 0x000000008f300000| Untracked 
| 244|0x000000008f400000, 0x000000008f400000, 0x000000008f500000|  0%| F|  |TAMS 0x000000008f400000, 0x000000008f400000| Untracked 
| 245|0x000000008f500000, 0x000000008f500000, 0x000000008f600000|  0%| F|  |TAMS 0x000000008f500000, 0x000000008f500000| Untracked 
| 246|0x000000008f600000, 0x000000008f600000, 0x000000008f700000|  0%| F|  |TAMS 0x000000008f600000, 0x000000008f600000| Untracked 
| 247|0x000000008f700000, 0x000000008f700000, 0x000000008f800000|  0%| F|  |TAMS 0x000000008f700000, 0x000000008f700000| Untracked 
| 248|0x000000008f800000, 0x000000008f8da428, 0x000000008f900000| 85%| S|CS|TAMS 0x000000008f800000, 0x000000008f800000| Complete 
| 249|0x000000008f900000, 0x000000008fa00000, 0x000000008fa00000|100%| S|CS|TAMS 0x000000008f900000, 0x000000008f900000| Complete 
| 250|0x000000008fa00000, 0x000000008fab85e8, 0x000000008fb00000| 72%| E|  |TAMS 0x000000008fa00000, 0x000000008fa00000| Complete 
| 251|0x000000008fb00000, 0x000000008fc00000, 0x000000008fc00000|100%| E|  |TAMS 0x000000008fb00000, 0x000000008fb00000| Complete 
| 252|0x000000008fc00000, 0x000000008fd00000, 0x000000008fd00000|100%| E|CS|TAMS 0x000000008fc00000, 0x000000008fc00000| Complete 
| 253|0x000000008fd00000, 0x000000008fe00000, 0x000000008fe00000|100%| E|CS|TAMS 0x000000008fd00000, 0x000000008fd00000| Complete 
| 254|0x000000008fe00000, 0x000000008ff00000, 0x000000008ff00000|100%| E|CS|TAMS 0x000000008fe00000, 0x000000008fe00000| Complete 
| 255|0x000000008ff00000, 0x0000000090000000, 0x0000000090000000|100%| E|CS|TAMS 0x000000008ff00000, 0x000000008ff00000| Complete 
| 256|0x0000000090000000, 0x0000000090100000, 0x0000000090100000|100%| E|CS|TAMS 0x0000000090000000, 0x0000000090000000| Complete 
| 257|0x0000000090100000, 0x0000000090200000, 0x0000000090200000|100%| E|CS|TAMS 0x0000000090100000, 0x0000000090100000| Complete 
| 258|0x0000000090200000, 0x0000000090300000, 0x0000000090300000|100%| E|CS|TAMS 0x0000000090200000, 0x0000000090200000| Complete 
| 259|0x0000000090300000, 0x0000000090400000, 0x0000000090400000|100%| E|CS|TAMS 0x0000000090300000, 0x0000000090300000| Complete 
| 260|0x0000000090400000, 0x0000000090500000, 0x0000000090500000|100%| E|CS|TAMS 0x0000000090400000, 0x0000000090400000| Complete 

Card table byte_map: [0x0000014b78d40000,0x0000014b79140000] _byte_map_base: 0x0000014b78940000

Marking Bits (Prev, Next): (CMBitMap*) 0x0000014b788e8400, (CMBitMap*) 0x0000014b788e83c0
 Prev Bits: [0x0000014b7b540000, 0x0000014b7d540000)
 Next Bits: [0x0000014b79540000, 0x0000014b7b540000)

Polling page: 0x0000014b76880000

Metaspace:

Usage:
  Non-class:     92.02 MB used.
      Class:     14.84 MB used.
       Both:    106.86 MB used.

Virtual space:
  Non-class space:      128.00 MB reserved,      92.75 MB ( 72%) committed,  2 nodes.
      Class space:      416.00 MB reserved,      15.44 MB (  4%) committed,  1 nodes.
             Both:      544.00 MB reserved,     108.19 MB ( 20%) committed. 

Chunk freelists:
   Non-Class:  3.17 MB
       Class:  613.00 KB
        Both:  3.77 MB

MaxMetaspaceSize: 512.00 MB
CompressedClassSpaceSize: 416.00 MB
Initial GC threshold: 21.00 MB
Current GC threshold: 128.56 MB
CDS: on
MetaspaceReclaimPolicy: balanced
 - commit_granule_bytes: 65536.
 - commit_granule_words: 8192.
 - virtual_space_node_default_size: 8388608.
 - enlarge_chunks_in_place: 1.
 - new_chunks_are_fully_committed: 0.
 - uncommit_free_chunks: 1.
 - use_allocation_guard: 0.
 - handle_deallocations: 1.


Internal statistics:

num_allocs_failed_limit: 6.
num_arena_births: 1614.
num_arena_deaths: 0.
num_vsnodes_births: 3.
num_vsnodes_deaths: 0.
num_space_committed: 1731.
num_space_uncommitted: 0.
num_chunks_returned_to_freelist: 6.
num_chunks_taken_from_freelist: 6445.
num_chunk_merges: 6.
num_chunk_splits: 4062.
num_chunks_enlarged: 2489.
num_inconsistent_stats: 0.

CodeHeap 'non-profiled nmethods': size=120000Kb used=10426Kb max_used=10426Kb free=109573Kb
 bounds [0x0000014b0f510000, 0x0000014b0ff40000, 0x0000014b16a40000]
CodeHeap 'profiled nmethods': size=120000Kb used=28762Kb max_used=28762Kb free=91237Kb
 bounds [0x0000014b07a40000, 0x0000014b09660000, 0x0000014b0ef70000]
CodeHeap 'non-nmethods': size=5760Kb used=2465Kb max_used=2589Kb free=3294Kb
 bounds [0x0000014b0ef70000, 0x0000014b0f210000, 0x0000014b0f510000]
 total_blobs=15616 nmethods=14617 adapters=910
 compilation: enabled
              stopped_count=0, restarted_count=0
 full_count=0

Compilation events (20 events):
Event: 38.382 Thread 0x0000014b7fa66260 16763       2       org.gradle.api.internal.artifacts.transform.AbstractTransformedArtifactSet$CalculateArtifacts::calculateValue (6 bytes)
Event: 38.382 Thread 0x0000014b7fa66260 nmethod 16763 0x0000014b09641c10 code [0x0000014b09641da0, 0x0000014b09641ec8]
Event: 38.382 Thread 0x0000014b7fa66260 16764       2       org.gradle.api.internal.artifacts.transform.TransformingAsyncArtifactListener::visitArtifacts (15 bytes)
Event: 38.382 Thread 0x0000014b7fa66260 nmethod 16764 0x0000014b09641f90 code [0x0000014b09642140, 0x0000014b09642328]
Event: 38.382 Thread 0x0000014b7fa66260 16768       3       org.gradle.internal.snapshot.impl.DefaultValueSnapshotter$ValueSnapshotVisitor::hashCode (6 bytes)
Event: 38.382 Thread 0x0000014b7fa66260 nmethod 16768 0x0000014b09642410 code [0x0000014b096425e0, 0x0000014b09642978]
Event: 38.382 Thread 0x0000014b7fa66260 16766       2       org.gradle.api.internal.artifacts.transform.TransformingAsyncArtifactListener$1::visitArtifact (47 bytes)
Event: 38.382 Thread 0x0000014b7fa66260 nmethod 16766 0x0000014b09642b10 code [0x0000014b09642cc0, 0x0000014b09643048]
Event: 38.382 Thread 0x0000014b7fa66260 16767       2       org.gradle.api.internal.artifacts.transform.TransformingAsyncArtifactListener$TransformedArtifact::<init> (32 bytes)
Event: 38.383 Thread 0x0000014b7fa66260 nmethod 16767 0x0000014b09643190 code [0x0000014b09643340, 0x0000014b09643618]
Event: 38.383 Thread 0x0000014b7fa66260 16765       2       org.gradle.api.internal.artifacts.transform.TransformingAsyncArtifactListener$1::<init> (10 bytes)
Event: 38.383 Thread 0x0000014b7fa66260 nmethod 16765 0x0000014b09643690 code [0x0000014b09643820, 0x0000014b09643978]
Event: 38.384 Thread 0x0000014b7fa66260 16769       2       org.gradle.api.internal.artifacts.transform.TransformExecutionResult$Builder$EntireInputArtifact::resolveForInputArtifact (2 bytes)
Event: 38.384 Thread 0x0000014b7fa66260 nmethod 16769 0x0000014b09643a10 code [0x0000014b09643ba0, 0x0000014b09643cb8]
Event: 38.384 Thread 0x0000014b7fa66260 16770       3       org.gradle.internal.Deferrable$1::getCompleted (23 bytes)
Event: 38.385 Thread 0x0000014b7fa66260 nmethod 16770 0x0000014b09643d90 code [0x0000014b09644000, 0x0000014b09644cb8]
Event: 38.445 Thread 0x0000014b7fa648f0 nmethod 16663 0x0000014b0ff26510 code [0x0000014b0ff26820, 0x0000014b0ff29020]
Event: 38.446 Thread 0x0000014b7fa648f0 16758       4       com.google.common.collect.ImmutableSortedMap::get (27 bytes)
Event: 38.448 Thread 0x0000014b7fa648f0 nmethod 16758 0x0000014b0ff2a490 code [0x0000014b0ff2a620, 0x0000014b0ff2a7e8]
Event: 38.448 Thread 0x0000014b7fa648f0 16658       4       org.gradle.cache.internal.AsyncCacheAccessDecoratedCache$$Lambda$514/0x0000014b1847fd48::create (12 bytes)

GC Heap History (20 events):
Event: 36.597 GC heap before
{Heap before GC invocations=67 (full 0):
 garbage-first heap   total 267264K, used 230982K [0x0000000080000000, 0x0000000100000000)
  region size 1024K, 19 young (19456K), 3 survivors (3072K)
 Metaspace       used 109055K, committed 110272K, reserved 557056K
  class space    used 15167K, committed 15744K, reserved 425984K
}
Event: 36.601 GC heap after
{Heap after GC invocations=68 (full 0):
 garbage-first heap   total 267264K, used 216784K [0x0000000080000000, 0x0000000100000000)
  region size 1024K, 1 young (1024K), 1 survivors (1024K)
 Metaspace       used 109055K, committed 110272K, reserved 557056K
  class space    used 15167K, committed 15744K, reserved 425984K
}
Event: 36.775 GC heap before
{Heap before GC invocations=68 (full 0):
 garbage-first heap   total 267264K, used 233168K [0x0000000080000000, 0x0000000100000000)
  region size 1024K, 17 young (17408K), 1 survivors (1024K)
 Metaspace       used 109055K, committed 110272K, reserved 557056K
  class space    used 15167K, committed 15744K, reserved 425984K
}
Event: 36.778 GC heap after
{Heap after GC invocations=69 (full 0):
 garbage-first heap   total 267264K, used 217260K [0x0000000080000000, 0x0000000100000000)
  region size 1024K, 2 young (2048K), 2 survivors (2048K)
 Metaspace       used 109055K, committed 110272K, reserved 557056K
  class space    used 15167K, committed 15744K, reserved 425984K
}
Event: 37.002 GC heap before
{Heap before GC invocations=69 (full 0):
 garbage-first heap   total 267264K, used 233644K [0x0000000080000000, 0x0000000100000000)
  region size 1024K, 18 young (18432K), 2 survivors (2048K)
 Metaspace       used 109055K, committed 110272K, reserved 557056K
  class space    used 15167K, committed 15744K, reserved 425984K
}
Event: 37.005 GC heap after
{Heap after GC invocations=70 (full 0):
 garbage-first heap   total 267264K, used 217875K [0x0000000080000000, 0x0000000100000000)
  region size 1024K, 3 young (3072K), 3 survivors (3072K)
 Metaspace       used 109055K, committed 110272K, reserved 557056K
  class space    used 15167K, committed 15744K, reserved 425984K
}
Event: 37.370 GC heap before
{Heap before GC invocations=70 (full 0):
 garbage-first heap   total 267264K, used 238355K [0x0000000080000000, 0x0000000100000000)
  region size 1024K, 19 young (19456K), 3 survivors (3072K)
 Metaspace       used 109188K, committed 110464K, reserved 557056K
  class space    used 15167K, committed 15744K, reserved 425984K
}
Event: 37.374 GC heap after
{Heap after GC invocations=71 (full 0):
 garbage-first heap   total 267264K, used 220168K [0x0000000080000000, 0x0000000100000000)
  region size 1024K, 3 young (3072K), 3 survivors (3072K)
 Metaspace       used 109188K, committed 110464K, reserved 557056K
  class space    used 15167K, committed 15744K, reserved 425984K
}
Event: 37.521 GC heap before
{Heap before GC invocations=71 (full 0):
 garbage-first heap   total 267264K, used 233480K [0x0000000080000000, 0x0000000100000000)
  region size 1024K, 16 young (16384K), 3 survivors (3072K)
 Metaspace       used 109204K, committed 110464K, reserved 557056K
  class space    used 15167K, committed 15744K, reserved 425984K
}
Event: 37.525 GC heap after
{Heap after GC invocations=72 (full 0):
 garbage-first heap   total 267264K, used 221247K [0x0000000080000000, 0x0000000100000000)
  region size 1024K, 1 young (1024K), 1 survivors (1024K)
 Metaspace       used 109204K, committed 110464K, reserved 557056K
  class space    used 15167K, committed 15744K, reserved 425984K
}
Event: 37.737 GC heap before
{Heap before GC invocations=72 (full 0):
 garbage-first heap   total 267264K, used 234559K [0x0000000080000000, 0x0000000100000000)
  region size 1024K, 14 young (14336K), 1 survivors (1024K)
 Metaspace       used 109211K, committed 110464K, reserved 557056K
  class space    used 15167K, committed 15744K, reserved 425984K
}
Event: 37.740 GC heap after
{Heap after GC invocations=73 (full 0):
 garbage-first heap   total 267264K, used 221953K [0x0000000080000000, 0x0000000100000000)
  region size 1024K, 2 young (2048K), 2 survivors (2048K)
 Metaspace       used 109211K, committed 110464K, reserved 557056K
  class space    used 15167K, committed 15744K, reserved 425984K
}
Event: 37.937 GC heap before
{Heap before GC invocations=73 (full 0):
 garbage-first heap   total 267264K, used 237313K [0x0000000080000000, 0x0000000100000000)
  region size 1024K, 14 young (14336K), 2 survivors (2048K)
 Metaspace       used 109303K, committed 110592K, reserved 557056K
  class space    used 15177K, committed 15744K, reserved 425984K
}
Event: 37.941 GC heap after
{Heap after GC invocations=74 (full 0):
 garbage-first heap   total 267264K, used 223449K [0x0000000080000000, 0x0000000100000000)
  region size 1024K, 2 young (2048K), 2 survivors (2048K)
 Metaspace       used 109303K, committed 110592K, reserved 557056K
  class space    used 15177K, committed 15744K, reserved 425984K
}
Event: 38.091 GC heap before
{Heap before GC invocations=74 (full 0):
 garbage-first heap   total 267264K, used 233689K [0x0000000080000000, 0x0000000100000000)
  region size 1024K, 13 young (13312K), 2 survivors (2048K)
 Metaspace       used 109358K, committed 110720K, reserved 557056K
  class space    used 15186K, committed 15808K, reserved 425984K
}
Event: 38.094 GC heap after
{Heap after GC invocations=75 (full 0):
 garbage-first heap   total 267264K, used 224532K [0x0000000080000000, 0x0000000100000000)
  region size 1024K, 1 young (1024K), 1 survivors (1024K)
 Metaspace       used 109358K, committed 110720K, reserved 557056K
  class space    used 15186K, committed 15808K, reserved 425984K
}
Event: 38.309 GC heap before
{Heap before GC invocations=75 (full 0):
 garbage-first heap   total 267264K, used 239892K [0x0000000080000000, 0x0000000100000000)
  region size 1024K, 13 young (13312K), 1 survivors (1024K)
 Metaspace       used 109400K, committed 110720K, reserved 557056K
  class space    used 15193K, committed 15808K, reserved 425984K
}
Event: 38.312 GC heap after
{Heap after GC invocations=76 (full 0):
 garbage-first heap   total 267264K, used 225372K [0x0000000080000000, 0x0000000100000000)
  region size 1024K, 2 young (2048K), 2 survivors (2048K)
 Metaspace       used 109400K, committed 110720K, reserved 557056K
  class space    used 15193K, committed 15808K, reserved 425984K
}
Event: 38.392 GC heap before
{Heap before GC invocations=76 (full 0):
 garbage-first heap   total 267264K, used 239708K [0x0000000080000000, 0x0000000100000000)
  region size 1024K, 13 young (13312K), 2 survivors (2048K)
 Metaspace       used 109407K, committed 110720K, reserved 557056K
  class space    used 15193K, committed 15808K, reserved 425984K
}
Event: 38.395 GC heap after
{Heap after GC invocations=77 (full 0):
 garbage-first heap   total 267264K, used 228309K [0x0000000080000000, 0x0000000100000000)
  region size 1024K, 2 young (2048K), 2 survivors (2048K)
 Metaspace       used 109407K, committed 110720K, reserved 557056K
  class space    used 15193K, committed 15808K, reserved 425984K
}

Dll operation events (14 events):
Event: 0.013 Loaded shared library C:\Program Files\Microsoft\jdk-17.0.8.7-hotspot\bin\java.dll
Event: 0.030 Loaded shared library C:\Program Files\Microsoft\jdk-17.0.8.7-hotspot\bin\jsvml.dll
Event: 0.068 Loaded shared library C:\Program Files\Microsoft\jdk-17.0.8.7-hotspot\bin\zip.dll
Event: 0.071 Loaded shared library C:\Program Files\Microsoft\jdk-17.0.8.7-hotspot\bin\instrument.dll
Event: 0.074 Loaded shared library C:\Program Files\Microsoft\jdk-17.0.8.7-hotspot\bin\net.dll
Event: 0.075 Loaded shared library C:\Program Files\Microsoft\jdk-17.0.8.7-hotspot\bin\nio.dll
Event: 0.078 Loaded shared library C:\Program Files\Microsoft\jdk-17.0.8.7-hotspot\bin\zip.dll
Event: 0.260 Loaded shared library C:\Program Files\Microsoft\jdk-17.0.8.7-hotspot\bin\jimage.dll
Event: 0.320 Loaded shared library C:\Program Files\Microsoft\jdk-17.0.8.7-hotspot\bin\verify.dll
Event: 0.472 Loaded shared library C:\Users\Niaz Designer\.gradle\native\68d5fa5c4cc2d200863cafc0d521ce42e7d3e7ee720ec0a83991735586a16f82\windows-amd64\native-platform.dll
Event: 0.485 Loaded shared library C:\Users\Niaz Designer\.gradle\native\e376f236ea51e6404a007f0833ffe2c6e607c4080706a723a18a27aeea778392\windows-amd64\native-platform-file-events.dll
Event: 1.435 Loaded shared library C:\Program Files\Microsoft\jdk-17.0.8.7-hotspot\bin\management.dll
Event: 1.438 Loaded shared library C:\Program Files\Microsoft\jdk-17.0.8.7-hotspot\bin\management_ext.dll
Event: 1.835 Loaded shared library C:\Program Files\Microsoft\jdk-17.0.8.7-hotspot\bin\sunmscapi.dll

Deoptimization events (20 events):
Event: 38.186 Thread 0x0000014b3b648e40 Uncommon trap: trap_request=0xffffffc6 fr.pc=0x0000014b0ff020ac relative=0x00000000000003cc
Event: 38.186 Thread 0x0000014b3b648e40 Uncommon trap: reason=bimorphic_or_optimized_type_check action=maybe_recompile pc=0x0000014b0ff020ac method=org.gradle.internal.snapshot.SnapshotUtil$1.handleAsDescendantOfChild(Lorg/gradle/internal/snapshot/VfsRelativePath;Lorg/gradle/internal/snapshot/F
Event: 38.186 Thread 0x0000014b3b648e40 DEOPT PACKING pc=0x0000014b0ff020ac sp=0x0000003eeeefb850
Event: 38.186 Thread 0x0000014b3b648e40 DEOPT UNPACKING pc=0x0000014b0efc69a3 sp=0x0000003eeeefb788 mode 2
Event: 38.186 Thread 0x0000014b3b648e40 Uncommon trap: trap_request=0xffffffc6 fr.pc=0x0000014b0ff020ac relative=0x00000000000003cc
Event: 38.186 Thread 0x0000014b3b648e40 Uncommon trap: reason=bimorphic_or_optimized_type_check action=maybe_recompile pc=0x0000014b0ff020ac method=org.gradle.internal.snapshot.SnapshotUtil$1.handleAsDescendantOfChild(Lorg/gradle/internal/snapshot/VfsRelativePath;Lorg/gradle/internal/snapshot/F
Event: 38.186 Thread 0x0000014b3b648e40 DEOPT PACKING pc=0x0000014b0ff020ac sp=0x0000003eeeefb5f0
Event: 38.186 Thread 0x0000014b3b648e40 DEOPT UNPACKING pc=0x0000014b0efc69a3 sp=0x0000003eeeefb528 mode 2
Event: 38.186 Thread 0x0000014b3b648e40 Uncommon trap: trap_request=0xffffffc6 fr.pc=0x0000014b0ff020ac relative=0x00000000000003cc
Event: 38.186 Thread 0x0000014b3b648e40 Uncommon trap: reason=bimorphic_or_optimized_type_check action=maybe_recompile pc=0x0000014b0ff020ac method=org.gradle.internal.snapshot.SnapshotUtil$1.handleAsDescendantOfChild(Lorg/gradle/internal/snapshot/VfsRelativePath;Lorg/gradle/internal/snapshot/F
Event: 38.186 Thread 0x0000014b3b648e40 DEOPT PACKING pc=0x0000014b0ff020ac sp=0x0000003eeeefb850
Event: 38.186 Thread 0x0000014b3b648e40 DEOPT UNPACKING pc=0x0000014b0efc69a3 sp=0x0000003eeeefb788 mode 2
Event: 38.269 Thread 0x0000014b3b648e40 Uncommon trap: trap_request=0xffffff76 fr.pc=0x0000014b0ff154cc relative=0x0000000000003f2c
Event: 38.269 Thread 0x0000014b3b648e40 Uncommon trap: reason=predicate action=maybe_recompile pc=0x0000014b0ff154cc method=org.gradle.internal.snapshot.impl.AbstractValueProcessor.processValue(Ljava/lang/Object;Lorg/gradle/internal/snapshot/impl/AbstractValueProcessor$ValueVisitor;)Ljava/lang/
Event: 38.269 Thread 0x0000014b3b648e40 DEOPT PACKING pc=0x0000014b0ff154cc sp=0x0000003eeeefccd0
Event: 38.269 Thread 0x0000014b3b648e40 DEOPT UNPACKING pc=0x0000014b0efc69a3 sp=0x0000003eeeefccc8 mode 2
Event: 38.280 Thread 0x0000014b3957af50 Uncommon trap: trap_request=0xffffff45 fr.pc=0x0000014b0f9ba18c relative=0x00000000000003ec
Event: 38.280 Thread 0x0000014b3957af50 Uncommon trap: reason=unstable_if action=reinterpret pc=0x0000014b0f9ba18c method=org.gradle.internal.io.StreamByteBuffer.allocateSpace()I @ 43 c2
Event: 38.280 Thread 0x0000014b3957af50 DEOPT PACKING pc=0x0000014b0f9ba18c sp=0x0000003eed5fe300
Event: 38.280 Thread 0x0000014b3957af50 DEOPT UNPACKING pc=0x0000014b0efc69a3 sp=0x0000003eed5fe2b8 mode 2

Classes unloaded (0 events):
No events

Classes redefined (0 events):
No events

Internal exceptions (20 events):
Event: 35.478 Thread 0x0000014b3b646ad0 Exception <a 'java/lang/NoSuchMethodError'{0x000000008f11b9e0}: 'void java.lang.invoke.DirectMethodHandle$Holder.invokeStatic(java.lang.Object, java.lang.Object, java.lang.Object, java.lang.Object, int, java.lang.Object, java.lang.Object)'> (0x000000008f11b9e0) 
thrown [s\src\hotspot\share\interpreter\linkResolver.cpp, line 759]
Event: 35.512 Thread 0x0000014b3b646ad0 Exception <a 'java/lang/NoSuchMethodError'{0x000000008f06db08}: 'java.lang.Object java.lang.invoke.DirectMethodHandle$Holder.invokeSpecialIFC(java.lang.Object, java.lang.Object, java.lang.Object)'> (0x000000008f06db08) 
thrown [s\src\hotspot\share\interpreter\linkResolver.cpp, line 759]
Event: 35.643 Thread 0x0000014b3b646ad0 Exception <a 'java/lang/NoSuchMethodError'{0x000000008ff2d3b0}: 'void java.lang.invoke.DirectMethodHandle$Holder.invokeVirtual(java.lang.Object, java.lang.Object)'> (0x000000008ff2d3b0) 
thrown [s\src\hotspot\share\interpreter\linkResolver.cpp, line 759]
Event: 36.255 Thread 0x0000014b3b648930 Exception <a 'java/lang/ClassNotFoundException'{0x000000008fd58170}: groovy/util/FileTreeBuilderBeanInfo> (0x000000008fd58170) 
thrown [s\src\hotspot\share\classfile\systemDictionary.cpp, line 256]
Event: 36.256 Thread 0x0000014b3b648930 Exception <a 'java/lang/ClassNotFoundException'{0x000000008fdb9e98}: groovy/util/FileTreeBuilderCustomizer> (0x000000008fdb9e98) 
thrown [s\src\hotspot\share\classfile\systemDictionary.cpp, line 256]
Event: 36.260 Thread 0x0000014b3b648930 Exception <a 'java/lang/ClassNotFoundException'{0x000000008fdf0d50}: java/io/BufferedWriterBeanInfo> (0x000000008fdf0d50) 
thrown [s\src\hotspot\share\classfile\systemDictionary.cpp, line 256]
Event: 36.260 Thread 0x0000014b3b648930 Exception <a 'java/lang/ClassNotFoundException'{0x000000008fdf6388}: java/io/WriterBeanInfo> (0x000000008fdf6388) 
thrown [s\src\hotspot\share\classfile\systemDictionary.cpp, line 256]
Event: 36.260 Thread 0x0000014b3b648930 Exception <a 'java/lang/ClassNotFoundException'{0x000000008fdfb9d0}: java/io/WriterCustomizer> (0x000000008fdfb9d0) 
thrown [s\src\hotspot\share\classfile\systemDictionary.cpp, line 256]
Event: 36.260 Thread 0x0000014b3b648930 Exception <a 'java/lang/ClassNotFoundException'{0x000000008fc0a150}: java/io/BufferedWriterCustomizer> (0x000000008fc0a150) 
thrown [s\src\hotspot\share\classfile\systemDictionary.cpp, line 256]
Event: 36.294 Thread 0x0000014b3b648930 Exception <a 'java/lang/NoSuchMethodError'{0x000000008fc9b780}: static Lcom/android/build/api/variant/BuildConfigField;.<clinit>()V> (0x000000008fc9b780) 
thrown [s\src\hotspot\share\prims\jni.cpp, line 1107]
Event: 37.750 Thread 0x0000014b3b648930 Exception <a 'java/lang/NoSuchMethodError'{0x00000000904d4d58}: static Lcom/android/build/api/variant/impl/ResValueKeyImpl;.<clinit>()V> (0x00000000904d4d58) 
thrown [s\src\hotspot\share\prims\jni.cpp, line 1107]
Event: 37.751 Thread 0x0000014b3b648930 Exception <a 'java/lang/NoSuchMethodError'{0x00000000904e3da8}: static Lcom/android/build/api/variant/ResValue;.<clinit>()V> (0x00000000904e3da8) 
thrown [s\src\hotspot\share\prims\jni.cpp, line 1107]
Event: 37.758 Thread 0x0000014b3b648930 Exception <a 'sun/nio/fs/WindowsException'{0x000000009035b118}> (0x000000009035b118) 
thrown [s\src\hotspot\share\prims\jni.cpp, line 516]
Event: 37.772 Thread 0x0000014b3b648930 Exception <a 'sun/nio/fs/WindowsException'{0x00000000903c15d8}> (0x00000000903c15d8) 
thrown [s\src\hotspot\share\prims\jni.cpp, line 516]
Event: 37.782 Thread 0x0000014b3b648930 Exception <a 'sun/nio/fs/WindowsException'{0x0000000090238548}> (0x0000000090238548) 
thrown [s\src\hotspot\share\prims\jni.cpp, line 516]
Event: 37.802 Thread 0x0000014b3b648930 Exception <a 'sun/nio/fs/WindowsException'{0x00000000902b92d8}> (0x00000000902b92d8) 
thrown [s\src\hotspot\share\prims\jni.cpp, line 516]
Event: 37.810 Thread 0x0000014b3b648930 Exception <a 'sun/nio/fs/WindowsException'{0x0000000090124098}> (0x0000000090124098) 
thrown [s\src\hotspot\share\prims\jni.cpp, line 516]
Event: 37.822 Thread 0x0000014b3b648930 Exception <a 'sun/nio/fs/WindowsException'{0x00000000901b0488}> (0x00000000901b0488) 
thrown [s\src\hotspot\share\prims\jni.cpp, line 516]
Event: 37.834 Thread 0x0000014b3b648930 Exception <a 'sun/nio/fs/WindowsException'{0x000000009001c240}> (0x000000009001c240) 
thrown [s\src\hotspot\share\prims\jni.cpp, line 516]
Event: 37.872 Thread 0x0000014b3b648930 Exception <a 'sun/nio/fs/WindowsException'{0x000000008ff3e2a8}> (0x000000008ff3e2a8) 
thrown [s\src\hotspot\share\prims\jni.cpp, line 516]

VM Operations (20 events):
Event: 37.765 Executing VM operation: HandshakeAllThreads
Event: 37.766 Executing VM operation: HandshakeAllThreads done
Event: 37.767 Executing VM operation: HandshakeAllThreads
Event: 37.767 Executing VM operation: HandshakeAllThreads done
Event: 37.867 Executing VM operation: ICBufferFull
Event: 37.867 Executing VM operation: ICBufferFull done
Event: 37.893 Executing VM operation: HandshakeAllThreads
Event: 37.893 Executing VM operation: HandshakeAllThreads done
Event: 37.913 Executing VM operation: ICBufferFull
Event: 37.913 Executing VM operation: ICBufferFull done
Event: 37.937 Executing VM operation: G1CollectForAllocation
Event: 37.942 Executing VM operation: G1CollectForAllocation done
Event: 38.091 Executing VM operation: G1CollectForAllocation
Event: 38.094 Executing VM operation: G1CollectForAllocation done
Event: 38.162 Executing VM operation: HandshakeAllThreads
Event: 38.163 Executing VM operation: HandshakeAllThreads done
Event: 38.309 Executing VM operation: G1CollectForAllocation
Event: 38.312 Executing VM operation: G1CollectForAllocation done
Event: 38.392 Executing VM operation: G1CollectForAllocation
Event: 38.395 Executing VM operation: G1CollectForAllocation done

Events (20 events):
Event: 36.260 loading class java/io/BufferedWriterBeanInfo done
Event: 36.260 loading class java/io/BufferedWriterBeanInfo
Event: 36.260 loading class java/io/BufferedWriterBeanInfo done
Event: 36.260 loading class java/io/WriterBeanInfo
Event: 36.260 loading class java/io/WriterBeanInfo done
Event: 36.260 loading class java/io/WriterBeanInfo
Event: 36.260 loading class java/io/WriterBeanInfo done
Event: 36.260 loading class java/io/WriterCustomizer
Event: 36.260 loading class java/io/WriterCustomizer done
Event: 36.260 loading class java/io/WriterCustomizer
Event: 36.260 loading class java/io/WriterCustomizer done
Event: 36.260 loading class java/io/BufferedWriterCustomizer
Event: 36.260 loading class java/io/BufferedWriterCustomizer done
Event: 36.260 loading class java/io/BufferedWriterCustomizer
Event: 36.260 loading class java/io/BufferedWriterCustomizer done
Event: 37.900 Thread 0x0000014b16b60e70 flushing nmethod 0x0000014b07bfda10
Event: 37.903 Thread 0x0000014b16b60e70 flushing nmethod 0x0000014b081e6110
Event: 37.905 Thread 0x0000014b16b60e70 flushing nmethod 0x0000014b0854f410
Event: 37.907 Thread 0x0000014b16b60e70 flushing nmethod 0x0000014b0881ef10
Event: 37.908 Thread 0x0000014b16b60e70 flushing nmethod 0x0000014b0895af90


Dynamic libraries:
0x00007ff6ba080000 - 0x00007ff6ba08e000 	C:\Program Files\Microsoft\jdk-17.0.8.7-hotspot\bin\java.exe
0x00007ffeb9cd0000 - 0x00007ffeb9ec8000 	C:\Windows\SYSTEM32\ntdll.dll
0x00007ffeb8660000 - 0x00007ffeb871d000 	C:\Windows\System32\KERNEL32.DLL
0x00007ffeb76e0000 - 0x00007ffeb79d6000 	C:\Windows\System32\KERNELBASE.dll
0x00007ffeb79e0000 - 0x00007ffeb7ae0000 	C:\Windows\System32\ucrtbase.dll
0x00007ffe46210000 - 0x00007ffe46227000 	C:\Program Files\Microsoft\jdk-17.0.8.7-hotspot\bin\jli.dll
0x00007ffeb7f50000 - 0x00007ffeb80ee000 	C:\Windows\System32\USER32.dll
0x00007ffeb7b80000 - 0x00007ffeb7ba2000 	C:\Windows\System32\win32u.dll
0x00007ffeb9c60000 - 0x00007ffeb9c8c000 	C:\Windows\System32\GDI32.dll
0x00007ffeb73d0000 - 0x00007ffeb74ea000 	C:\Windows\System32\gdi32full.dll
0x00007ffeb7ae0000 - 0x00007ffeb7b7d000 	C:\Windows\System32\msvcp_win.dll
0x00007ffe461f0000 - 0x00007ffe4620b000 	C:\Program Files\Microsoft\jdk-17.0.8.7-hotspot\bin\VCRUNTIME140.dll
0x00007ffea1470000 - 0x00007ffea170a000 	C:\Windows\WinSxS\amd64_microsoft.windows.common-controls_6595b64144ccf1df_6.0.19041.3636_none_60b6a03d71f818d5\COMCTL32.dll
0x00007ffeb8560000 - 0x00007ffeb85fe000 	C:\Windows\System32\msvcrt.dll
0x00007ffeb7d40000 - 0x00007ffeb7d70000 	C:\Windows\System32\IMM32.DLL
0x00007ffea8bf0000 - 0x00007ffea8bfc000 	C:\Program Files\Microsoft\jdk-17.0.8.7-hotspot\bin\vcruntime140_1.dll
0x00007ffe91290000 - 0x00007ffe9131d000 	C:\Program Files\Microsoft\jdk-17.0.8.7-hotspot\bin\msvcp140.dll
0x00007ffe47910000 - 0x00007ffe48575000 	C:\Program Files\Microsoft\jdk-17.0.8.7-hotspot\bin\server\jvm.dll
0x00007ffeb8be0000 - 0x00007ffeb8c93000 	C:\Windows\System32\ADVAPI32.dll
0x00007ffeb8b40000 - 0x00007ffeb8bdf000 	C:\Windows\System32\sechost.dll
0x00007ffeb9b30000 - 0x00007ffeb9c56000 	C:\Windows\System32\RPCRT4.dll
0x00007ffeb73a0000 - 0x00007ffeb73c7000 	C:\Windows\System32\bcrypt.dll
0x00007ffeb7200000 - 0x00007ffeb724b000 	C:\Windows\SYSTEM32\POWRPROF.dll
0x00007ffea70f0000 - 0x00007ffea70f9000 	C:\Windows\SYSTEM32\WSOCK32.dll
0x00007ffeb96f0000 - 0x00007ffeb975b000 	C:\Windows\System32\WS2_32.dll
0x00007ffea11f0000 - 0x00007ffea1217000 	C:\Windows\SYSTEM32\WINMM.dll
0x00007ffeb51c0000 - 0x00007ffeb51ca000 	C:\Windows\SYSTEM32\VERSION.dll
0x00007ffeb71e0000 - 0x00007ffeb71f2000 	C:\Windows\SYSTEM32\UMPDC.dll
0x00007ffeb5bb0000 - 0x00007ffeb5bc2000 	C:\Windows\SYSTEM32\kernel.appcore.dll
0x00007ffea70e0000 - 0x00007ffea70ea000 	C:\Program Files\Microsoft\jdk-17.0.8.7-hotspot\bin\jimage.dll
0x00007ffe9aed0000 - 0x00007ffe9b0b4000 	C:\Windows\SYSTEM32\DBGHELP.DLL
0x00007ffe9ccc0000 - 0x00007ffe9ccf4000 	C:\Windows\SYSTEM32\dbgcore.DLL
0x00007ffeb7650000 - 0x00007ffeb76d2000 	C:\Windows\System32\bcryptPrimitives.dll
0x00007ffeb2a80000 - 0x00007ffeb2a8e000 	C:\Program Files\Microsoft\jdk-17.0.8.7-hotspot\bin\instrument.dll
0x00007ffe91260000 - 0x00007ffe91285000 	C:\Program Files\Microsoft\jdk-17.0.8.7-hotspot\bin\java.dll
0x00007ffe47830000 - 0x00007ffe47907000 	C:\Program Files\Microsoft\jdk-17.0.8.7-hotspot\bin\jsvml.dll
0x00007ffeb8ca0000 - 0x00007ffeb93e5000 	C:\Windows\System32\SHELL32.dll
0x00007ffeb5410000 - 0x00007ffeb5bab000 	C:\Windows\SYSTEM32\windows.storage.dll
0x00007ffeb9760000 - 0x00007ffeb9ab4000 	C:\Windows\System32\combase.dll
0x00007ffeb6c20000 - 0x00007ffeb6c4d000 	C:\Windows\SYSTEM32\Wldp.dll
0x00007ffeb7d70000 - 0x00007ffeb7e1d000 	C:\Windows\System32\SHCORE.dll
0x00007ffeb9400000 - 0x00007ffeb9455000 	C:\Windows\System32\shlwapi.dll
0x00007ffeb72d0000 - 0x00007ffeb72f5000 	C:\Windows\SYSTEM32\profapi.dll
0x00007ffe911d0000 - 0x00007ffe911e8000 	C:\Program Files\Microsoft\jdk-17.0.8.7-hotspot\bin\zip.dll
0x00007ffe91210000 - 0x00007ffe91229000 	C:\Program Files\Microsoft\jdk-17.0.8.7-hotspot\bin\net.dll
0x00007ffeb0780000 - 0x00007ffeb088a000 	C:\Windows\SYSTEM32\WINHTTP.dll
0x00007ffeb6a00000 - 0x00007ffeb6a6a000 	C:\Windows\system32\mswsock.dll
0x00007ffe911f0000 - 0x00007ffe91206000 	C:\Program Files\Microsoft\jdk-17.0.8.7-hotspot\bin\nio.dll
0x00007ffeb5140000 - 0x00007ffeb5150000 	C:\Program Files\Microsoft\jdk-17.0.8.7-hotspot\bin\verify.dll
0x00007ffeb2c10000 - 0x00007ffeb2c37000 	C:\Users\Niaz Designer\.gradle\native\68d5fa5c4cc2d200863cafc0d521ce42e7d3e7ee720ec0a83991735586a16f82\windows-amd64\native-platform.dll
0x00007ffe9e5e0000 - 0x00007ffe9e724000 	C:\Users\Niaz Designer\.gradle\native\e376f236ea51e6404a007f0833ffe2c6e607c4080706a723a18a27aeea778392\windows-amd64\native-platform-file-events.dll
0x00007ffeb2b10000 - 0x00007ffeb2b19000 	C:\Program Files\Microsoft\jdk-17.0.8.7-hotspot\bin\management.dll
0x00007ffe46260000 - 0x00007ffe4626b000 	C:\Program Files\Microsoft\jdk-17.0.8.7-hotspot\bin\management_ext.dll
0x00007ffeb93f0000 - 0x00007ffeb93f8000 	C:\Windows\System32\PSAPI.DLL
0x00007ffeb6c60000 - 0x00007ffeb6c78000 	C:\Windows\SYSTEM32\CRYPTSP.dll
0x00007ffeb6350000 - 0x00007ffeb6384000 	C:\Windows\system32\rsaenh.dll
0x00007ffeb7250000 - 0x00007ffeb727e000 	C:\Windows\SYSTEM32\USERENV.dll
0x00007ffeb6b90000 - 0x00007ffeb6b9c000 	C:\Windows\SYSTEM32\CRYPTBASE.dll
0x00007ffeb6710000 - 0x00007ffeb674b000 	C:\Windows\SYSTEM32\IPHLPAPI.DLL
0x00007ffeb9b20000 - 0x00007ffeb9b28000 	C:\Windows\System32\NSI.dll
0x00007ffeb1320000 - 0x00007ffeb1337000 	C:\Windows\SYSTEM32\dhcpcsvc6.DLL
0x00007ffeb1300000 - 0x00007ffeb131d000 	C:\Windows\SYSTEM32\dhcpcsvc.DLL
0x00007ffeb6750000 - 0x00007ffeb681a000 	C:\Windows\SYSTEM32\DNSAPI.dll
0x00007ffe46250000 - 0x00007ffe4625e000 	C:\Program Files\Microsoft\jdk-17.0.8.7-hotspot\bin\sunmscapi.dll
0x00007ffeb74f0000 - 0x00007ffeb764d000 	C:\Windows\System32\CRYPT32.dll
0x00007ffeb6d70000 - 0x00007ffeb6d98000 	C:\Windows\SYSTEM32\ncrypt.dll
0x00007ffeb6d30000 - 0x00007ffeb6d6b000 	C:\Windows\SYSTEM32\NTASN1.dll
0x00007ffe46240000 - 0x00007ffe46247000 	C:\Windows\system32\wshunix.dll
0x00007ffead710000 - 0x00007ffead71a000 	C:\Windows\System32\rasadhlp.dll
0x00007ffeb0490000 - 0x00007ffeb0510000 	C:\Windows\System32\fwpuclnt.dll
0x00007ffe8ed50000 - 0x00007ffe8ed67000 	C:\Windows\system32\napinsp.dll
0x00007ffe75cd0000 - 0x00007ffe75ceb000 	C:\Windows\system32\pnrpnsp.dll
0x00007ffe915c0000 - 0x00007ffe915d5000 	C:\Windows\system32\wshbth.dll
0x00007ffeb2a60000 - 0x00007ffeb2a7d000 	C:\Windows\system32\NLAapi.dll
0x00007ffe75cb0000 - 0x00007ffe75cc2000 	C:\Windows\System32\winrnr.dll

dbghelp: loaded successfully - version: 4.0.5 - missing functions: none
symbol engine: initialized successfully - sym options: 0x614 - pdb path: .;C:\Program Files\Microsoft\jdk-17.0.8.7-hotspot\bin;C:\Windows\SYSTEM32;C:\Windows\WinSxS\amd64_microsoft.windows.common-controls_6595b64144ccf1df_6.0.19041.3636_none_60b6a03d71f818d5;C:\Program Files\Microsoft\jdk-17.0.8.7-hotspot\bin\server;C:\Users\Niaz Designer\.gradle\native\68d5fa5c4cc2d200863cafc0d521ce42e7d3e7ee720ec0a83991735586a16f82\windows-amd64;C:\Users\Niaz Designer\.gradle\native\e376f236ea51e6404a007f0833ffe2c6e607c4080706a723a18a27aeea778392\windows-amd64

VM Arguments:
jvm_args: -XX:MaxMetaspaceSize=512m --add-opens=java.base/java.util=ALL-UNNAMED --add-opens=java.base/java.lang=ALL-UNNAMED --add-opens=java.base/java.lang.invoke=ALL-UNNAMED --add-opens=java.prefs/java.util.prefs=ALL-UNNAMED --add-opens=java.base/java.nio.charset=ALL-UNNAMED --add-opens=java.base/java.net=ALL-UNNAMED --add-opens=java.base/java.util.concurrent.atomic=ALL-UNNAMED -Xmx2048m -Dfile.encoding=windows-1252 -Duser.country=US -Duser.language=en -Duser.variant -javaagent:C:\Users\Niaz Designer\.gradle\wrapper\dists\gradle-8.3-all\6en3ugtfdg5xnpx44z4qbwgas\gradle-8.3\lib\agents\gradle-instrumentation-agent-8.3.jar 
java_command: org.gradle.launcher.daemon.bootstrap.GradleDaemon 8.3
java_class_path (initial): C:\Users\Niaz Designer\.gradle\wrapper\dists\gradle-8.3-all\6en3ugtfdg5xnpx44z4qbwgas\gradle-8.3\lib\gradle-launcher-8.3.jar
Launcher Type: SUN_STANDARD

[Global flags]
     intx CICompilerCount                          = 3                                         {product} {ergonomic}
   size_t CompressedClassSpaceSize                 = 436207616                                 {product} {ergonomic}
     uint ConcGCThreads                            = 1                                         {product} {ergonomic}
     uint G1ConcRefinementThreads                  = 4                                         {product} {ergonomic}
   size_t G1HeapRegionSize                         = 1048576                                   {product} {ergonomic}
    uintx GCDrainStackTargetSize                   = 64                                        {product} {ergonomic}
   size_t InitialHeapSize                          = 268435456                                 {product} {ergonomic}
   size_t MarkStackSize                            = 4194304                                   {product} {ergonomic}
   size_t MaxHeapSize                              = 2147483648                                {product} {command line}
   size_t MaxMetaspaceSize                         = 536870912                                 {product} {command line}
   size_t MaxNewSize                               = 1287651328                                {product} {ergonomic}
   size_t MinHeapDeltaBytes                        = 1048576                                   {product} {ergonomic}
   size_t MinHeapSize                              = 8388608                                   {product} {ergonomic}
    uintx NonNMethodCodeHeapSize                   = 5832780                                {pd product} {ergonomic}
    uintx NonProfiledCodeHeapSize                  = 122912730                              {pd product} {ergonomic}
    uintx ProfiledCodeHeapSize                     = 122912730                              {pd product} {ergonomic}
    uintx ReservedCodeCacheSize                    = 251658240                              {pd product} {ergonomic}
     bool SegmentedCodeCache                       = true                                      {product} {ergonomic}
   size_t SoftMaxHeapSize                          = 2147483648                             {manageable} {ergonomic}
     bool UseCompressedClassPointers               = true                           {product lp64_product} {ergonomic}
     bool UseCompressedOops                        = true                           {product lp64_product} {ergonomic}
     bool UseG1GC                                  = true                                      {product} {ergonomic}
     bool UseLargePagesIndividualAllocation        = false                                  {pd product} {ergonomic}

Logging:
Log output configuration:
 #0: stdout all=warning uptime,level,tags
 #1: stderr all=off uptime,level,tags

Environment Variables:
JAVA_HOME=C:\Program Files\Microsoft\jdk-17.0.8.7-hotspot\
CLASSPATH=C:\Shahid\ReactNative\BloodDonation\android\\gradle\wrapper\gradle-wrapper.jar
PATH=C:\Shahid\ReactNative\BloodDonation\node_modules\.bin;C:\Shahid\ReactNative\BloodDonation\node_modules\.bin;C:\Shahid\ReactNative\node_modules\.bin;C:\Shahid\node_modules\.bin;C:\node_modules\.bin;C:\Users\Niaz Designer\AppData\Roaming\npm\node_modules\npm\node_modules\@npmcli\run-script\lib\node-gyp-bin;C:\Users\NIAZDE~1\AppData\Local\Temp\yarn--1706504855617-0.9924569621104218;C:\Shahid\ReactNative\BloodDonation\node_modules\.bin;C:\Users\Niaz Designer\AppData\Local\Yarn\Data\link\node_modules\.bin;C:\Users\Niaz Designer\AppData\Local\Yarn\bin;C:\Program Files\libexec\lib\node_modules\npm\bin\node-gyp-bin;C:\Program Files\lib\node_modules\npm\bin\node-gyp-bin;C:\Program Files\nodejs\node_modules\npm\bin\node-gyp-bin;C:\Program Files\Microsoft\jdk-17.0.8.7-hotspot\bin;C:\Program Files\Common Files\Oracle\Java\javapath;C:\Program Files\Microsoft\jdk-11.0.20.8-hotspot\bin;C:\Program Files (x86)\Common Files\Intel\Shared Libraries\redist\intel64\compiler;C:\Windows\system32;C:\Windows;C:\Windows\System32\Wbem;C:\Windows\System32\WindowsPowerShell\v1.0\;C:\Windows\System32\OpenSSH\;C:\Program Files (x86)\Intel\Intel(R) Management Engine Components\DAL;C:\Program Files\Intel\Intel(R) Management Engine Components\DAL;C:\ProgramData\chocolatey\bin;C:\Program Files\nodejs\;C:\Users\Niaz Designer\AppData\Local\Android\Sdk\platform-tools;C:\Program Files\Git\cmd;C:\Program Files\Microsoft SQL Server\150\Tools\Binn\;C:\Program Files\Microsoft SQL Server\Client SDK\ODBC\170\Tools\Binn\;C:\Program Files\dotnet\;C:\Program Files (x86)\Microsoft SQL Server\160\Tools\Binn\;C:\Program Files\Microsoft SQL Server\160\Tools\Binn\;C:\Program Files\Microsoft SQL Server\160\DTS\Binn\;C:\Program Files (x86)\Microsoft SQL Server\160\DTS\Binn\;C:\Program Files\Azure Data Studio\bin;C:\Users\Niaz Designer\AppData\Local\Microsoft\WindowsApps;C:\Users\Niaz Designer\AppData\Roaming\npm;C:\Users\Niaz Designer\AppData\Local\GitHubDesktop\bin;C:\Users\Niaz Designer\AppData\Local\Programs\Microso
USERNAME=Niaz Designer
LANG=en_US.UTF-8
OS=Windows_NT
PROCESSOR_IDENTIFIER=Intel64 Family 6 Model 94 Stepping 3, GenuineIntel
TMP=C:\Users\NIAZDE~1\AppData\Local\Temp
TEMP=C:\Users\NIAZDE~1\AppData\Local\Temp



---------------  S Y S T E M  ---------------

OS:
 Windows 10 , 64 bit Build 19041 (10.0.19041.3636)
OS uptime: 3 days 21:41 hours
Hyper-V role detected

CPU: total 4 (initial active 4) (4 cores per cpu, 1 threads per core) family 6 model 94 stepping 3 microcode 0xf0, cx8, cmov, fxsr, mmx, 3dnowpref, sse, sse2, sse3, ssse3, sse4.1, sse4.2, popcnt, lzcnt, tsc, tscinvbit, avx, avx2, aes, erms, clmul, bmi1, bmi2, rtm, adx, fma, vzeroupper, clflush, clflushopt, hv
Processor Information for all 4 processors :
  Max Mhz: 3312, Current Mhz: 3312, Mhz Limit: 3312

Memory: 4k page, system-wide physical 16263M (8542M free)
TotalPageFile size 22407M (AvailPageFile size 13454M)
current process WorkingSet (physical memory assigned to process): 601M, peak: 604M
current process commit charge ("private bytes"): 639M, peak: 644M

vm_info: OpenJDK 64-Bit Server VM (17.0.8+7-LTS) for windows-amd64 JRE (17.0.8+7-LTS), built on Jul  7 2023 17:21:55 by "MicrosoftCorporation" with MS VC++ 16.10 / 16.11 (VS2019)

END.
