#
# A fatal error has been detected by the Java Runtime Environment:
#
#  EXCEPTION_ACCESS_VIOLATION (0xc0000005) at pc=0x00007ffda8b3e0a9, pid=6652, tid=9412
#
# JRE version: OpenJDK Runtime Environment Microsoft-8035246 (17.0.8+7) (build 17.0.8+7-LTS)
# Java VM: OpenJDK 64-Bit Server VM Microsoft-8035246 (17.0.8+7-LTS, mixed mode, sharing, tiered, compressed oops, compressed class ptrs, g1 gc, windows-amd64)
# Problematic frame:
# V  [jvm.dll+0x2be0a9]
#
# No core dump will be written. Minidumps are not enabled by default on client versions of Windows
#
# If you would like to submit a bug report, please visit:
#   https://github.com/microsoft/openjdk/issues
#

---------------  S U M M A R Y ------------

Command Line: -XX:MaxMetaspaceSize=512m --add-opens=java.base/java.util=ALL-UNNAMED --add-opens=java.base/java.lang=ALL-UNNAMED --add-opens=java.base/java.lang.invoke=ALL-UNNAMED --add-opens=java.prefs/java.util.prefs=ALL-UNNAMED --add-opens=java.base/java.nio.charset=ALL-UNNAMED --add-opens=java.base/java.net=ALL-UNNAMED --add-opens=java.base/java.util.concurrent.atomic=ALL-UNNAMED -Xmx2048m -Dfile.encoding=windows-1252 -Duser.country=US -Duser.language=en -Duser.variant -javaagent:C:\Users\Niaz Designer\.gradle\wrapper\dists\gradle-8.3-all\6en3ugtfdg5xnpx44z4qbwgas\gradle-8.3\lib\agents\gradle-instrumentation-agent-8.3.jar org.gradle.launcher.daemon.bootstrap.GradleDaemon 8.3

Host: Intel(R) Core(TM) i5-6600 CPU @ 3.30GHz, 4 cores, 15G,  Windows 10 , 64 bit Build 19041 (10.0.19041.3636)
Time: Mon Jan  8 10:06:28 2024 Pakistan Standard Time elapsed time: 61.592176 seconds (0d 0h 1m 1s)

---------------  T H R E A D  ---------------

Current thread (0x00000232f93f2f20):  JavaThread "C2 CompilerThread0" daemon [_thread_in_native, id=9412, stack(0x0000005002600000,0x0000005002700000)]


Current CompileTask:
C2:  61592 16246   !   4       org.gradle.cache.internal.DefaultMultiProcessSafeIndexedCache::getIfPresent (25 bytes)

Stack: [0x0000005002600000,0x0000005002700000],  sp=0x00000050026fb280,  free space=1004k
Native frames: (J=compiled Java code, j=interpreted, Vv=VM code, C=native code)
V  [jvm.dll+0x2be0a9]
V  [jvm.dll+0x21ba8b]
V  [jvm.dll+0x21944b]
V  [jvm.dll+0x1a56b6]
V  [jvm.dll+0x2291ea]
V  [jvm.dll+0x22724c]
V  [jvm.dll+0x7efd0c]
V  [jvm.dll+0x7ea13a]
V  [jvm.dll+0x67ad85]
C  [ucrtbase.dll+0x21bb2]
C  [KERNEL32.DLL+0x17344]
C  [ntdll.dll+0x526b1]


siginfo: EXCEPTION_ACCESS_VIOLATION (0xc0000005), reading address 0x0000000000000028


Register to memory mapping:

RIP=0x00007ffda8b3e0a9 jvm.dll
RAX=0x00000232a6478e30 points into unknown readable memory: 0x0000000000000000 | 00 00 00 00 00 00 00 00
RBX=0x0000000000001916 is an unknown value
RCX=0x0 is NULL
RDX=0x0 is NULL
RSP=0x00000050026fb280 is pointing into the stack for thread: 0x00000232f93f2f20
RBP=0x00000050026fb2f0 is pointing into the stack for thread: 0x00000232f93f2f20
RSI=0x0 is NULL
RDI=0x0000000000000050 is an unknown value
R8 =0x000000000000ffe0 is an unknown value
R9 =0x0 is NULL
R10=0x00007ffe271e0000 VCRUNTIME140.dll
R11=0x00000232a6478e50 points into unknown readable memory: 0x0000000000000000 | 00 00 00 00 00 00 00 00
R12=0x0000000000000050 is an unknown value
R13=0x0 is NULL
R14=0x0 is NULL
R15=0x00000050026fe4a0 is pointing into the stack for thread: 0x00000232f93f2f20


Registers:
RAX=0x00000232a6478e30, RBX=0x0000000000001916, RCX=0x0000000000000000, RDX=0x0000000000000000
RSP=0x00000050026fb280, RBP=0x00000050026fb2f0, RSI=0x0000000000000000, RDI=0x0000000000000050
R8 =0x000000000000ffe0, R9 =0x0000000000000000, R10=0x00007ffe271e0000, R11=0x00000232a6478e50
R12=0x0000000000000050, R13=0x0000000000000000, R14=0x0000000000000000, R15=0x00000050026fe4a0
RIP=0x00007ffda8b3e0a9, EFLAGS=0x0000000000010202

Top of Stack: (sp=0x00000050026fb280)
0x00000050026fb280:   0000000000001916 0000000000000000
0x00000050026fb290:   00000050026fe4a0 00007ffda8aa38d1
0x00000050026fb2a0:   00000232f93f1e80 00007ffd00002000
0x00000050026fb2b0:   00000232a6478e30 0000023200000000
0x00000050026fb2c0:   0000000000000002 00000232a34f4790
0x00000050026fb2d0:   0000000000000002 00000232f93f1e80
0x00000050026fb2e0:   0000000000000000 0000000000000000
0x00000050026fb2f0:   00000232d95dc630 00000232db7fa5d0
0x00000050026fb300:   0000000000000050 00007ffda91c4c08
0x00000050026fb310:   00000050026fb420 00007ffda8a9ba8b
0x00000050026fb320:   00000050026fe4a0 00007ffda91c4c08
0x00000050026fb330:   00000050026fe4a0 00000050026fb420
0x00000050026fb340:   0000023200000000 00007ffda8e9b7fb
0x00000050026fb350:   000000500000000f 00000050026fe4a0
0x00000050026fb360:   00000050026fb4d0 0000000000000000
0x00000050026fb370:   0000023200000100 00007ffda91c4c08 

Instructions: (pc=0x00007ffda8b3e0a9)
0x00007ffda8b3dfa9:   3b d0 75 0b ff c1 41 3b c9 7c dc 48 8b c2 c3 33
0x00007ffda8b3dfb9:   c0 c3 cc cc cc cc cc 48 89 5c 24 18 55 56 57 41
0x00007ffda8b3dfc9:   55 41 57 48 8b ec 48 83 ec 70 65 48 8b 04 25 58
0x00007ffda8b3dfd9:   00 00 00 48 8b f2 44 8b 05 d2 8b 90 00 4c 8b f9
0x00007ffda8b3dfe9:   4a 8b 1c c0 b8 50 00 00 00 80 3c 18 00 75 05 e8
0x00007ffda8b3dff9:   8b 6f 5d 00 b8 20 00 00 00 48 8b 04 18 48 8b 98
0x00007ffda8b3e009:   38 02 00 00 48 89 5d b0 c7 45 b8 04 00 00 00 48
0x00007ffda8b3e019:   8b 43 18 48 83 f8 df 76 18 4c 8d 05 37 a9 65 00
0x00007ffda8b3e029:   ba 20 00 00 00 48 8b cb e8 5a eb de ff 48 8b 43
0x00007ffda8b3e039:   18 48 8d 48 20 48 3b 4b 20 76 11 45 33 c0 48 8b
0x00007ffda8b3e049:   cb 41 8d 50 20 e8 fd e8 de ff eb 04 48 89 4b 18
0x00007ffda8b3e059:   44 8b 45 b8 33 d2 49 c1 e0 03 48 8b c8 48 89 45
0x00007ffda8b3e069:   c0 e8 e3 80 5d 00 45 33 ed 48 8d 4d d0 44 89 6d
0x00007ffda8b3e079:   c8 e8 01 59 56 00 41 8b 9f 40 02 00 00 41 2b 9f
0x00007ffda8b3e089:   68 02 00 00 44 89 6d f0 3b 5d b8 72 0b 8b d3 48
0x00007ffda8b3e099:   8d 4d b0 e8 6f b3 39 00 48 8b 45 c0 4c 89 2c d8
0x00007ffda8b3e0a9:   8b 7e 28 8b df c1 eb 05 3b 5d d0 72 0b 8b d3 48
0x00007ffda8b3e0b9:   8d 4d d0 e8 1f 59 56 00 48 8b 45 d8 83 e7 1f 48
0x00007ffda8b3e0c9:   8d 14 98 40 0f b6 cf 41 b8 01 00 00 00 41 d3 e0
0x00007ffda8b3e0d9:   8b 0a 8b c1 41 0b c0 89 02 41 85 c8 75 21 8b 5d
0x00007ffda8b3e0e9:   c8 8d 43 01 89 45 c8 3b 5d b8 72 0b 8b d3 48 8d
0x00007ffda8b3e0f9:   4d b0 e8 10 b3 39 00 48 8b 45 c0 48 89 34 d8 44
0x00007ffda8b3e109:   39 6d c8 0f 86 77 01 00 00 4c 89 a4 24 a0 00 00
0x00007ffda8b3e119:   00 4c 89 b4 24 a8 00 00 00 48 8b 45 c0 41 8b cd
0x00007ffda8b3e129:   48 8b 34 c8 8b 46 2c 25 ff 1f 00 00 3d 04 10 00
0x00007ffda8b3e139:   00 0f 85 a7 00 00 00 bb 01 00 00 00 39 5e 18 76
0x00007ffda8b3e149:   39 66 0f 1f 44 00 00 48 8b 46 08 8b cb 48 8b 14
0x00007ffda8b3e159:   c8 48 85 d2 74 1d 48 83 7a 10 00 74 16 80 7a 2c
0x00007ffda8b3e169:   84 74 10 e8 7f 7e ee ff 48 8b d0 49 8b cf e8 a4
0x00007ffda8b3e179:   61 f6 ff ff c3 3b 5e 18 72 cd 48 8b 5e 10 8b 46
0x00007ffda8b3e189:   20 4c 8d 34 c3 49 3b de 73 54 48 8b 3b 8b 47 2c
0x00007ffda8b3e199:   83 e0 03 3c 03 75 2e 48 8b 07 48 8b cf ff 90 88 


Stack slot to memory mapping:
stack at sp + 0 slots: 0x0000000000001916 is an unknown value
stack at sp + 1 slots: 0x0 is NULL
stack at sp + 2 slots: 0x00000050026fe4a0 is pointing into the stack for thread: 0x00000232f93f2f20
stack at sp + 3 slots: 0x00007ffda8aa38d1 jvm.dll
stack at sp + 4 slots: 0x00000232f93f1e80 points into unknown readable memory: 0x0000000000000006 | 06 00 00 00 00 00 00 00
stack at sp + 5 slots: 0x00007ffd00002000 is an unknown value
stack at sp + 6 slots: 0x00000232a6478e30 points into unknown readable memory: 0x0000000000000000 | 00 00 00 00 00 00 00 00
stack at sp + 7 slots: 0x0000023200000000 is an unknown value


---------------  P R O C E S S  ---------------

Threads class SMR info:
_java_thread_list=0x00000232a49d2060, length=95, elements={
0x00000232db7e1420, 0x00000232f93d7ac0, 0x00000232f93d8940, 0x00000232f93ee000,
0x00000232f93eec80, 0x00000232f93f07b0, 0x00000232f93f2180, 0x00000232f93f2f20,
0x00000232f93f39d0, 0x00000232f9568be0, 0x00000232f958e7e0, 0x00000232f975f6c0,
0x000002329b357280, 0x00000232fecdcd80, 0x00000232ff4b5010, 0x00000232ff30da00,
0x000002329b4c9940, 0x000002329b750d10, 0x000002329b751220, 0x000002329b7544c0,
0x000002329b752b70, 0x000002329b753fb0, 0x000002329b752150, 0x000002329b752660,
0x000002329b753590, 0x000002329b751730, 0x000002329b753aa0, 0x000002329b751c40,
0x000002329c7a0f80, 0x000002329c7a1eb0, 0x000002329c79b460, 0x000002329c79c8a0,
0x000002329c79dce0, 0x000002329c79e700, 0x000002329c79e1f0, 0x000002329c79af50,
0x000002329c7a28d0, 0x000002329c79cdb0, 0x000002329c79ec10, 0x000002329c7a0a70,
0x000002329c79f120, 0x000002329c79f630, 0x000002329c79be80, 0x000002329c7a19a0,
0x000002329c79fb40, 0x000002329c7a0560, 0x000002329c79c390, 0x000002329c79d2c0,
0x000002329e3d75c0, 0x000002329e3d8a00, 0x000002329e3d6ba0, 0x000002329e3d70b0,
0x000002329e3d7ad0, 0x000002329e3d8f10, 0x000002329e3d7fe0, 0x000002329e3d84f0,
0x000002329e3d9e40, 0x000002329e3d9930, 0x000002329e3d9420, 0x000002329e3d6690,
0x000002329d5e8cb0, 0x000002329d5e91c0, 0x000002329d5e7d80, 0x000002329d5e6e50,
0x000002329d5e7360, 0x000002329d5e5a10, 0x000002329d5e87a0, 0x000002329cab4820,
0x000002329cabb780, 0x000002329cab4310, 0x000002329cab8f00, 0x000002329cab75b0,
0x000002329cabbc90, 0x000002329cab7fd0, 0x000002329cab9920, 0x000002329cab9e30,
0x000002329caba850, 0x000002329cab5750, 0x000002329cabad60, 0x00000232f979ff80,
0x000002329cab6680, 0x000002329cab6b90, 0x000002329cab70a0, 0x00000232a46bc2e0,
0x00000232a46beb60, 0x00000232a46bd210, 0x00000232a46be140, 0x00000232a46bdc30,
0x00000232a46be650, 0x00000232a46bc7f0, 0x00000232a46bf070, 0x00000232a46bb8c0,
0x00000232a46bbdd0, 0x00000232a46bcd00, 0x00000232a584ba50
}

Java Threads: ( => current thread )
  0x00000232db7e1420 JavaThread "main" [_thread_blocked, id=3664, stack(0x0000005001900000,0x0000005001a00000)]
  0x00000232f93d7ac0 JavaThread "Reference Handler" daemon [_thread_blocked, id=14136, stack(0x0000005002000000,0x0000005002100000)]
  0x00000232f93d8940 JavaThread "Finalizer" daemon [_thread_blocked, id=12064, stack(0x0000005002100000,0x0000005002200000)]
  0x00000232f93ee000 JavaThread "Signal Dispatcher" daemon [_thread_blocked, id=10460, stack(0x0000005002200000,0x0000005002300000)]
  0x00000232f93eec80 JavaThread "Attach Listener" daemon [_thread_blocked, id=7544, stack(0x0000005002300000,0x0000005002400000)]
  0x00000232f93f07b0 JavaThread "Service Thread" daemon [_thread_blocked, id=1424, stack(0x0000005002400000,0x0000005002500000)]
  0x00000232f93f2180 JavaThread "Monitor Deflation Thread" daemon [_thread_blocked, id=12648, stack(0x0000005002500000,0x0000005002600000)]
=>0x00000232f93f2f20 JavaThread "C2 CompilerThread0" daemon [_thread_in_native, id=9412, stack(0x0000005002600000,0x0000005002700000)]
  0x00000232f93f39d0 JavaThread "C1 CompilerThread0" daemon [_thread_blocked, id=4548, stack(0x0000005002700000,0x0000005002800000)]
  0x00000232f9568be0 JavaThread "Sweeper thread" daemon [_thread_blocked, id=1136, stack(0x0000005002800000,0x0000005002900000)]
  0x00000232f958e7e0 JavaThread "Common-Cleaner" daemon [_thread_blocked, id=12552, stack(0x0000005002900000,0x0000005002a00000)]
  0x00000232f975f6c0 JavaThread "Notification Thread" daemon [_thread_blocked, id=8924, stack(0x0000005002a00000,0x0000005002b00000)]
  0x000002329b357280 JavaThread "Daemon health stats" [_thread_blocked, id=11836, stack(0x0000005003000000,0x0000005003100000)]
  0x00000232fecdcd80 JavaThread "Incoming local TCP Connector on port 51986" [_thread_in_native, id=4464, stack(0x0000005002f00000,0x0000005003000000)]
  0x00000232ff4b5010 JavaThread "Daemon periodic checks" [_thread_blocked, id=15248, stack(0x0000005003200000,0x0000005003300000)]
  0x00000232ff30da00 JavaThread "Daemon" [_thread_blocked, id=15612, stack(0x0000005003300000,0x0000005003400000)]
  0x000002329b4c9940 JavaThread "Handler for socket connection from /127.0.0.1:51986 to /127.0.0.1:51987" [_thread_in_native, id=7836, stack(0x0000005003400000,0x0000005003500000)]
  0x000002329b750d10 JavaThread "Cancel handler" [_thread_blocked, id=7172, stack(0x0000005003500000,0x0000005003600000)]
  0x000002329b751220 JavaThread "Daemon worker" [_thread_blocked, id=11472, stack(0x0000005003600000,0x0000005003700000)]
  0x000002329b7544c0 JavaThread "Asynchronous log dispatcher for DefaultDaemonConnection: socket connection from /127.0.0.1:51986 to /127.0.0.1:51987" [_thread_blocked, id=7360, stack(0x0000005003700000,0x0000005003800000)]
  0x000002329b752b70 JavaThread "Stdin handler" [_thread_blocked, id=15104, stack(0x0000005003800000,0x0000005003900000)]
  0x000002329b753fb0 JavaThread "Daemon client event forwarder" [_thread_blocked, id=12252, stack(0x0000005003900000,0x0000005003a00000)]
  0x000002329b752150 JavaThread "Cache worker for journal cache (C:\Users\Niaz Designer\.gradle\caches\journal-1)" [_thread_blocked, id=8996, stack(0x0000005003a00000,0x0000005003b00000)]
  0x000002329b752660 JavaThread "File lock request listener" [_thread_in_native, id=504, stack(0x0000005003b00000,0x0000005003c00000)]
  0x000002329b753590 JavaThread "Cache worker for file hash cache (C:\Users\Niaz Designer\.gradle\caches\8.3\fileHashes)" [_thread_in_Java, id=16352, stack(0x0000005003c00000,0x0000005003d00000)]
  0x000002329b751730 JavaThread "File watcher server" daemon [_thread_in_native, id=13736, stack(0x0000005003d00000,0x0000005003e00000)]
  0x000002329b753aa0 JavaThread "File watcher consumer" daemon [_thread_blocked, id=14480, stack(0x0000005003e00000,0x0000005003f00000)]
  0x000002329b751c40 JavaThread "Cache worker for checksums cache (C:\Shahid\ReactNative\BloodDonation\android\.gradle\8.3\checksums)" [_thread_blocked, id=12336, stack(0x0000005003f00000,0x0000005004000000)]
  0x000002329c7a0f80 JavaThread "Cache worker for file hash cache (C:\Shahid\ReactNative\BloodDonation\android\.gradle\8.3\fileHashes)" [_thread_blocked, id=13664, stack(0x0000005004000000,0x0000005004100000)]
  0x000002329c7a1eb0 JavaThread "Cache worker for cache directory md-supplier (C:\Users\Niaz Designer\.gradle\caches\8.3\md-supplier)" [_thread_blocked, id=2532, stack(0x0000005004100000,0x0000005004200000)]
  0x000002329c79b460 JavaThread "Cache worker for file content cache (C:\Users\Niaz Designer\.gradle\caches\8.3\fileContent)" [_thread_blocked, id=6352, stack(0x0000005004200000,0x0000005004300000)]
  0x000002329c79c8a0 JavaThread "Cache worker for cache directory md-rule (C:\Users\Niaz Designer\.gradle\caches\8.3\md-rule)" [_thread_blocked, id=15292, stack(0x0000005003100000,0x0000005003200000)]
  0x000002329c79dce0 JavaThread "Cache worker for execution history cache (C:\Users\Niaz Designer\.gradle\caches\8.3\executionHistory)" [_thread_blocked, id=15156, stack(0x0000005004300000,0x0000005004400000)]
  0x000002329c79e700 JavaThread "jar transforms" [_thread_blocked, id=13384, stack(0x0000005004600000,0x0000005004700000)]
  0x000002329c79e1f0 JavaThread "jar transforms Thread 2" [_thread_blocked, id=9568, stack(0x0000005004700000,0x0000005004800000)]
  0x000002329c79af50 JavaThread "jar transforms Thread 3" [_thread_blocked, id=9832, stack(0x0000005004800000,0x0000005004900000)]
  0x000002329c7a28d0 JavaThread "jar transforms Thread 4" [_thread_blocked, id=2980, stack(0x0000005004900000,0x0000005004a00000)]
  0x000002329c79cdb0 JavaThread "Cache worker for kotlin-dsl (C:\Users\Niaz Designer\.gradle\caches\8.3\kotlin-dsl)" [_thread_blocked, id=3168, stack(0x0000005004a00000,0x0000005004b00000)]
  0x000002329c79ec10 JavaThread "Unconstrained build operations" [_thread_blocked, id=8480, stack(0x0000005004400000,0x0000005004500000)]
  0x000002329c7a0a70 JavaThread "Unconstrained build operations Thread 2" [_thread_blocked, id=7244, stack(0x0000005004c00000,0x0000005004d00000)]
  0x000002329c79f120 JavaThread "Cache worker for dependencies-accessors (C:\Shahid\ReactNative\BloodDonation\android\.gradle\8.3\dependencies-accessors)" [_thread_blocked, id=15288, stack(0x0000005004d00000,0x0000005004e00000)]
  0x000002329c79f630 JavaThread "Cache worker for Build Output Cleanup Cache (C:\Shahid\ReactNative\BloodDonation\node_modules\@react-native\gradle-plugin\.gradle\buildOutputCleanup)" [_thread_blocked, id=11556, stack(0x0000005004f00000,0x0000005005000000)]
  0x000002329c79be80 JavaThread "Unconstrained build operations Thread 3" [_thread_blocked, id=9268, stack(0x0000005005000000,0x0000005005100000)]
  0x000002329c7a19a0 JavaThread "Unconstrained build operations Thread 4" [_thread_blocked, id=13120, stack(0x0000005005100000,0x0000005005200000)]
  0x000002329c79fb40 JavaThread "Unconstrained build operations Thread 5" [_thread_blocked, id=16048, stack(0x0000005005200000,0x0000005005300000)]
  0x000002329c7a0560 JavaThread "Memory manager" [_thread_blocked, id=7912, stack(0x0000005005300000,0x0000005005400000)]
  0x000002329c79c390 JavaThread "Cache worker for Build Output Cleanup Cache (C:\Shahid\ReactNative\BloodDonation\android\.gradle\buildOutputCleanup)" [_thread_blocked, id=14972, stack(0x0000005005400000,0x0000005005500000)]
  0x000002329c79d2c0 JavaThread "ForkJoinPool.commonPool-worker-1" daemon [_thread_blocked, id=10864, stack(0x0000005005500000,0x0000005005600000)]
  0x000002329e3d75c0 JavaThread "ForkJoinPool.commonPool-worker-2" daemon [_thread_blocked, id=4408, stack(0x0000005005600000,0x0000005005700000)]
  0x000002329e3d8a00 JavaThread "ForkJoinPool.commonPool-worker-3" daemon [_thread_blocked, id=16132, stack(0x0000005005700000,0x0000005005800000)]
  0x000002329e3d6ba0 JavaThread "Exec process" [_thread_blocked, id=14828, stack(0x0000005005800000,0x0000005005900000)]
  0x000002329e3d70b0 JavaThread "Exec process Thread 2" [_thread_blocked, id=16288, stack(0x0000005005900000,0x0000005005a00000)]
  0x000002329e3d7ad0 JavaThread "Exec process Thread 3" [_thread_blocked, id=8864, stack(0x0000005005a00000,0x0000005005b00000)]
  0x000002329e3d8f10 JavaThread "included builds" [_thread_blocked, id=7508, stack(0x0000005004e00000,0x0000005004f00000)]
  0x000002329e3d7fe0 JavaThread "Execution worker" [_thread_in_native, id=14500, stack(0x0000005005b00000,0x0000005005c00000)]
  0x000002329e3d84f0 JavaThread "Execution worker Thread 2" [_thread_blocked, id=14820, stack(0x0000005005c00000,0x0000005005d00000)]
  0x000002329e3d9e40 JavaThread "Execution worker Thread 3" [_thread_blocked, id=11968, stack(0x0000005005d00000,0x0000005005e00000)]
  0x000002329e3d9930 JavaThread "Cache worker for execution history cache (C:\Shahid\ReactNative\BloodDonation\node_modules\@react-native\gradle-plugin\.gradle\8.3\executionHistory)" [_thread_blocked, id=14148, stack(0x0000005005e00000,0x0000005005f00000)]
  0x000002329e3d9420 JavaThread "Unconstrained build operations Thread 6" [_thread_blocked, id=7688, stack(0x0000005006000000,0x0000005006100000)]
  0x000002329e3d6690 JavaThread "Unconstrained build operations Thread 7" [_thread_blocked, id=14664, stack(0x0000005006100000,0x0000005006200000)]
  0x000002329d5e8cb0 JavaThread "Unconstrained build operations Thread 8" [_thread_blocked, id=9984, stack(0x0000005006200000,0x0000005006300000)]
  0x000002329d5e91c0 JavaThread "Unconstrained build operations Thread 9" [_thread_blocked, id=16184, stack(0x0000005006300000,0x0000005006400000)]
  0x000002329d5e7d80 JavaThread "Unconstrained build operations Thread 10" [_thread_blocked, id=13216, stack(0x0000005006400000,0x0000005006500000)]
  0x000002329d5e6e50 JavaThread "Unconstrained build operations Thread 11" [_thread_blocked, id=14504, stack(0x0000005006500000,0x0000005006600000)]
  0x000002329d5e7360 JavaThread "Unconstrained build operations Thread 12" [_thread_blocked, id=8416, stack(0x0000005006600000,0x0000005006700000)]
  0x000002329d5e5a10 JavaThread "Unconstrained build operations Thread 13" [_thread_blocked, id=1536, stack(0x0000005006700000,0x0000005006800000)]
  0x000002329d5e87a0 JavaThread "Unconstrained build operations Thread 14" [_thread_blocked, id=15676, stack(0x0000005006a00000,0x0000005006b00000)]
  0x000002329cab4820 JavaThread "Unconstrained build operations Thread 15" [_thread_blocked, id=1000, stack(0x0000005006b00000,0x0000005006c00000)]
  0x000002329cabb780 JavaThread "Unconstrained build operations Thread 16" [_thread_blocked, id=12244, stack(0x0000005006c00000,0x0000005006d00000)]
  0x000002329cab4310 JavaThread "Unconstrained build operations Thread 17" [_thread_blocked, id=4056, stack(0x0000005006d00000,0x0000005006e00000)]
  0x000002329cab8f00 JavaThread "Unconstrained build operations Thread 18" [_thread_blocked, id=8720, stack(0x0000005006e00000,0x0000005006f00000)]
  0x000002329cab75b0 JavaThread "Unconstrained build operations Thread 19" [_thread_blocked, id=12400, stack(0x0000005006f00000,0x0000005007000000)]
  0x000002329cabbc90 JavaThread "Unconstrained build operations Thread 20" [_thread_blocked, id=7972, stack(0x0000005007000000,0x0000005007100000)]
  0x000002329cab7fd0 JavaThread "Unconstrained build operations Thread 21" [_thread_blocked, id=16264, stack(0x0000005005f00000,0x0000005006000000)]
  0x000002329cab9920 JavaThread "Unconstrained build operations Thread 22" [_thread_blocked, id=7804, stack(0x0000005007100000,0x0000005007200000)]
  0x000002329cab9e30 JavaThread "Unconstrained build operations Thread 23" [_thread_blocked, id=1988, stack(0x0000005007200000,0x0000005007300000)]
  0x000002329caba850 JavaThread "Unconstrained build operations Thread 24" [_thread_blocked, id=12884, stack(0x0000005007300000,0x0000005007400000)]
  0x000002329cab5750 JavaThread "Unconstrained build operations Thread 25" [_thread_blocked, id=12588, stack(0x0000005007400000,0x0000005007500000)]
  0x000002329cabad60 JavaThread "Unconstrained build operations Thread 26" [_thread_blocked, id=13072, stack(0x0000005007500000,0x0000005007600000)]
  0x00000232f979ff80 JavaThread "C2 CompilerThread1" daemon [_thread_in_native, id=11364, stack(0x0000005007600000,0x0000005007700000)]
  0x000002329cab6680 JavaThread "Unconstrained build operations Thread 27" [_thread_blocked, id=15200, stack(0x0000005001700000,0x0000005001800000)]
  0x000002329cab6b90 JavaThread "Unconstrained build operations Thread 28" [_thread_blocked, id=14532, stack(0x0000005001800000,0x0000005001900000)]
  0x000002329cab70a0 JavaThread "Unconstrained build operations Thread 29" [_thread_blocked, id=12544, stack(0x0000005007700000,0x0000005007800000)]
  0x00000232a46bc2e0 JavaThread "Unconstrained build operations Thread 30" [_thread_blocked, id=14836, stack(0x0000005007800000,0x0000005007900000)]
  0x00000232a46beb60 JavaThread "Unconstrained build operations Thread 31" [_thread_blocked, id=10208, stack(0x0000005007900000,0x0000005007a00000)]
  0x00000232a46bd210 JavaThread "Unconstrained build operations Thread 32" [_thread_blocked, id=15256, stack(0x0000005007a00000,0x0000005007b00000)]
  0x00000232a46be140 JavaThread "Unconstrained build operations Thread 33" [_thread_blocked, id=9224, stack(0x0000005007b00000,0x0000005007c00000)]
  0x00000232a46bdc30 JavaThread "Unconstrained build operations Thread 34" [_thread_blocked, id=8952, stack(0x0000005007c00000,0x0000005007d00000)]
  0x00000232a46be650 JavaThread "Unconstrained build operations Thread 35" [_thread_blocked, id=6748, stack(0x0000005007d00000,0x0000005007e00000)]
  0x00000232a46bc7f0 JavaThread "Unconstrained build operations Thread 36" [_thread_blocked, id=13208, stack(0x0000005007e00000,0x0000005007f00000)]
  0x00000232a46bf070 JavaThread "Unconstrained build operations Thread 37" [_thread_blocked, id=9632, stack(0x0000005007f00000,0x0000005008000000)]
  0x00000232a46bb8c0 JavaThread "Unconstrained build operations Thread 38" [_thread_blocked, id=10044, stack(0x0000005008000000,0x0000005008100000)]
  0x00000232a46bbdd0 JavaThread "Unconstrained build operations Thread 39" [_thread_blocked, id=12296, stack(0x0000005008100000,0x0000005008200000)]
  0x00000232a46bcd00 JavaThread "Unconstrained build operations Thread 40" [_thread_blocked, id=1716, stack(0x0000005008200000,0x0000005008300000)]
  0x00000232a584ba50 JavaThread "Cache worker for execution history cache (C:\Shahid\ReactNative\BloodDonation\android\.gradle\8.3\executionHistory)" [_thread_blocked, id=14800, stack(0x0000005008300000,0x0000005008400000)]

Other Threads:
  0x00000232f93d3e60 VMThread "VM Thread" [stack: 0x0000005001f00000,0x0000005002000000] [id=8164]
  0x00000232f96dc560 WatcherThread [stack: 0x0000005002b00000,0x0000005002c00000] [id=9464]
  0x00000232db83f600 GCTaskThread "GC Thread#0" [stack: 0x0000005001a00000,0x0000005001b00000] [id=12804]
  0x00000232f97e2cb0 GCTaskThread "GC Thread#1" [stack: 0x0000005002c00000,0x0000005002d00000] [id=13500]
  0x00000232f9883de0 GCTaskThread "GC Thread#2" [stack: 0x0000005002d00000,0x0000005002e00000] [id=6668]
  0x00000232f978e020 GCTaskThread "GC Thread#3" [stack: 0x0000005002e00000,0x0000005002f00000] [id=15968]
  0x00000232db850550 ConcurrentGCThread "G1 Main Marker" [stack: 0x0000005001b00000,0x0000005001c00000] [id=9172]
  0x00000232db850f60 ConcurrentGCThread "G1 Conc#0" [stack: 0x0000005001c00000,0x0000005001d00000] [id=9500]
  0x00000232f928d0f0 ConcurrentGCThread "G1 Refine#0" [stack: 0x0000005001d00000,0x0000005001e00000] [id=2388]
  0x000002329c395540 ConcurrentGCThread "G1 Refine#1" [stack: 0x0000005004500000,0x0000005004600000] [id=15216]
  0x00000232f928da30 ConcurrentGCThread "G1 Service" [stack: 0x0000005001e00000,0x0000005001f00000] [id=12084]

Threads with active compile tasks:
C2 CompilerThread0    61699 16246   !   4       org.gradle.cache.internal.DefaultMultiProcessSafeIndexedCache::getIfPresent (25 bytes)
C2 CompilerThread1    61699 16273       4       java.util.concurrent.locks.AbstractQueuedSynchronizer$ConditionObject::awaitNanos (200 bytes)

VM state: not at safepoint (normal execution)

VM Mutex/Monitor currently owned by a thread: None

Heap address: 0x0000000080000000, size: 2048 MB, Compressed Oops mode: 32-bit

CDS archive(s) mapped at: [0x0000023280000000-0x0000023280bd0000-0x0000023280bd0000), size 12386304, SharedBaseAddress: 0x0000023280000000, ArchiveRelocationMode: 1.
Compressed class space mapped at: 0x0000023281000000-0x000002329b000000, reserved size: 436207616
Narrow klass base: 0x0000023280000000, Narrow klass shift: 0, Narrow klass range: 0x100000000

GC Precious Log:
 CPUs: 4 total, 4 available
 Memory: 16263M
 Large Page Support: Disabled
 NUMA Support: Disabled
 Compressed Oops: Enabled (32-bit)
 Heap Region Size: 1M
 Heap Min Capacity: 8M
 Heap Initial Capacity: 256M
 Heap Max Capacity: 2G
 Pre-touch: Disabled
 Parallel Workers: 4
 Concurrent Workers: 1
 Concurrent Refinement Workers: 4
 Periodic GC: Disabled

Heap:
 garbage-first heap   total 243712K, used 203743K [0x0000000080000000, 0x0000000100000000)
  region size 1024K, 4 young (4096K), 2 survivors (2048K)
 Metaspace       used 108563K, committed 109760K, reserved 557056K
  class space    used 15115K, committed 15680K, reserved 425984K

Heap Regions: E=young(eden), S=young(survivor), O=old, HS=humongous(starts), HC=humongous(continues), CS=collection set, F=free, OA=open archive, CA=closed archive, TAMS=top-at-mark-start (previous, next)
|   0|0x0000000080000000, 0x0000000080100000, 0x0000000080100000|100%| O|  |TAMS 0x0000000080100000, 0x0000000080000000| Untracked 
|   1|0x0000000080100000, 0x0000000080200000, 0x0000000080200000|100%| O|  |TAMS 0x0000000080200000, 0x0000000080100000| Untracked 
|   2|0x0000000080200000, 0x0000000080300000, 0x0000000080300000|100%|HS|  |TAMS 0x0000000080300000, 0x0000000080200000| Complete 
|   3|0x0000000080300000, 0x0000000080400000, 0x0000000080400000|100%|HC|  |TAMS 0x0000000080400000, 0x0000000080300000| Complete 
|   4|0x0000000080400000, 0x0000000080500000, 0x0000000080500000|100%|HC|  |TAMS 0x0000000080500000, 0x0000000080400000| Complete 
|   5|0x0000000080500000, 0x0000000080600000, 0x0000000080600000|100%|HC|  |TAMS 0x0000000080600000, 0x0000000080500000| Complete 
|   6|0x0000000080600000, 0x0000000080700000, 0x0000000080700000|100%| O|  |TAMS 0x0000000080700000, 0x0000000080600000| Untracked 
|   7|0x0000000080700000, 0x0000000080800000, 0x0000000080800000|100%| O|  |TAMS 0x0000000080800000, 0x0000000080700000| Untracked 
|   8|0x0000000080800000, 0x0000000080900000, 0x0000000080900000|100%| O|  |TAMS 0x0000000080900000, 0x0000000080800000| Untracked 
|   9|0x0000000080900000, 0x0000000080a00000, 0x0000000080a00000|100%| O|  |TAMS 0x0000000080a00000, 0x0000000080900000| Untracked 
|  10|0x0000000080a00000, 0x0000000080b00000, 0x0000000080b00000|100%| O|  |TAMS 0x0000000080b00000, 0x0000000080a00000| Untracked 
|  11|0x0000000080b00000, 0x0000000080c00000, 0x0000000080c00000|100%| O|  |TAMS 0x0000000080b00000, 0x0000000080b00000| Untracked 
|  12|0x0000000080c00000, 0x0000000080d00000, 0x0000000080d00000|100%| O|  |TAMS 0x0000000080d00000, 0x0000000080c00000| Untracked 
|  13|0x0000000080d00000, 0x0000000080e00000, 0x0000000080e00000|100%| O|  |TAMS 0x0000000080e00000, 0x0000000080d00000| Untracked 
|  14|0x0000000080e00000, 0x0000000080f00000, 0x0000000080f00000|100%| O|  |TAMS 0x0000000080f00000, 0x0000000080e00000| Untracked 
|  15|0x0000000080f00000, 0x0000000081000000, 0x0000000081000000|100%| O|  |TAMS 0x0000000081000000, 0x0000000080f00000| Untracked 
|  16|0x0000000081000000, 0x0000000081100000, 0x0000000081100000|100%| O|  |TAMS 0x0000000081100000, 0x0000000081000000| Untracked 
|  17|0x0000000081100000, 0x0000000081200000, 0x0000000081200000|100%| O|  |TAMS 0x0000000081200000, 0x0000000081100000| Untracked 
|  18|0x0000000081200000, 0x0000000081300000, 0x0000000081300000|100%| O|  |TAMS 0x0000000081300000, 0x0000000081200000| Untracked 
|  19|0x0000000081300000, 0x0000000081400000, 0x0000000081400000|100%| O|  |TAMS 0x0000000081400000, 0x0000000081300000| Untracked 
|  20|0x0000000081400000, 0x0000000081500000, 0x0000000081500000|100%| O|  |TAMS 0x0000000081500000, 0x0000000081400000| Untracked 
|  21|0x0000000081500000, 0x0000000081600000, 0x0000000081600000|100%| O|  |TAMS 0x0000000081600000, 0x0000000081500000| Untracked 
|  22|0x0000000081600000, 0x0000000081700000, 0x0000000081700000|100%| O|  |TAMS 0x0000000081700000, 0x0000000081600000| Untracked 
|  23|0x0000000081700000, 0x0000000081800000, 0x0000000081800000|100%| O|  |TAMS 0x0000000081800000, 0x0000000081700000| Untracked 
|  24|0x0000000081800000, 0x0000000081900000, 0x0000000081900000|100%| O|  |TAMS 0x0000000081900000, 0x0000000081800000| Untracked 
|  25|0x0000000081900000, 0x0000000081a00000, 0x0000000081a00000|100%| O|  |TAMS 0x0000000081a00000, 0x0000000081900000| Untracked 
|  26|0x0000000081a00000, 0x0000000081b00000, 0x0000000081b00000|100%| O|  |TAMS 0x0000000081b00000, 0x0000000081a00000| Untracked 
|  27|0x0000000081b00000, 0x0000000081c00000, 0x0000000081c00000|100%| O|  |TAMS 0x0000000081c00000, 0x0000000081b00000| Untracked 
|  28|0x0000000081c00000, 0x0000000081d00000, 0x0000000081d00000|100%| O|  |TAMS 0x0000000081d00000, 0x0000000081c00000| Untracked 
|  29|0x0000000081d00000, 0x0000000081e00000, 0x0000000081e00000|100%| O|  |TAMS 0x0000000081e00000, 0x0000000081d00000| Untracked 
|  30|0x0000000081e00000, 0x0000000081f00000, 0x0000000081f00000|100%| O|  |TAMS 0x0000000081f00000, 0x0000000081e00000| Untracked 
|  31|0x0000000081f00000, 0x0000000082000000, 0x0000000082000000|100%| O|  |TAMS 0x0000000082000000, 0x0000000081f00000| Untracked 
|  32|0x0000000082000000, 0x0000000082100000, 0x0000000082100000|100%| O|  |TAMS 0x0000000082000000, 0x0000000082000000| Untracked 
|  33|0x0000000082100000, 0x0000000082200000, 0x0000000082200000|100%| O|  |TAMS 0x0000000082200000, 0x0000000082100000| Untracked 
|  34|0x0000000082200000, 0x0000000082300000, 0x0000000082300000|100%| O|  |TAMS 0x0000000082300000, 0x0000000082200000| Untracked 
|  35|0x0000000082300000, 0x0000000082400000, 0x0000000082400000|100%| O|  |TAMS 0x0000000082400000, 0x0000000082300000| Untracked 
|  36|0x0000000082400000, 0x0000000082500000, 0x0000000082500000|100%| O|  |TAMS 0x0000000082500000, 0x0000000082400000| Untracked 
|  37|0x0000000082500000, 0x0000000082600000, 0x0000000082600000|100%| O|  |TAMS 0x0000000082600000, 0x0000000082500000| Untracked 
|  38|0x0000000082600000, 0x0000000082700000, 0x0000000082700000|100%| O|  |TAMS 0x0000000082700000, 0x0000000082600000| Untracked 
|  39|0x0000000082700000, 0x0000000082800000, 0x0000000082800000|100%|HS|  |TAMS 0x0000000082800000, 0x0000000082700000| Complete 
|  40|0x0000000082800000, 0x0000000082900000, 0x0000000082900000|100%|HC|  |TAMS 0x0000000082900000, 0x0000000082800000| Complete 
|  41|0x0000000082900000, 0x0000000082a00000, 0x0000000082a00000|100%|HS|  |TAMS 0x0000000082a00000, 0x0000000082900000| Complete 
|  42|0x0000000082a00000, 0x0000000082b00000, 0x0000000082b00000|100%|HC|  |TAMS 0x0000000082b00000, 0x0000000082a00000| Complete 
|  43|0x0000000082b00000, 0x0000000082c00000, 0x0000000082c00000|100%| O|  |TAMS 0x0000000082c00000, 0x0000000082b00000| Untracked 
|  44|0x0000000082c00000, 0x0000000082d00000, 0x0000000082d00000|100%| O|  |TAMS 0x0000000082d00000, 0x0000000082c00000| Untracked 
|  45|0x0000000082d00000, 0x0000000082e00000, 0x0000000082e00000|100%|HS|  |TAMS 0x0000000082e00000, 0x0000000082d00000| Complete 
|  46|0x0000000082e00000, 0x0000000082f00000, 0x0000000082f00000|100%|HC|  |TAMS 0x0000000082f00000, 0x0000000082e00000| Complete 
|  47|0x0000000082f00000, 0x0000000083000000, 0x0000000083000000|100%|HC|  |TAMS 0x0000000083000000, 0x0000000082f00000| Complete 
|  48|0x0000000083000000, 0x0000000083100000, 0x0000000083100000|100%|HC|  |TAMS 0x0000000083100000, 0x0000000083000000| Complete 
|  49|0x0000000083100000, 0x0000000083200000, 0x0000000083200000|100%| O|  |TAMS 0x0000000083200000, 0x0000000083100000| Untracked 
|  50|0x0000000083200000, 0x0000000083300000, 0x0000000083300000|100%| O|  |TAMS 0x0000000083300000, 0x0000000083200000| Untracked 
|  51|0x0000000083300000, 0x0000000083400000, 0x0000000083400000|100%| O|  |TAMS 0x0000000083400000, 0x0000000083300000| Untracked 
|  52|0x0000000083400000, 0x0000000083500000, 0x0000000083500000|100%| O|  |TAMS 0x0000000083500000, 0x0000000083400000| Untracked 
|  53|0x0000000083500000, 0x0000000083600000, 0x0000000083600000|100%|HS|  |TAMS 0x0000000083600000, 0x0000000083500000| Complete 
|  54|0x0000000083600000, 0x0000000083700000, 0x0000000083700000|100%|HC|  |TAMS 0x0000000083700000, 0x0000000083600000| Complete 
|  55|0x0000000083700000, 0x0000000083800000, 0x0000000083800000|100%|HC|  |TAMS 0x0000000083800000, 0x0000000083700000| Complete 
|  56|0x0000000083800000, 0x0000000083900000, 0x0000000083900000|100%|HC|  |TAMS 0x0000000083900000, 0x0000000083800000| Complete 
|  57|0x0000000083900000, 0x0000000083a00000, 0x0000000083a00000|100%| O|  |TAMS 0x0000000083a00000, 0x0000000083900000| Untracked 
|  58|0x0000000083a00000, 0x0000000083b00000, 0x0000000083b00000|100%| O|  |TAMS 0x0000000083b00000, 0x0000000083a00000| Untracked 
|  59|0x0000000083b00000, 0x0000000083c00000, 0x0000000083c00000|100%| O|  |TAMS 0x0000000083c00000, 0x0000000083b00000| Untracked 
|  60|0x0000000083c00000, 0x0000000083d00000, 0x0000000083d00000|100%| O|  |TAMS 0x0000000083d00000, 0x0000000083c00000| Untracked 
|  61|0x0000000083d00000, 0x0000000083e00000, 0x0000000083e00000|100%| O|  |TAMS 0x0000000083e00000, 0x0000000083d00000| Untracked 
|  62|0x0000000083e00000, 0x0000000083f00000, 0x0000000083f00000|100%| O|  |TAMS 0x0000000083f00000, 0x0000000083e00000| Untracked 
|  63|0x0000000083f00000, 0x0000000084000000, 0x0000000084000000|100%| O|  |TAMS 0x0000000084000000, 0x0000000083f00000| Untracked 
|  64|0x0000000084000000, 0x0000000084100000, 0x0000000084100000|100%| O|  |TAMS 0x0000000084100000, 0x0000000084000000| Untracked 
|  65|0x0000000084100000, 0x0000000084200000, 0x0000000084200000|100%| O|  |TAMS 0x0000000084200000, 0x0000000084100000| Untracked 
|  66|0x0000000084200000, 0x0000000084300000, 0x0000000084300000|100%| O|  |TAMS 0x0000000084300000, 0x0000000084200000| Untracked 
|  67|0x0000000084300000, 0x0000000084400000, 0x0000000084400000|100%| O|  |TAMS 0x0000000084400000, 0x0000000084300000| Untracked 
|  68|0x0000000084400000, 0x0000000084500000, 0x0000000084500000|100%| O|  |TAMS 0x0000000084400000, 0x0000000084400000| Untracked 
|  69|0x0000000084500000, 0x0000000084600000, 0x0000000084600000|100%|HS|  |TAMS 0x0000000084600000, 0x0000000084500000| Complete 
|  70|0x0000000084600000, 0x0000000084700000, 0x0000000084700000|100%|HS|  |TAMS 0x0000000084700000, 0x0000000084600000| Complete 
|  71|0x0000000084700000, 0x0000000084800000, 0x0000000084800000|100%|HS|  |TAMS 0x0000000084800000, 0x0000000084700000| Complete 
|  72|0x0000000084800000, 0x0000000084900000, 0x0000000084900000|100%| O|  |TAMS 0x0000000084900000, 0x0000000084800000| Untracked 
|  73|0x0000000084900000, 0x0000000084a00000, 0x0000000084a00000|100%|HS|  |TAMS 0x0000000084a00000, 0x0000000084900000| Complete 
|  74|0x0000000084a00000, 0x0000000084b00000, 0x0000000084b00000|100%| O|  |TAMS 0x0000000084b00000, 0x0000000084a00000| Untracked 
|  75|0x0000000084b00000, 0x0000000084c00000, 0x0000000084c00000|100%| O|  |TAMS 0x0000000084c00000, 0x0000000084b00000| Untracked 
|  76|0x0000000084c00000, 0x0000000084d00000, 0x0000000084d00000|100%| O|  |TAMS 0x0000000084d00000, 0x0000000084c00000| Untracked 
|  77|0x0000000084d00000, 0x0000000084e00000, 0x0000000084e00000|100%| O|  |TAMS 0x0000000084e00000, 0x0000000084d00000| Untracked 
|  78|0x0000000084e00000, 0x0000000084f00000, 0x0000000084f00000|100%| O|  |TAMS 0x0000000084f00000, 0x0000000084e00000| Untracked 
|  79|0x0000000084f00000, 0x0000000085000000, 0x0000000085000000|100%| O|  |TAMS 0x0000000085000000, 0x0000000084f00000| Untracked 
|  80|0x0000000085000000, 0x0000000085100000, 0x0000000085100000|100%| O|  |TAMS 0x0000000085100000, 0x0000000085000000| Untracked 
|  81|0x0000000085100000, 0x0000000085200000, 0x0000000085200000|100%| O|  |TAMS 0x0000000085200000, 0x0000000085100000| Untracked 
|  82|0x0000000085200000, 0x0000000085300000, 0x0000000085300000|100%| O|  |TAMS 0x000000008529e000, 0x0000000085200000| Untracked 
|  83|0x0000000085300000, 0x0000000085400000, 0x0000000085400000|100%| O|  |TAMS 0x0000000085300000, 0x0000000085300000| Untracked 
|  84|0x0000000085400000, 0x0000000085500000, 0x0000000085500000|100%| O|  |TAMS 0x0000000085400000, 0x0000000085400000| Untracked 
|  85|0x0000000085500000, 0x0000000085600000, 0x0000000085600000|100%| O|  |TAMS 0x0000000085500000, 0x0000000085500000| Untracked 
|  86|0x0000000085600000, 0x0000000085700000, 0x0000000085700000|100%| O|  |TAMS 0x0000000085600000, 0x0000000085600000| Untracked 
|  87|0x0000000085700000, 0x0000000085800000, 0x0000000085800000|100%| O|  |TAMS 0x0000000085700000, 0x0000000085700000| Untracked 
|  88|0x0000000085800000, 0x0000000085900000, 0x0000000085900000|100%| O|  |TAMS 0x0000000085800000, 0x0000000085800000| Untracked 
|  89|0x0000000085900000, 0x0000000085a00000, 0x0000000085a00000|100%| O|  |TAMS 0x0000000085900000, 0x0000000085900000| Untracked 
|  90|0x0000000085a00000, 0x0000000085b00000, 0x0000000085b00000|100%| O|  |TAMS 0x0000000085a00000, 0x0000000085a00000| Untracked 
|  91|0x0000000085b00000, 0x0000000085c00000, 0x0000000085c00000|100%| O|  |TAMS 0x0000000085b00000, 0x0000000085b00000| Untracked 
|  92|0x0000000085c00000, 0x0000000085d00000, 0x0000000085d00000|100%| O|  |TAMS 0x0000000085c00000, 0x0000000085c00000| Untracked 
|  93|0x0000000085d00000, 0x0000000085e00000, 0x0000000085e00000|100%| O|  |TAMS 0x0000000085d00000, 0x0000000085d00000| Untracked 
|  94|0x0000000085e00000, 0x0000000085f00000, 0x0000000085f00000|100%|HS|  |TAMS 0x0000000085e00000, 0x0000000085e00000| Complete 
|  95|0x0000000085f00000, 0x0000000086000000, 0x0000000086000000|100%|HS|  |TAMS 0x0000000085f00000, 0x0000000085f00000| Complete 
|  96|0x0000000086000000, 0x0000000086100000, 0x0000000086100000|100%|HS|  |TAMS 0x0000000086000000, 0x0000000086000000| Complete 
|  97|0x0000000086100000, 0x0000000086200000, 0x0000000086200000|100%|HC|  |TAMS 0x0000000086100000, 0x0000000086100000| Complete 
|  98|0x0000000086200000, 0x0000000086300000, 0x0000000086300000|100%| O|  |TAMS 0x0000000086200000, 0x0000000086200000| Untracked 
|  99|0x0000000086300000, 0x0000000086400000, 0x0000000086400000|100%| O|  |TAMS 0x0000000086300000, 0x0000000086300000| Untracked 
| 100|0x0000000086400000, 0x0000000086500000, 0x0000000086500000|100%| O|  |TAMS 0x0000000086400000, 0x0000000086400000| Untracked 
| 101|0x0000000086500000, 0x0000000086600000, 0x0000000086600000|100%| O|  |TAMS 0x0000000086500000, 0x0000000086500000| Untracked 
| 102|0x0000000086600000, 0x0000000086700000, 0x0000000086700000|100%| O|  |TAMS 0x0000000086600000, 0x0000000086600000| Untracked 
| 103|0x0000000086700000, 0x0000000086800000, 0x0000000086800000|100%| O|  |TAMS 0x0000000086700000, 0x0000000086700000| Untracked 
| 104|0x0000000086800000, 0x0000000086900000, 0x0000000086900000|100%| O|  |TAMS 0x0000000086800000, 0x0000000086800000| Untracked 
| 105|0x0000000086900000, 0x0000000086a00000, 0x0000000086a00000|100%| O|  |TAMS 0x0000000086900000, 0x0000000086900000| Untracked 
| 106|0x0000000086a00000, 0x0000000086b00000, 0x0000000086b00000|100%| O|  |TAMS 0x0000000086a00000, 0x0000000086a00000| Untracked 
| 107|0x0000000086b00000, 0x0000000086c00000, 0x0000000086c00000|100%| O|  |TAMS 0x0000000086b00000, 0x0000000086b00000| Untracked 
| 108|0x0000000086c00000, 0x0000000086d00000, 0x0000000086d00000|100%| O|  |TAMS 0x0000000086c00000, 0x0000000086c00000| Untracked 
| 109|0x0000000086d00000, 0x0000000086e00000, 0x0000000086e00000|100%| O|  |TAMS 0x0000000086d00000, 0x0000000086d00000| Untracked 
| 110|0x0000000086e00000, 0x0000000086f00000, 0x0000000086f00000|100%|HS|  |TAMS 0x0000000086e00000, 0x0000000086e00000| Complete 
| 111|0x0000000086f00000, 0x0000000087000000, 0x0000000087000000|100%|HS|  |TAMS 0x0000000086f00000, 0x0000000086f00000| Complete 
| 112|0x0000000087000000, 0x0000000087100000, 0x0000000087100000|100%| O|  |TAMS 0x0000000087000000, 0x0000000087000000| Untracked 
| 113|0x0000000087100000, 0x0000000087200000, 0x0000000087200000|100%| O|  |TAMS 0x0000000087100000, 0x0000000087100000| Untracked 
| 114|0x0000000087200000, 0x0000000087300000, 0x0000000087300000|100%| O|  |TAMS 0x0000000087200000, 0x0000000087200000| Untracked 
| 115|0x0000000087300000, 0x0000000087400000, 0x0000000087400000|100%| O|  |TAMS 0x0000000087300000, 0x0000000087300000| Untracked 
| 116|0x0000000087400000, 0x0000000087500000, 0x0000000087500000|100%| O|  |TAMS 0x0000000087400000, 0x0000000087400000| Untracked 
| 117|0x0000000087500000, 0x0000000087600000, 0x0000000087600000|100%| O|  |TAMS 0x0000000087500000, 0x0000000087500000| Untracked 
| 118|0x0000000087600000, 0x0000000087700000, 0x0000000087700000|100%| O|  |TAMS 0x0000000087600000, 0x0000000087600000| Untracked 
| 119|0x0000000087700000, 0x0000000087800000, 0x0000000087800000|100%| O|  |TAMS 0x0000000087700000, 0x0000000087700000| Untracked 
| 120|0x0000000087800000, 0x0000000087900000, 0x0000000087900000|100%| O|  |TAMS 0x0000000087800000, 0x0000000087800000| Untracked 
| 121|0x0000000087900000, 0x0000000087a00000, 0x0000000087a00000|100%| O|  |TAMS 0x0000000087900000, 0x0000000087900000| Untracked 
| 122|0x0000000087a00000, 0x0000000087b00000, 0x0000000087b00000|100%| O|  |TAMS 0x0000000087a00000, 0x0000000087a00000| Untracked 
| 123|0x0000000087b00000, 0x0000000087c00000, 0x0000000087c00000|100%| O|  |TAMS 0x0000000087b00000, 0x0000000087b00000| Untracked 
| 124|0x0000000087c00000, 0x0000000087d00000, 0x0000000087d00000|100%| O|  |TAMS 0x0000000087c00000, 0x0000000087c00000| Untracked 
| 125|0x0000000087d00000, 0x0000000087e00000, 0x0000000087e00000|100%| O|  |TAMS 0x0000000087d00000, 0x0000000087d00000| Untracked 
| 126|0x0000000087e00000, 0x0000000087f00000, 0x0000000087f00000|100%| O|  |TAMS 0x0000000087e00000, 0x0000000087e00000| Untracked 
| 127|0x0000000087f00000, 0x0000000088000000, 0x0000000088000000|100%| O|  |TAMS 0x0000000087f00000, 0x0000000087f00000| Untracked 
| 128|0x0000000088000000, 0x0000000088100000, 0x0000000088100000|100%| O|  |TAMS 0x0000000088000000, 0x0000000088000000| Untracked 
| 129|0x0000000088100000, 0x0000000088200000, 0x0000000088200000|100%| O|  |TAMS 0x0000000088100000, 0x0000000088100000| Untracked 
| 130|0x0000000088200000, 0x0000000088300000, 0x0000000088300000|100%| O|  |TAMS 0x0000000088200000, 0x0000000088200000| Untracked 
| 131|0x0000000088300000, 0x0000000088400000, 0x0000000088400000|100%| O|  |TAMS 0x0000000088300000, 0x0000000088300000| Untracked 
| 132|0x0000000088400000, 0x0000000088500000, 0x0000000088500000|100%| O|  |TAMS 0x0000000088400000, 0x0000000088400000| Untracked 
| 133|0x0000000088500000, 0x0000000088600000, 0x0000000088600000|100%| O|  |TAMS 0x0000000088500000, 0x0000000088500000| Untracked 
| 134|0x0000000088600000, 0x0000000088700000, 0x0000000088700000|100%| O|  |TAMS 0x0000000088600000, 0x0000000088600000| Untracked 
| 135|0x0000000088700000, 0x0000000088800000, 0x0000000088800000|100%| O|  |TAMS 0x0000000088700000, 0x0000000088700000| Untracked 
| 136|0x0000000088800000, 0x0000000088900000, 0x0000000088900000|100%| O|  |TAMS 0x0000000088800000, 0x0000000088800000| Untracked 
| 137|0x0000000088900000, 0x0000000088a00000, 0x0000000088a00000|100%| O|  |TAMS 0x0000000088900000, 0x0000000088900000| Untracked 
| 138|0x0000000088a00000, 0x0000000088b00000, 0x0000000088b00000|100%| O|  |TAMS 0x0000000088a00000, 0x0000000088a00000| Untracked 
| 139|0x0000000088b00000, 0x0000000088c00000, 0x0000000088c00000|100%| O|  |TAMS 0x0000000088b00000, 0x0000000088b00000| Untracked 
| 140|0x0000000088c00000, 0x0000000088d00000, 0x0000000088d00000|100%| O|  |TAMS 0x0000000088c00000, 0x0000000088c00000| Untracked 
| 141|0x0000000088d00000, 0x0000000088e00000, 0x0000000088e00000|100%| O|  |TAMS 0x0000000088d00000, 0x0000000088d00000| Untracked 
| 142|0x0000000088e00000, 0x0000000088f00000, 0x0000000088f00000|100%| O|  |TAMS 0x0000000088e00000, 0x0000000088e00000| Untracked 
| 143|0x0000000088f00000, 0x0000000089000000, 0x0000000089000000|100%| O|  |TAMS 0x0000000088f00000, 0x0000000088f00000| Untracked 
| 144|0x0000000089000000, 0x0000000089100000, 0x0000000089100000|100%| O|  |TAMS 0x0000000089000000, 0x0000000089000000| Untracked 
| 145|0x0000000089100000, 0x0000000089200000, 0x0000000089200000|100%| O|  |TAMS 0x0000000089100000, 0x0000000089100000| Untracked 
| 146|0x0000000089200000, 0x0000000089300000, 0x0000000089300000|100%| O|  |TAMS 0x0000000089200000, 0x0000000089200000| Untracked 
| 147|0x0000000089300000, 0x0000000089400000, 0x0000000089400000|100%| O|  |TAMS 0x0000000089300000, 0x0000000089300000| Untracked 
| 148|0x0000000089400000, 0x0000000089500000, 0x0000000089500000|100%| O|  |TAMS 0x0000000089400000, 0x0000000089400000| Untracked 
| 149|0x0000000089500000, 0x0000000089600000, 0x0000000089600000|100%| O|  |TAMS 0x0000000089500000, 0x0000000089500000| Untracked 
| 150|0x0000000089600000, 0x0000000089700000, 0x0000000089700000|100%| O|  |TAMS 0x0000000089600000, 0x0000000089600000| Untracked 
| 151|0x0000000089700000, 0x0000000089800000, 0x0000000089800000|100%| O|  |TAMS 0x0000000089700000, 0x0000000089700000| Untracked 
| 152|0x0000000089800000, 0x0000000089900000, 0x0000000089900000|100%| O|  |TAMS 0x0000000089800000, 0x0000000089800000| Untracked 
| 153|0x0000000089900000, 0x0000000089a00000, 0x0000000089a00000|100%| O|  |TAMS 0x0000000089900000, 0x0000000089900000| Untracked 
| 154|0x0000000089a00000, 0x0000000089b00000, 0x0000000089b00000|100%| O|  |TAMS 0x0000000089a00000, 0x0000000089a00000| Untracked 
| 155|0x0000000089b00000, 0x0000000089c00000, 0x0000000089c00000|100%|HS|  |TAMS 0x0000000089b00000, 0x0000000089b00000| Complete 
| 156|0x0000000089c00000, 0x0000000089d00000, 0x0000000089d00000|100%| O|  |TAMS 0x0000000089c00000, 0x0000000089c00000| Untracked 
| 157|0x0000000089d00000, 0x0000000089e00000, 0x0000000089e00000|100%| O|  |TAMS 0x0000000089d00000, 0x0000000089d00000| Untracked 
| 158|0x0000000089e00000, 0x0000000089f00000, 0x0000000089f00000|100%| O|  |TAMS 0x0000000089e00000, 0x0000000089e00000| Untracked 
| 159|0x0000000089f00000, 0x000000008a000000, 0x000000008a000000|100%| O|  |TAMS 0x0000000089f00000, 0x0000000089f00000| Untracked 
| 160|0x000000008a000000, 0x000000008a100000, 0x000000008a100000|100%| O|  |TAMS 0x000000008a000000, 0x000000008a000000| Untracked 
| 161|0x000000008a100000, 0x000000008a200000, 0x000000008a200000|100%| O|  |TAMS 0x000000008a100000, 0x000000008a100000| Untracked 
| 162|0x000000008a200000, 0x000000008a300000, 0x000000008a300000|100%| O|  |TAMS 0x000000008a200000, 0x000000008a200000| Untracked 
| 163|0x000000008a300000, 0x000000008a400000, 0x000000008a400000|100%| O|  |TAMS 0x000000008a300000, 0x000000008a300000| Untracked 
| 164|0x000000008a400000, 0x000000008a500000, 0x000000008a500000|100%| O|  |TAMS 0x000000008a400000, 0x000000008a400000| Untracked 
| 165|0x000000008a500000, 0x000000008a600000, 0x000000008a600000|100%| O|  |TAMS 0x000000008a500000, 0x000000008a500000| Untracked 
| 166|0x000000008a600000, 0x000000008a700000, 0x000000008a700000|100%| O|  |TAMS 0x000000008a600000, 0x000000008a600000| Untracked 
| 167|0x000000008a700000, 0x000000008a800000, 0x000000008a800000|100%|HS|  |TAMS 0x000000008a700000, 0x000000008a700000| Complete 
| 168|0x000000008a800000, 0x000000008a900000, 0x000000008a900000|100%|HS|  |TAMS 0x000000008a800000, 0x000000008a800000| Complete 
| 169|0x000000008a900000, 0x000000008aa00000, 0x000000008aa00000|100%| O|  |TAMS 0x000000008a900000, 0x000000008a900000| Untracked 
| 170|0x000000008aa00000, 0x000000008ab00000, 0x000000008ab00000|100%| O|  |TAMS 0x000000008aa00000, 0x000000008aa00000| Untracked 
| 171|0x000000008ab00000, 0x000000008ac00000, 0x000000008ac00000|100%| O|  |TAMS 0x000000008ab00000, 0x000000008ab00000| Untracked 
| 172|0x000000008ac00000, 0x000000008ad00000, 0x000000008ad00000|100%| O|  |TAMS 0x000000008ac00000, 0x000000008ac00000| Untracked 
| 173|0x000000008ad00000, 0x000000008ae00000, 0x000000008ae00000|100%| O|  |TAMS 0x000000008ad00000, 0x000000008ad00000| Untracked 
| 174|0x000000008ae00000, 0x000000008af00000, 0x000000008af00000|100%| O|  |TAMS 0x000000008ae00000, 0x000000008ae00000| Untracked 
| 175|0x000000008af00000, 0x000000008b000000, 0x000000008b000000|100%| O|  |TAMS 0x000000008af00000, 0x000000008af00000| Untracked 
| 176|0x000000008b000000, 0x000000008b100000, 0x000000008b100000|100%| O|  |TAMS 0x000000008b000000, 0x000000008b000000| Untracked 
| 177|0x000000008b100000, 0x000000008b200000, 0x000000008b200000|100%| O|  |TAMS 0x000000008b100000, 0x000000008b100000| Untracked 
| 178|0x000000008b200000, 0x000000008b300000, 0x000000008b300000|100%| O|  |TAMS 0x000000008b200000, 0x000000008b200000| Untracked 
| 179|0x000000008b300000, 0x000000008b400000, 0x000000008b400000|100%| O|  |TAMS 0x000000008b300000, 0x000000008b300000| Untracked 
| 180|0x000000008b400000, 0x000000008b500000, 0x000000008b500000|100%| O|  |TAMS 0x000000008b400000, 0x000000008b400000| Untracked 
| 181|0x000000008b500000, 0x000000008b600000, 0x000000008b600000|100%| O|  |TAMS 0x000000008b500000, 0x000000008b500000| Untracked 
| 182|0x000000008b600000, 0x000000008b700000, 0x000000008b700000|100%| O|  |TAMS 0x000000008b600000, 0x000000008b600000| Untracked 
| 183|0x000000008b700000, 0x000000008b800000, 0x000000008b800000|100%| O|  |TAMS 0x000000008b700000, 0x000000008b700000| Untracked 
| 184|0x000000008b800000, 0x000000008b900000, 0x000000008b900000|100%| O|  |TAMS 0x000000008b800000, 0x000000008b800000| Untracked 
| 185|0x000000008b900000, 0x000000008ba00000, 0x000000008ba00000|100%| O|  |TAMS 0x000000008b900000, 0x000000008b900000| Untracked 
| 186|0x000000008ba00000, 0x000000008bb00000, 0x000000008bb00000|100%| O|  |TAMS 0x000000008ba00000, 0x000000008ba00000| Untracked 
| 187|0x000000008bb00000, 0x000000008bc00000, 0x000000008bc00000|100%| O|  |TAMS 0x000000008bb00000, 0x000000008bb00000| Untracked 
| 188|0x000000008bc00000, 0x000000008bd00000, 0x000000008bd00000|100%| O|  |TAMS 0x000000008bc00000, 0x000000008bc00000| Untracked 
| 189|0x000000008bd00000, 0x000000008be00000, 0x000000008be00000|100%| O|  |TAMS 0x000000008bd00000, 0x000000008bd00000| Untracked 
| 190|0x000000008be00000, 0x000000008bf00000, 0x000000008bf00000|100%| O|  |TAMS 0x000000008be00000, 0x000000008be00000| Untracked 
| 191|0x000000008bf00000, 0x000000008c000000, 0x000000008c000000|100%| O|  |TAMS 0x000000008bf00000, 0x000000008bf00000| Untracked 
| 192|0x000000008c000000, 0x000000008c100000, 0x000000008c100000|100%| O|  |TAMS 0x000000008c000000, 0x000000008c000000| Untracked 
| 193|0x000000008c100000, 0x000000008c200000, 0x000000008c200000|100%| O|  |TAMS 0x000000008c100000, 0x000000008c100000| Untracked 
| 194|0x000000008c200000, 0x000000008c300000, 0x000000008c300000|100%| O|  |TAMS 0x000000008c200000, 0x000000008c200000| Untracked 
| 195|0x000000008c300000, 0x000000008c400000, 0x000000008c400000|100%| O|  |TAMS 0x000000008c300000, 0x000000008c300000| Untracked 
| 196|0x000000008c400000, 0x000000008c500000, 0x000000008c500000|100%| O|  |TAMS 0x000000008c400000, 0x000000008c400000| Untracked 
| 197|0x000000008c500000, 0x000000008c5e3400, 0x000000008c600000| 88%| O|  |TAMS 0x000000008c500000, 0x000000008c500000| Untracked 
| 198|0x000000008c600000, 0x000000008c600000, 0x000000008c700000|  0%| F|  |TAMS 0x000000008c600000, 0x000000008c600000| Untracked 
| 199|0x000000008c700000, 0x000000008c700000, 0x000000008c800000|  0%| F|  |TAMS 0x000000008c700000, 0x000000008c700000| Untracked 
| 200|0x000000008c800000, 0x000000008c800000, 0x000000008c900000|  0%| F|  |TAMS 0x000000008c800000, 0x000000008c800000| Untracked 
| 201|0x000000008c900000, 0x000000008c900000, 0x000000008ca00000|  0%| F|  |TAMS 0x000000008c900000, 0x000000008c900000| Untracked 
| 202|0x000000008ca00000, 0x000000008ca00000, 0x000000008cb00000|  0%| F|  |TAMS 0x000000008ca00000, 0x000000008ca00000| Untracked 
| 203|0x000000008cb00000, 0x000000008cb00000, 0x000000008cc00000|  0%| F|  |TAMS 0x000000008cb00000, 0x000000008cb00000| Untracked 
| 204|0x000000008cc00000, 0x000000008cc00000, 0x000000008cd00000|  0%| F|  |TAMS 0x000000008cc00000, 0x000000008cc00000| Untracked 
| 205|0x000000008cd00000, 0x000000008cd00000, 0x000000008ce00000|  0%| F|  |TAMS 0x000000008cd00000, 0x000000008cd00000| Untracked 
| 206|0x000000008ce00000, 0x000000008ce00000, 0x000000008cf00000|  0%| F|  |TAMS 0x000000008ce00000, 0x000000008ce00000| Untracked 
| 207|0x000000008cf00000, 0x000000008cf00000, 0x000000008d000000|  0%| F|  |TAMS 0x000000008cf00000, 0x000000008cf00000| Untracked 
| 208|0x000000008d000000, 0x000000008d000000, 0x000000008d100000|  0%| F|  |TAMS 0x000000008d000000, 0x000000008d000000| Untracked 
| 209|0x000000008d100000, 0x000000008d100000, 0x000000008d200000|  0%| F|  |TAMS 0x000000008d100000, 0x000000008d100000| Untracked 
| 210|0x000000008d200000, 0x000000008d200000, 0x000000008d300000|  0%| F|  |TAMS 0x000000008d200000, 0x000000008d200000| Untracked 
| 211|0x000000008d300000, 0x000000008d300000, 0x000000008d400000|  0%| F|  |TAMS 0x000000008d300000, 0x000000008d300000| Untracked 
| 212|0x000000008d400000, 0x000000008d400000, 0x000000008d500000|  0%| F|  |TAMS 0x000000008d400000, 0x000000008d400000| Untracked 
| 213|0x000000008d500000, 0x000000008d500000, 0x000000008d600000|  0%| F|  |TAMS 0x000000008d500000, 0x000000008d500000| Untracked 
| 214|0x000000008d600000, 0x000000008d600000, 0x000000008d700000|  0%| F|  |TAMS 0x000000008d600000, 0x000000008d600000| Untracked 
| 215|0x000000008d700000, 0x000000008d700000, 0x000000008d800000|  0%| F|  |TAMS 0x000000008d700000, 0x000000008d700000| Untracked 
| 216|0x000000008d800000, 0x000000008d800000, 0x000000008d900000|  0%| F|  |TAMS 0x000000008d800000, 0x000000008d800000| Untracked 
| 217|0x000000008d900000, 0x000000008d900000, 0x000000008da00000|  0%| F|  |TAMS 0x000000008d900000, 0x000000008d900000| Untracked 
| 218|0x000000008da00000, 0x000000008da00000, 0x000000008db00000|  0%| F|  |TAMS 0x000000008da00000, 0x000000008da00000| Untracked 
| 219|0x000000008db00000, 0x000000008db00000, 0x000000008dc00000|  0%| F|  |TAMS 0x000000008db00000, 0x000000008db00000| Untracked 
| 220|0x000000008dc00000, 0x000000008dc00000, 0x000000008dd00000|  0%| F|  |TAMS 0x000000008dc00000, 0x000000008dc00000| Untracked 
| 221|0x000000008dd00000, 0x000000008dd00000, 0x000000008de00000|  0%| F|  |TAMS 0x000000008dd00000, 0x000000008dd00000| Untracked 
| 222|0x000000008de00000, 0x000000008de00000, 0x000000008df00000|  0%| F|  |TAMS 0x000000008de00000, 0x000000008de00000| Untracked 
| 223|0x000000008df00000, 0x000000008df00000, 0x000000008e000000|  0%| F|  |TAMS 0x000000008df00000, 0x000000008df00000| Untracked 
| 224|0x000000008e000000, 0x000000008e000000, 0x000000008e100000|  0%| F|  |TAMS 0x000000008e000000, 0x000000008e000000| Untracked 
| 225|0x000000008e100000, 0x000000008e114880, 0x000000008e200000|  8%| S|CS|TAMS 0x000000008e100000, 0x000000008e100000| Complete 
| 226|0x000000008e200000, 0x000000008e200000, 0x000000008e300000|  0%| F|  |TAMS 0x000000008e200000, 0x000000008e200000| Untracked 
| 227|0x000000008e300000, 0x000000008e400000, 0x000000008e400000|100%| S|CS|TAMS 0x000000008e300000, 0x000000008e300000| Complete 
| 228|0x000000008e400000, 0x000000008e400000, 0x000000008e500000|  0%| F|  |TAMS 0x000000008e400000, 0x000000008e400000| Untracked 
| 229|0x000000008e500000, 0x000000008e500000, 0x000000008e600000|  0%| F|  |TAMS 0x000000008e500000, 0x000000008e500000| Untracked 
| 230|0x000000008e600000, 0x000000008e600000, 0x000000008e700000|  0%| F|  |TAMS 0x000000008e600000, 0x000000008e600000| Untracked 
| 231|0x000000008e700000, 0x000000008e700000, 0x000000008e800000|  0%| F|  |TAMS 0x000000008e700000, 0x000000008e700000| Untracked 
| 232|0x000000008e800000, 0x000000008e800000, 0x000000008e900000|  0%| F|  |TAMS 0x000000008e800000, 0x000000008e800000| Untracked 
| 233|0x000000008e900000, 0x000000008e900000, 0x000000008ea00000|  0%| F|  |TAMS 0x000000008e900000, 0x000000008e900000| Untracked 
| 234|0x000000008ea00000, 0x000000008ea00000, 0x000000008eb00000|  0%| F|  |TAMS 0x000000008ea00000, 0x000000008ea00000| Untracked 
| 235|0x000000008eb00000, 0x000000008eb00000, 0x000000008ec00000|  0%| F|  |TAMS 0x000000008eb00000, 0x000000008eb00000| Untracked 
| 236|0x000000008ec00000, 0x000000008ec8aae8, 0x000000008ed00000| 54%| E|  |TAMS 0x000000008ec00000, 0x000000008ec00000| Complete 
| 255|0x000000008ff00000, 0x0000000090000000, 0x0000000090000000|100%| E|  |TAMS 0x000000008ff00000, 0x000000008ff00000| Complete 

Card table byte_map: [0x00000232f26e0000,0x00000232f2ae0000] _byte_map_base: 0x00000232f22e0000

Marking Bits (Prev, Next): (CMBitMap*) 0x00000232db83fc60, (CMBitMap*) 0x00000232db83fc20
 Prev Bits: [0x00000232f4ee0000, 0x00000232f6ee0000)
 Next Bits: [0x00000232f2ee0000, 0x00000232f4ee0000)

Polling page: 0x00000232dafa0000

Metaspace:

Usage:
  Non-class:     91.26 MB used.
      Class:     14.76 MB used.
       Both:    106.02 MB used.

Virtual space:
  Non-class space:      128.00 MB reserved,      91.88 MB ( 72%) committed,  2 nodes.
      Class space:      416.00 MB reserved,      15.31 MB (  4%) committed,  1 nodes.
             Both:      544.00 MB reserved,     107.19 MB ( 20%) committed. 

Chunk freelists:
   Non-Class:  3.88 MB
       Class:  750.00 KB
        Both:  4.62 MB

MaxMetaspaceSize: 512.00 MB
CompressedClassSpaceSize: 416.00 MB
Initial GC threshold: 21.00 MB
Current GC threshold: 125.12 MB
CDS: on
MetaspaceReclaimPolicy: balanced
 - commit_granule_bytes: 65536.
 - commit_granule_words: 8192.
 - virtual_space_node_default_size: 8388608.
 - enlarge_chunks_in_place: 1.
 - new_chunks_are_fully_committed: 0.
 - uncommit_free_chunks: 1.
 - use_allocation_guard: 0.
 - handle_deallocations: 1.


Internal statistics:

num_allocs_failed_limit: 6.
num_arena_births: 1506.
num_arena_deaths: 0.
num_vsnodes_births: 3.
num_vsnodes_deaths: 0.
num_space_committed: 1715.
num_space_uncommitted: 0.
num_chunks_returned_to_freelist: 6.
num_chunks_taken_from_freelist: 6266.
num_chunk_merges: 6.
num_chunk_splits: 3986.
num_chunks_enlarged: 2487.
num_inconsistent_stats: 0.

CodeHeap 'non-profiled nmethods': size=120000Kb used=10407Kb max_used=10407Kb free=109592Kb
 bounds [0x00000232eadb0000, 0x00000232eb7e0000, 0x00000232f22e0000]
CodeHeap 'profiled nmethods': size=120000Kb used=28311Kb max_used=28311Kb free=91688Kb
 bounds [0x00000232e32e0000, 0x00000232e4e90000, 0x00000232ea810000]
CodeHeap 'non-nmethods': size=5760Kb used=2453Kb max_used=2541Kb free=3306Kb
 bounds [0x00000232ea810000, 0x00000232eaab0000, 0x00000232eadb0000]
 total_blobs=15137 nmethods=14142 adapters=906
 compilation: enabled
              stopped_count=0, restarted_count=0
 full_count=0

Compilation events (20 events):
Event: 61.533 Thread 0x00000232f93f2f20 nmethod 16250 0x00000232eb7c6610 code [0x00000232eb7c6840, 0x00000232eb7c73e8]
Event: 61.533 Thread 0x00000232f93f2f20 16251       4       java.util.ArrayDeque::peekLast (19 bytes)
Event: 61.534 Thread 0x00000232f93f2f20 nmethod 16251 0x00000232eb7c7d90 code [0x00000232eb7c7f00, 0x00000232eb7c7fb8]
Event: 61.534 Thread 0x00000232f93f2f20 16252   !   4       org.gradle.cache.internal.DefaultCacheCoordinator::getFileLock (97 bytes)
Event: 61.539 Thread 0x00000232f93f2f20 nmethod 16252 0x00000232eb7c8090 code [0x00000232eb7c8240, 0x00000232eb7c8838]
Event: 61.539 Thread 0x00000232f93f2f20 16246   !   4       org.gradle.cache.internal.DefaultMultiProcessSafeIndexedCache::getIfPresent (25 bytes)
Event: 61.567 Thread 0x00000232f979ff80 nmethod 16225 0x00000232eb7c8c10 code [0x00000232eb7c8f20, 0x00000232eb7cbca0]
Event: 61.567 Thread 0x00000232f979ff80 16255       4       sun.nio.fs.WindowsFileAttributes::isSymbolicLink (15 bytes)
Event: 61.568 Thread 0x00000232f979ff80 nmethod 16255 0x00000232eb7cd390 code [0x00000232eb7cd500, 0x00000232eb7cd598]
Event: 61.568 Thread 0x00000232f979ff80 16254       4       com.google.common.cache.LocalCache$AccessQueue::peek (5 bytes)
Event: 61.568 Thread 0x00000232f979ff80 nmethod 16254 0x00000232eb7cd690 code [0x00000232eb7cd800, 0x00000232eb7cd8d8]
Event: 61.568 Thread 0x00000232f979ff80 16253       4       java.util.concurrent.TimeUnit::convert (77 bytes)
Event: 61.570 Thread 0x00000232f979ff80 nmethod 16253 0x00000232eb7cd990 code [0x00000232eb7cdb20, 0x00000232eb7cdd98]
Event: 61.575 Thread 0x00000232f979ff80 16256       4       org.gradle.cache.internal.btree.BTreePersistentIndexedCache$IndexRoot::getRoot (15 bytes)
Event: 61.577 Thread 0x00000232f979ff80 nmethod 16256 0x00000232eb7cdf90 code [0x00000232eb7ce120, 0x00000232eb7ce3c8]
Event: 61.577 Thread 0x00000232f979ff80 16257       4       org.gradle.cache.internal.btree.KeyHasher$MessageDigestStream::write (11 bytes)
Event: 61.578 Thread 0x00000232f979ff80 nmethod 16257 0x00000232eb7ce610 code [0x00000232eb7ce7a0, 0x00000232eb7ce8b8]
Event: 61.578 Thread 0x00000232f979ff80 16259       4       com.google.common.base.Ticker$1::read (4 bytes)
Event: 61.578 Thread 0x00000232f979ff80 nmethod 16259 0x00000232eb7cea10 code [0x00000232eb7ceb80, 0x00000232eb7cec18]
Event: 61.578 Thread 0x00000232f979ff80 16258       4       org.gradle.cache.internal.btree.KeyHasher$MessageDigestStream::getChecksum (41 bytes)

GC Heap History (20 events):
Event: 59.023 GC heap before
{Heap before GC invocations=71 (full 0):
 garbage-first heap   total 243712K, used 208542K [0x0000000080000000, 0x0000000100000000)
  region size 1024K, 27 young (27648K), 4 survivors (4096K)
 Metaspace       used 107118K, committed 108288K, reserved 557056K
  class space    used 14965K, committed 15488K, reserved 425984K
}
Event: 59.031 GC heap after
{Heap after GC invocations=72 (full 0):
 garbage-first heap   total 243712K, used 189078K [0x0000000080000000, 0x0000000100000000)
  region size 1024K, 4 young (4096K), 4 survivors (4096K)
 Metaspace       used 107118K, committed 108288K, reserved 557056K
  class space    used 14965K, committed 15488K, reserved 425984K
}
Event: 59.417 GC heap before
{Heap before GC invocations=72 (full 0):
 garbage-first heap   total 243712K, used 209558K [0x0000000080000000, 0x0000000100000000)
  region size 1024K, 24 young (24576K), 4 survivors (4096K)
 Metaspace       used 107227K, committed 108416K, reserved 557056K
  class space    used 14966K, committed 15488K, reserved 425984K
}
Event: 59.423 GC heap after
{Heap after GC invocations=73 (full 0):
 garbage-first heap   total 243712K, used 191518K [0x0000000080000000, 0x0000000100000000)
  region size 1024K, 3 young (3072K), 3 survivors (3072K)
 Metaspace       used 107227K, committed 108416K, reserved 557056K
  class space    used 14966K, committed 15488K, reserved 425984K
}
Event: 59.766 GC heap before
{Heap before GC invocations=73 (full 0):
 garbage-first heap   total 243712K, used 209950K [0x0000000080000000, 0x0000000100000000)
  region size 1024K, 21 young (21504K), 3 survivors (3072K)
 Metaspace       used 107315K, committed 108480K, reserved 557056K
  class space    used 14966K, committed 15488K, reserved 425984K
}
Event: 59.770 GC heap after
{Heap after GC invocations=74 (full 0):
 garbage-first heap   total 243712K, used 193225K [0x0000000080000000, 0x0000000100000000)
  region size 1024K, 2 young (2048K), 2 survivors (2048K)
 Metaspace       used 107315K, committed 108480K, reserved 557056K
  class space    used 14966K, committed 15488K, reserved 425984K
}
Event: 60.026 GC heap before
{Heap before GC invocations=74 (full 0):
 garbage-first heap   total 243712K, used 211657K [0x0000000080000000, 0x0000000100000000)
  region size 1024K, 20 young (20480K), 2 survivors (2048K)
 Metaspace       used 107494K, committed 108608K, reserved 557056K
  class space    used 14983K, committed 15488K, reserved 425984K
}
Event: 60.033 GC heap after
{Heap after GC invocations=75 (full 0):
 garbage-first heap   total 243712K, used 195813K [0x0000000080000000, 0x0000000100000000)
  region size 1024K, 3 young (3072K), 3 survivors (3072K)
 Metaspace       used 107494K, committed 108608K, reserved 557056K
  class space    used 14983K, committed 15488K, reserved 425984K
}
Event: 60.401 GC heap before
{Heap before GC invocations=75 (full 0):
 garbage-first heap   total 243712K, used 211173K [0x0000000080000000, 0x0000000100000000)
  region size 1024K, 18 young (18432K), 3 survivors (3072K)
 Metaspace       used 107959K, committed 109184K, reserved 557056K
  class space    used 15058K, committed 15616K, reserved 425984K
}
Event: 60.406 GC heap after
{Heap after GC invocations=76 (full 0):
 garbage-first heap   total 243712K, used 197726K [0x0000000080000000, 0x0000000100000000)
  region size 1024K, 2 young (2048K), 2 survivors (2048K)
 Metaspace       used 107959K, committed 109184K, reserved 557056K
  class space    used 15058K, committed 15616K, reserved 425984K
}
Event: 60.645 GC heap before
{Heap before GC invocations=76 (full 0):
 garbage-first heap   total 243712K, used 211038K [0x0000000080000000, 0x0000000100000000)
  region size 1024K, 16 young (16384K), 2 survivors (2048K)
 Metaspace       used 108080K, committed 109312K, reserved 557056K
  class space    used 15062K, committed 15616K, reserved 425984K
}
Event: 60.649 GC heap after
{Heap after GC invocations=77 (full 0):
 garbage-first heap   total 243712K, used 198522K [0x0000000080000000, 0x0000000100000000)
  region size 1024K, 1 young (1024K), 1 survivors (1024K)
 Metaspace       used 108080K, committed 109312K, reserved 557056K
  class space    used 15062K, committed 15616K, reserved 425984K
}
Event: 60.917 GC heap before
{Heap before GC invocations=77 (full 0):
 garbage-first heap   total 243712K, used 211834K [0x0000000080000000, 0x0000000100000000)
  region size 1024K, 15 young (15360K), 1 survivors (1024K)
 Metaspace       used 108242K, committed 109440K, reserved 557056K
  class space    used 15068K, committed 15616K, reserved 425984K
}
Event: 60.919 GC heap after
{Heap after GC invocations=78 (full 0):
 garbage-first heap   total 243712K, used 199003K [0x0000000080000000, 0x0000000100000000)
  region size 1024K, 2 young (2048K), 2 survivors (2048K)
 Metaspace       used 108242K, committed 109440K, reserved 557056K
  class space    used 15068K, committed 15616K, reserved 425984K
}
Event: 61.096 GC heap before
{Heap before GC invocations=78 (full 0):
 garbage-first heap   total 243712K, used 213339K [0x0000000080000000, 0x0000000100000000)
  region size 1024K, 16 young (16384K), 2 survivors (2048K)
 Metaspace       used 108300K, committed 109504K, reserved 557056K
  class space    used 15069K, committed 15616K, reserved 425984K
}
Event: 61.098 GC heap after
{Heap after GC invocations=79 (full 0):
 garbage-first heap   total 243712K, used 199495K [0x0000000080000000, 0x0000000100000000)
  region size 1024K, 2 young (2048K), 2 survivors (2048K)
 Metaspace       used 108300K, committed 109504K, reserved 557056K
  class space    used 15069K, committed 15616K, reserved 425984K
}
Event: 61.371 GC heap before
{Heap before GC invocations=79 (full 0):
 garbage-first heap   total 243712K, used 213831K [0x0000000080000000, 0x0000000100000000)
  region size 1024K, 16 young (16384K), 2 survivors (2048K)
 Metaspace       used 108555K, committed 109760K, reserved 557056K
  class space    used 15114K, committed 15680K, reserved 425984K
}
Event: 61.376 GC heap after
{Heap after GC invocations=80 (full 0):
 garbage-first heap   total 243712K, used 202686K [0x0000000080000000, 0x0000000100000000)
  region size 1024K, 2 young (2048K), 2 survivors (2048K)
 Metaspace       used 108555K, committed 109760K, reserved 557056K
  class space    used 15114K, committed 15680K, reserved 425984K
}
Event: 61.503 GC heap before
{Heap before GC invocations=80 (full 0):
 garbage-first heap   total 243712K, used 212926K [0x0000000080000000, 0x0000000100000000)
  region size 1024K, 13 young (13312K), 2 survivors (2048K)
 Metaspace       used 108563K, committed 109760K, reserved 557056K
  class space    used 15115K, committed 15680K, reserved 425984K
}
Event: 61.506 GC heap after
{Heap after GC invocations=81 (full 0):
 garbage-first heap   total 243712K, used 203298K [0x0000000080000000, 0x0000000100000000)
  region size 1024K, 1 young (1024K), 1 survivors (1024K)
 Metaspace       used 108563K, committed 109760K, reserved 557056K
  class space    used 15115K, committed 15680K, reserved 425984K
}

Dll operation events (14 events):
Event: 0.016 Loaded shared library C:\Program Files\Microsoft\jdk-17.0.8.7-hotspot\bin\java.dll
Event: 0.033 Loaded shared library C:\Program Files\Microsoft\jdk-17.0.8.7-hotspot\bin\jsvml.dll
Event: 0.123 Loaded shared library C:\Program Files\Microsoft\jdk-17.0.8.7-hotspot\bin\zip.dll
Event: 0.126 Loaded shared library C:\Program Files\Microsoft\jdk-17.0.8.7-hotspot\bin\instrument.dll
Event: 0.130 Loaded shared library C:\Program Files\Microsoft\jdk-17.0.8.7-hotspot\bin\net.dll
Event: 0.131 Loaded shared library C:\Program Files\Microsoft\jdk-17.0.8.7-hotspot\bin\nio.dll
Event: 0.134 Loaded shared library C:\Program Files\Microsoft\jdk-17.0.8.7-hotspot\bin\zip.dll
Event: 0.443 Loaded shared library C:\Program Files\Microsoft\jdk-17.0.8.7-hotspot\bin\jimage.dll
Event: 0.601 Loaded shared library C:\Program Files\Microsoft\jdk-17.0.8.7-hotspot\bin\verify.dll
Event: 0.908 Loaded shared library C:\Users\Niaz Designer\.gradle\native\68d5fa5c4cc2d200863cafc0d521ce42e7d3e7ee720ec0a83991735586a16f82\windows-amd64\native-platform.dll
Event: 0.947 Loaded shared library C:\Users\Niaz Designer\.gradle\native\e376f236ea51e6404a007f0833ffe2c6e607c4080706a723a18a27aeea778392\windows-amd64\native-platform-file-events.dll
Event: 2.186 Loaded shared library C:\Program Files\Microsoft\jdk-17.0.8.7-hotspot\bin\management.dll
Event: 2.188 Loaded shared library C:\Program Files\Microsoft\jdk-17.0.8.7-hotspot\bin\management_ext.dll
Event: 2.864 Loaded shared library C:\Program Files\Microsoft\jdk-17.0.8.7-hotspot\bin\sunmscapi.dll

Deoptimization events (20 events):
Event: 61.258 Thread 0x000002329e3d7fe0 Uncommon trap: trap_request=0xffffffc6 fr.pc=0x00000232eb72c048 relative=0x00000000000000a8
Event: 61.258 Thread 0x000002329e3d7fe0 Uncommon trap: reason=bimorphic_or_optimized_type_check action=maybe_recompile pc=0x00000232eb72c048 method=org.gradle.execution.plan.ActionNode.hasPendingPreExecutionNodes()Z @ 11 c2
Event: 61.258 Thread 0x000002329e3d7fe0 DEOPT PACKING pc=0x00000232eb72c048 sp=0x0000005005bfe980
Event: 61.258 Thread 0x000002329e3d7fe0 DEOPT UNPACKING pc=0x00000232ea8669a3 sp=0x0000005005bfe908 mode 2
Event: 61.264 Thread 0x000002329e3d7fe0 Uncommon trap: trap_request=0xffffffc6 fr.pc=0x00000232eb72c048 relative=0x00000000000000a8
Event: 61.264 Thread 0x000002329e3d7fe0 Uncommon trap: reason=bimorphic_or_optimized_type_check action=maybe_recompile pc=0x00000232eb72c048 method=org.gradle.execution.plan.ActionNode.hasPendingPreExecutionNodes()Z @ 11 c2
Event: 61.264 Thread 0x000002329e3d7fe0 DEOPT PACKING pc=0x00000232eb72c048 sp=0x0000005005bfe980
Event: 61.264 Thread 0x000002329e3d7fe0 DEOPT UNPACKING pc=0x00000232ea8669a3 sp=0x0000005005bfe908 mode 2
Event: 61.270 Thread 0x000002329e3d7fe0 Uncommon trap: trap_request=0xffffffc6 fr.pc=0x00000232eb72c048 relative=0x00000000000000a8
Event: 61.270 Thread 0x000002329e3d7fe0 Uncommon trap: reason=bimorphic_or_optimized_type_check action=maybe_recompile pc=0x00000232eb72c048 method=org.gradle.execution.plan.ActionNode.hasPendingPreExecutionNodes()Z @ 11 c2
Event: 61.270 Thread 0x000002329e3d7fe0 DEOPT PACKING pc=0x00000232eb72c048 sp=0x0000005005bfe980
Event: 61.270 Thread 0x000002329e3d7fe0 DEOPT UNPACKING pc=0x00000232ea8669a3 sp=0x0000005005bfe908 mode 2
Event: 61.292 Thread 0x000002329e3d7fe0 Uncommon trap: trap_request=0xffffffc6 fr.pc=0x00000232eb72c048 relative=0x00000000000000a8
Event: 61.292 Thread 0x000002329e3d7fe0 Uncommon trap: reason=bimorphic_or_optimized_type_check action=maybe_recompile pc=0x00000232eb72c048 method=org.gradle.execution.plan.ActionNode.hasPendingPreExecutionNodes()Z @ 11 c2
Event: 61.292 Thread 0x000002329e3d7fe0 DEOPT PACKING pc=0x00000232eb72c048 sp=0x0000005005bfe980
Event: 61.292 Thread 0x000002329e3d7fe0 DEOPT UNPACKING pc=0x00000232ea8669a3 sp=0x0000005005bfe908 mode 2
Event: 61.338 Thread 0x000002329e3d7fe0 Uncommon trap: trap_request=0xffffffbe fr.pc=0x00000232eb78f77c relative=0x000000000000187c
Event: 61.338 Thread 0x000002329e3d7fe0 Uncommon trap: reason=profile_predicate action=maybe_recompile pc=0x00000232eb78f77c method=org.gradle.api.internal.artifacts.ivyservice.resolveengine.artifact.DefaultVisitedArtifactResults.select(Lorg/gradle/api/specs/Spec;Lorg/gradle/api/internal/artifa
Event: 61.338 Thread 0x000002329e3d7fe0 DEOPT PACKING pc=0x00000232eb78f77c sp=0x0000005005bfc240
Event: 61.338 Thread 0x000002329e3d7fe0 DEOPT UNPACKING pc=0x00000232ea8669a3 sp=0x0000005005bfc240 mode 2

Classes unloaded (0 events):
No events

Classes redefined (0 events):
No events

Internal exceptions (20 events):
Event: 57.836 Thread 0x000002329b751220 Exception <a 'sun/nio/fs/WindowsException'{0x000000008ecf2e00}> (0x000000008ecf2e00) 
thrown [s\src\hotspot\share\prims\jni.cpp, line 516]
Event: 57.836 Thread 0x000002329b751220 Exception <a 'sun/nio/fs/WindowsException'{0x000000008ecf4470}> (0x000000008ecf4470) 
thrown [s\src\hotspot\share\prims\jni.cpp, line 516]
Event: 57.837 Thread 0x000002329b751220 Exception <a 'sun/nio/fs/WindowsException'{0x000000008ecf5b30}> (0x000000008ecf5b30) 
thrown [s\src\hotspot\share\prims\jni.cpp, line 516]
Event: 57.837 Thread 0x000002329b751220 Exception <a 'sun/nio/fs/WindowsException'{0x000000008ecf71f0}> (0x000000008ecf71f0) 
thrown [s\src\hotspot\share\prims\jni.cpp, line 516]
Event: 58.416 Thread 0x00000232f93d8940 Implicit null exception at 0x00000232eb2b4400 to 0x00000232eb2b4a6c
Event: 58.934 Thread 0x000002329b751220 Exception <a 'java/lang/IncompatibleClassChangeError'{0x000000008dd47ab0}: Found class java.lang.Object, but interface was expected> (0x000000008dd47ab0) 
thrown [s\src\hotspot\share\interpreter\linkResolver.cpp, line 826]
Event: 59.079 Thread 0x000002329b751220 Exception <a 'sun/nio/fs/WindowsException'{0x000000008ecedb68}> (0x000000008ecedb68) 
thrown [s\src\hotspot\share\prims\jni.cpp, line 516]
Event: 59.079 Thread 0x000002329b751220 Exception <a 'sun/nio/fs/WindowsException'{0x000000008ecef1d8}> (0x000000008ecef1d8) 
thrown [s\src\hotspot\share\prims\jni.cpp, line 516]
Event: 59.079 Thread 0x000002329b751220 Exception <a 'sun/nio/fs/WindowsException'{0x000000008ecf0898}> (0x000000008ecf0898) 
thrown [s\src\hotspot\share\prims\jni.cpp, line 516]
Event: 59.079 Thread 0x000002329b751220 Exception <a 'sun/nio/fs/WindowsException'{0x000000008ecf1f58}> (0x000000008ecf1f58) 
thrown [s\src\hotspot\share\prims\jni.cpp, line 516]
Event: 60.284 Thread 0x000002329e3d8f10 Exception <a 'java/lang/NoSuchMethodError'{0x000000008e2c2e50}: 'void java.lang.invoke.DirectMethodHandle$Holder.invokeStatic(java.lang.Object, java.lang.Object, java.lang.Object, java.lang.Object, int, java.lang.Object, java.lang.Object)'> (0x000000008e2c2e50) 
thrown [s\src\hotspot\share\interpreter\linkResolver.cpp, line 759]
Event: 60.315 Thread 0x000002329e3d8f10 Exception <a 'java/lang/NoSuchMethodError'{0x000000008e1f17b0}: 'java.lang.Object java.lang.invoke.DirectMethodHandle$Holder.invokeSpecialIFC(java.lang.Object, java.lang.Object, java.lang.Object)'> (0x000000008e1f17b0) 
thrown [s\src\hotspot\share\interpreter\linkResolver.cpp, line 759]
Event: 60.509 Thread 0x000002329e3d8f10 Exception <a 'java/lang/NoSuchMethodError'{0x000000008e930a10}: 'void java.lang.invoke.DirectMethodHandle$Holder.invokeVirtual(java.lang.Object, java.lang.Object)'> (0x000000008e930a10) 
thrown [s\src\hotspot\share\interpreter\linkResolver.cpp, line 759]
Event: 61.157 Thread 0x000002329e3d7fe0 Exception <a 'java/lang/ClassNotFoundException'{0x000000008ebd9540}: groovy/util/FileTreeBuilderBeanInfo> (0x000000008ebd9540) 
thrown [s\src\hotspot\share\classfile\systemDictionary.cpp, line 256]
Event: 61.160 Thread 0x000002329e3d7fe0 Exception <a 'java/lang/ClassNotFoundException'{0x000000008ea3bc28}: groovy/util/FileTreeBuilderCustomizer> (0x000000008ea3bc28) 
thrown [s\src\hotspot\share\classfile\systemDictionary.cpp, line 256]
Event: 61.164 Thread 0x000002329e3d7fe0 Exception <a 'java/lang/ClassNotFoundException'{0x000000008ea73278}: java/io/BufferedWriterBeanInfo> (0x000000008ea73278) 
thrown [s\src\hotspot\share\classfile\systemDictionary.cpp, line 256]
Event: 61.164 Thread 0x000002329e3d7fe0 Exception <a 'java/lang/ClassNotFoundException'{0x000000008ea78950}: java/io/WriterBeanInfo> (0x000000008ea78950) 
thrown [s\src\hotspot\share\classfile\systemDictionary.cpp, line 256]
Event: 61.165 Thread 0x000002329e3d7fe0 Exception <a 'java/lang/ClassNotFoundException'{0x000000008ea7e098}: java/io/WriterCustomizer> (0x000000008ea7e098) 
thrown [s\src\hotspot\share\classfile\systemDictionary.cpp, line 256]
Event: 61.166 Thread 0x000002329e3d7fe0 Exception <a 'java/lang/ClassNotFoundException'{0x000000008ea8c6a8}: java/io/BufferedWriterCustomizer> (0x000000008ea8c6a8) 
thrown [s\src\hotspot\share\classfile\systemDictionary.cpp, line 256]
Event: 61.249 Thread 0x000002329e3d7fe0 Exception <a 'java/lang/NoSuchMethodError'{0x000000008e91d878}: static Lcom/android/build/api/variant/BuildConfigField;.<clinit>()V> (0x000000008e91d878) 
thrown [s\src\hotspot\share\prims\jni.cpp, line 1107]

VM Operations (20 events):
Event: 60.295 Executing VM operation: HandshakeAllThreads
Event: 60.295 Executing VM operation: HandshakeAllThreads done
Event: 60.331 Executing VM operation: HandshakeAllThreads
Event: 60.357 Executing VM operation: HandshakeAllThreads done
Event: 60.360 Executing VM operation: HandshakeAllThreads
Event: 60.360 Executing VM operation: HandshakeAllThreads done
Event: 60.378 Executing VM operation: ICBufferFull
Event: 60.378 Executing VM operation: ICBufferFull done
Event: 60.401 Executing VM operation: G1CollectForAllocation
Event: 60.407 Executing VM operation: G1CollectForAllocation done
Event: 60.645 Executing VM operation: G1CollectForAllocation
Event: 60.649 Executing VM operation: G1CollectForAllocation done
Event: 60.917 Executing VM operation: G1CollectForAllocation
Event: 60.926 Executing VM operation: G1CollectForAllocation done
Event: 61.096 Executing VM operation: G1CollectForAllocation
Event: 61.098 Executing VM operation: G1CollectForAllocation done
Event: 61.371 Executing VM operation: G1CollectForAllocation
Event: 61.376 Executing VM operation: G1CollectForAllocation done
Event: 61.503 Executing VM operation: G1CollectForAllocation
Event: 61.507 Executing VM operation: G1CollectForAllocation done

Events (20 events):
Event: 60.945 Thread 0x00000232a46bb8c0 Thread added: 0x00000232a46bb8c0
Event: 60.960 Thread 0x00000232a46bbdd0 Thread added: 0x00000232a46bbdd0
Event: 60.960 Thread 0x00000232a46bcd00 Thread added: 0x00000232a46bcd00
Event: 61.112 Thread 0x00000232a584ba50 Thread added: 0x00000232a584ba50
Event: 61.164 loading class java/io/BufferedWriterBeanInfo
Event: 61.164 loading class java/io/BufferedWriterBeanInfo done
Event: 61.164 loading class java/io/BufferedWriterBeanInfo
Event: 61.164 loading class java/io/BufferedWriterBeanInfo done
Event: 61.164 loading class java/io/WriterBeanInfo
Event: 61.164 loading class java/io/WriterBeanInfo done
Event: 61.164 loading class java/io/WriterBeanInfo
Event: 61.164 loading class java/io/WriterBeanInfo done
Event: 61.164 loading class java/io/WriterCustomizer
Event: 61.164 loading class java/io/WriterCustomizer done
Event: 61.165 loading class java/io/WriterCustomizer
Event: 61.165 loading class java/io/WriterCustomizer done
Event: 61.166 loading class java/io/BufferedWriterCustomizer
Event: 61.166 loading class java/io/BufferedWriterCustomizer done
Event: 61.166 loading class java/io/BufferedWriterCustomizer
Event: 61.166 loading class java/io/BufferedWriterCustomizer done


Dynamic libraries:
0x00007ff754570000 - 0x00007ff75457e000 	C:\Program Files\Microsoft\jdk-17.0.8.7-hotspot\bin\java.exe
0x00007ffe527d0000 - 0x00007ffe529c8000 	C:\Windows\SYSTEM32\ntdll.dll
0x00007ffe50d50000 - 0x00007ffe50e0d000 	C:\Windows\System32\KERNEL32.DLL
0x00007ffe50480000 - 0x00007ffe50776000 	C:\Windows\System32\KERNELBASE.dll
0x00007ffe50130000 - 0x00007ffe50230000 	C:\Windows\System32\ucrtbase.dll
0x00007ffe2fca0000 - 0x00007ffe2fcb7000 	C:\Program Files\Microsoft\jdk-17.0.8.7-hotspot\bin\jli.dll
0x00007ffe50a80000 - 0x00007ffe50c1e000 	C:\Windows\System32\USER32.dll
0x00007ffe50100000 - 0x00007ffe50122000 	C:\Windows\System32\win32u.dll
0x00007ffe51440000 - 0x00007ffe5146c000 	C:\Windows\System32\GDI32.dll
0x00007ffe4ff40000 - 0x00007ffe5005a000 	C:\Windows\System32\gdi32full.dll
0x00007ffe50060000 - 0x00007ffe500fd000 	C:\Windows\System32\msvcp_win.dll
0x00007ffe271e0000 - 0x00007ffe271fb000 	C:\Program Files\Microsoft\jdk-17.0.8.7-hotspot\bin\VCRUNTIME140.dll
0x00007ffe3c4a0000 - 0x00007ffe3c73a000 	C:\Windows\WinSxS\amd64_microsoft.windows.common-controls_6595b64144ccf1df_6.0.19041.3636_none_60b6a03d71f818d5\COMCTL32.dll
0x00007ffe509a0000 - 0x00007ffe50a3e000 	C:\Windows\System32\msvcrt.dll
0x00007ffe50a40000 - 0x00007ffe50a70000 	C:\Windows\System32\IMM32.DLL
0x00007ffe2da80000 - 0x00007ffe2da8c000 	C:\Program Files\Microsoft\jdk-17.0.8.7-hotspot\bin\vcruntime140_1.dll
0x00007ffdd8490000 - 0x00007ffdd851d000 	C:\Program Files\Microsoft\jdk-17.0.8.7-hotspot\bin\msvcp140.dll
0x00007ffda8880000 - 0x00007ffda94e5000 	C:\Program Files\Microsoft\jdk-17.0.8.7-hotspot\bin\server\jvm.dll
0x00007ffe50f00000 - 0x00007ffe50faf000 	C:\Windows\System32\ADVAPI32.dll
0x00007ffe526f0000 - 0x00007ffe5278c000 	C:\Windows\System32\sechost.dll
0x00007ffe51130000 - 0x00007ffe51256000 	C:\Windows\System32\RPCRT4.dll
0x00007ffe4fc60000 - 0x00007ffe4fcab000 	C:\Windows\SYSTEM32\POWRPROF.dll
0x00007ffe2ac00000 - 0x00007ffe2ac09000 	C:\Windows\SYSTEM32\WSOCK32.dll
0x00007ffe52680000 - 0x00007ffe526eb000 	C:\Windows\System32\WS2_32.dll
0x00007ffe3c150000 - 0x00007ffe3c177000 	C:\Windows\SYSTEM32\WINMM.dll
0x00007ffe3e470000 - 0x00007ffe3e47a000 	C:\Windows\SYSTEM32\VERSION.dll
0x00007ffe4fc40000 - 0x00007ffe4fc52000 	C:\Windows\SYSTEM32\UMPDC.dll
0x00007ffe4dd50000 - 0x00007ffe4dd62000 	C:\Windows\SYSTEM32\kernel.appcore.dll
0x00007ffe2aaf0000 - 0x00007ffe2aafa000 	C:\Program Files\Microsoft\jdk-17.0.8.7-hotspot\bin\jimage.dll
0x00007ffe334f0000 - 0x00007ffe336d4000 	C:\Windows\SYSTEM32\DBGHELP.DLL
0x00007ffe334b0000 - 0x00007ffe334e4000 	C:\Windows\SYSTEM32\dbgcore.DLL
0x00007ffe4feb0000 - 0x00007ffe4ff32000 	C:\Windows\System32\bcryptPrimitives.dll
0x00007ffe1cf40000 - 0x00007ffe1cf4e000 	C:\Program Files\Microsoft\jdk-17.0.8.7-hotspot\bin\instrument.dll
0x00007ffe1c780000 - 0x00007ffe1c7a5000 	C:\Program Files\Microsoft\jdk-17.0.8.7-hotspot\bin\java.dll
0x00007ffdd4a10000 - 0x00007ffdd4ae7000 	C:\Program Files\Microsoft\jdk-17.0.8.7-hotspot\bin\jsvml.dll
0x00007ffe51950000 - 0x00007ffe52095000 	C:\Windows\System32\SHELL32.dll
0x00007ffe4df50000 - 0x00007ffe4e6eb000 	C:\Windows\SYSTEM32\windows.storage.dll
0x00007ffe520a0000 - 0x00007ffe523f4000 	C:\Windows\System32\combase.dll
0x00007ffe4f740000 - 0x00007ffe4f76d000 	C:\Windows\SYSTEM32\Wldp.dll
0x00007ffe50830000 - 0x00007ffe508dd000 	C:\Windows\System32\SHCORE.dll
0x00007ffe50940000 - 0x00007ffe50995000 	C:\Windows\System32\shlwapi.dll
0x00007ffe4fde0000 - 0x00007ffe4fe05000 	C:\Windows\SYSTEM32\profapi.dll
0x00007ffe1c430000 - 0x00007ffe1c448000 	C:\Program Files\Microsoft\jdk-17.0.8.7-hotspot\bin\zip.dll
0x00007ffe20840000 - 0x00007ffe20859000 	C:\Program Files\Microsoft\jdk-17.0.8.7-hotspot\bin\net.dll
0x00007ffe49c20000 - 0x00007ffe49d2a000 	C:\Windows\SYSTEM32\WINHTTP.dll
0x00007ffe4f520000 - 0x00007ffe4f58a000 	C:\Windows\system32\mswsock.dll
0x00007ffe1c450000 - 0x00007ffe1c466000 	C:\Program Files\Microsoft\jdk-17.0.8.7-hotspot\bin\nio.dll
0x00007ffe2a430000 - 0x00007ffe2a440000 	C:\Program Files\Microsoft\jdk-17.0.8.7-hotspot\bin\verify.dll
0x00007ffe1aa30000 - 0x00007ffe1aa57000 	C:\Users\Niaz Designer\.gradle\native\68d5fa5c4cc2d200863cafc0d521ce42e7d3e7ee720ec0a83991735586a16f82\windows-amd64\native-platform.dll
0x00007ffdce980000 - 0x00007ffdceac4000 	C:\Users\Niaz Designer\.gradle\native\e376f236ea51e6404a007f0833ffe2c6e607c4080706a723a18a27aeea778392\windows-amd64\native-platform-file-events.dll
0x00007ffe275e0000 - 0x00007ffe275e9000 	C:\Program Files\Microsoft\jdk-17.0.8.7-hotspot\bin\management.dll
0x00007ffe271d0000 - 0x00007ffe271db000 	C:\Program Files\Microsoft\jdk-17.0.8.7-hotspot\bin\management_ext.dll
0x00007ffe518e0000 - 0x00007ffe518e8000 	C:\Windows\System32\PSAPI.DLL
0x00007ffe4f780000 - 0x00007ffe4f798000 	C:\Windows\SYSTEM32\CRYPTSP.dll
0x00007ffe4ee70000 - 0x00007ffe4eea4000 	C:\Windows\system32\rsaenh.dll
0x00007ffe503e0000 - 0x00007ffe50407000 	C:\Windows\System32\bcrypt.dll
0x00007ffe4fd60000 - 0x00007ffe4fd8e000 	C:\Windows\SYSTEM32\USERENV.dll
0x00007ffe4f6b0000 - 0x00007ffe4f6bc000 	C:\Windows\SYSTEM32\CRYPTBASE.dll
0x00007ffe4f230000 - 0x00007ffe4f26b000 	C:\Windows\SYSTEM32\IPHLPAPI.DLL
0x00007ffe50a70000 - 0x00007ffe50a78000 	C:\Windows\System32\NSI.dll
0x00007ffe4a170000 - 0x00007ffe4a187000 	C:\Windows\SYSTEM32\dhcpcsvc6.DLL
0x00007ffe4a150000 - 0x00007ffe4a16d000 	C:\Windows\SYSTEM32\dhcpcsvc.DLL
0x00007ffe4f270000 - 0x00007ffe4f33a000 	C:\Windows\SYSTEM32\DNSAPI.dll
0x00007ffe1caf0000 - 0x00007ffe1cafe000 	C:\Program Files\Microsoft\jdk-17.0.8.7-hotspot\bin\sunmscapi.dll
0x00007ffe50280000 - 0x00007ffe503dd000 	C:\Windows\System32\CRYPT32.dll
0x00007ffe4f890000 - 0x00007ffe4f8b7000 	C:\Windows\SYSTEM32\ncrypt.dll
0x00007ffe4f850000 - 0x00007ffe4f88b000 	C:\Windows\SYSTEM32\NTASN1.dll
0x00007ffe42070000 - 0x00007ffe42077000 	C:\Windows\system32\wshunix.dll
0x00007ffe412e0000 - 0x00007ffe412ea000 	C:\Windows\System32\rasadhlp.dll
0x00007ffe49940000 - 0x00007ffe499c0000 	C:\Windows\System32\fwpuclnt.dll
0x00007ffe23100000 - 0x00007ffe23117000 	C:\Windows\system32\napinsp.dll
0x00007ffe22440000 - 0x00007ffe2245b000 	C:\Windows\system32\pnrpnsp.dll
0x00007ffe29ff0000 - 0x00007ffe2a005000 	C:\Windows\system32\wshbth.dll
0x00007ffe4b880000 - 0x00007ffe4b89d000 	C:\Windows\system32\NLAapi.dll
0x00007ffe22420000 - 0x00007ffe22432000 	C:\Windows\System32\winrnr.dll

dbghelp: loaded successfully - version: 4.0.5 - missing functions: none
symbol engine: initialized successfully - sym options: 0x614 - pdb path: .;C:\Program Files\Microsoft\jdk-17.0.8.7-hotspot\bin;C:\Windows\SYSTEM32;C:\Windows\WinSxS\amd64_microsoft.windows.common-controls_6595b64144ccf1df_6.0.19041.3636_none_60b6a03d71f818d5;C:\Program Files\Microsoft\jdk-17.0.8.7-hotspot\bin\server;C:\Users\Niaz Designer\.gradle\native\68d5fa5c4cc2d200863cafc0d521ce42e7d3e7ee720ec0a83991735586a16f82\windows-amd64;C:\Users\Niaz Designer\.gradle\native\e376f236ea51e6404a007f0833ffe2c6e607c4080706a723a18a27aeea778392\windows-amd64

VM Arguments:
jvm_args: -XX:MaxMetaspaceSize=512m --add-opens=java.base/java.util=ALL-UNNAMED --add-opens=java.base/java.lang=ALL-UNNAMED --add-opens=java.base/java.lang.invoke=ALL-UNNAMED --add-opens=java.prefs/java.util.prefs=ALL-UNNAMED --add-opens=java.base/java.nio.charset=ALL-UNNAMED --add-opens=java.base/java.net=ALL-UNNAMED --add-opens=java.base/java.util.concurrent.atomic=ALL-UNNAMED -Xmx2048m -Dfile.encoding=windows-1252 -Duser.country=US -Duser.language=en -Duser.variant -javaagent:C:\Users\Niaz Designer\.gradle\wrapper\dists\gradle-8.3-all\6en3ugtfdg5xnpx44z4qbwgas\gradle-8.3\lib\agents\gradle-instrumentation-agent-8.3.jar 
java_command: org.gradle.launcher.daemon.bootstrap.GradleDaemon 8.3
java_class_path (initial): C:\Users\Niaz Designer\.gradle\wrapper\dists\gradle-8.3-all\6en3ugtfdg5xnpx44z4qbwgas\gradle-8.3\lib\gradle-launcher-8.3.jar
Launcher Type: SUN_STANDARD

[Global flags]
     intx CICompilerCount                          = 3                                         {product} {ergonomic}
   size_t CompressedClassSpaceSize                 = 436207616                                 {product} {ergonomic}
     uint ConcGCThreads                            = 1                                         {product} {ergonomic}
     uint G1ConcRefinementThreads                  = 4                                         {product} {ergonomic}
   size_t G1HeapRegionSize                         = 1048576                                   {product} {ergonomic}
    uintx GCDrainStackTargetSize                   = 64                                        {product} {ergonomic}
   size_t InitialHeapSize                          = 268435456                                 {product} {ergonomic}
   size_t MarkStackSize                            = 4194304                                   {product} {ergonomic}
   size_t MaxHeapSize                              = 2147483648                                {product} {command line}
   size_t MaxMetaspaceSize                         = 536870912                                 {product} {command line}
   size_t MaxNewSize                               = 1287651328                                {product} {ergonomic}
   size_t MinHeapDeltaBytes                        = 1048576                                   {product} {ergonomic}
   size_t MinHeapSize                              = 8388608                                   {product} {ergonomic}
    uintx NonNMethodCodeHeapSize                   = 5832780                                {pd product} {ergonomic}
    uintx NonProfiledCodeHeapSize                  = 122912730                              {pd product} {ergonomic}
    uintx ProfiledCodeHeapSize                     = 122912730                              {pd product} {ergonomic}
    uintx ReservedCodeCacheSize                    = 251658240                              {pd product} {ergonomic}
     bool SegmentedCodeCache                       = true                                      {product} {ergonomic}
   size_t SoftMaxHeapSize                          = 2147483648                             {manageable} {ergonomic}
     bool UseCompressedClassPointers               = true                           {product lp64_product} {ergonomic}
     bool UseCompressedOops                        = true                           {product lp64_product} {ergonomic}
     bool UseG1GC                                  = true                                      {product} {ergonomic}
     bool UseLargePagesIndividualAllocation        = false                                  {pd product} {ergonomic}

Logging:
Log output configuration:
 #0: stdout all=warning uptime,level,tags
 #1: stderr all=off uptime,level,tags

Environment Variables:
JAVA_HOME=C:\Program Files\Microsoft\jdk-17.0.8.7-hotspot\
CLASSPATH=C:\Shahid\ReactNative\BloodDonation\android\\gradle\wrapper\gradle-wrapper.jar
PATH=C:\Shahid\ReactNative\BloodDonation\node_modules\.bin;C:\Shahid\ReactNative\BloodDonation\node_modules\.bin;C:\Shahid\ReactNative\node_modules\.bin;C:\Shahid\node_modules\.bin;C:\node_modules\.bin;C:\Users\Niaz Designer\AppData\Roaming\npm\node_modules\npm\node_modules\@npmcli\run-script\lib\node-gyp-bin;C:\Users\NIAZDE~1\AppData\Local\Temp\yarn--1704690277530-0.3115441282081579;C:\Shahid\ReactNative\BloodDonation\node_modules\.bin;C:\Users\Niaz Designer\AppData\Local\Yarn\Data\link\node_modules\.bin;C:\Users\Niaz Designer\AppData\Local\Yarn\bin;C:\Program Files\libexec\lib\node_modules\npm\bin\node-gyp-bin;C:\Program Files\lib\node_modules\npm\bin\node-gyp-bin;C:\Program Files\nodejs\node_modules\npm\bin\node-gyp-bin;C:\Program Files\Microsoft\jdk-17.0.8.7-hotspot\bin;C:\Program Files\Common Files\Oracle\Java\javapath;C:\Program Files\Microsoft\jdk-11.0.20.8-hotspot\bin;C:\Program Files (x86)\Common Files\Intel\Shared Libraries\redist\intel64\compiler;C:\Windows\system32;C:\Windows;C:\Windows\System32\Wbem;C:\Windows\System32\WindowsPowerShell\v1.0\;C:\Windows\System32\OpenSSH\;C:\Program Files (x86)\Intel\Intel(R) Management Engine Components\DAL;C:\Program Files\Intel\Intel(R) Management Engine Components\DAL;C:\ProgramData\chocolatey\bin;C:\Program Files\nodejs\;C:\Users\Niaz Designer\AppData\Local\Android\Sdk\platform-tools;C:\Program Files\Git\cmd;C:\Program Files\Microsoft SQL Server\150\Tools\Binn\;C:\Program Files\Microsoft SQL Server\Client SDK\ODBC\170\Tools\Binn\;C:\Program Files\dotnet\;C:\Program Files (x86)\Microsoft SQL Server\160\Tools\Binn\;C:\Program Files\Microsoft SQL Server\160\Tools\Binn\;C:\Program Files\Microsoft SQL Server\160\DTS\Binn\;C:\Program Files (x86)\Microsoft SQL Server\160\DTS\Binn\;C:\Program Files\Azure Data Studio\bin;C:\Users\Niaz Designer\AppData\Local\Microsoft\WindowsApps;C:\Users\Niaz Designer\AppData\Roaming\npm;C:\Users\Niaz Designer\AppData\Local\GitHubDesktop\bin;C:\Users\Niaz Designer\AppData\Local\Programs\Microso
USERNAME=Niaz Designer
LANG=en_US.UTF-8
OS=Windows_NT
PROCESSOR_IDENTIFIER=Intel64 Family 6 Model 94 Stepping 3, GenuineIntel
TMP=C:\Users\NIAZDE~1\AppData\Local\Temp
TEMP=C:\Users\NIAZDE~1\AppData\Local\Temp



---------------  S Y S T E M  ---------------

OS:
 Windows 10 , 64 bit Build 19041 (10.0.19041.3636)
OS uptime: 2 days 20:04 hours
Hyper-V role detected

CPU: total 4 (initial active 4) (4 cores per cpu, 1 threads per core) family 6 model 94 stepping 3 microcode 0xf0, cx8, cmov, fxsr, mmx, 3dnowpref, sse, sse2, sse3, ssse3, sse4.1, sse4.2, popcnt, lzcnt, tsc, tscinvbit, avx, avx2, aes, erms, clmul, bmi1, bmi2, rtm, adx, fma, vzeroupper, clflush, clflushopt, hv
Processor Information for all 4 processors :
  Max Mhz: 3312, Current Mhz: 3312, Mhz Limit: 3312

Memory: 4k page, system-wide physical 16263M (6206M free)
TotalPageFile size 24967M (AvailPageFile size 15152M)
current process WorkingSet (physical memory assigned to process): 553M, peak: 557M
current process commit charge ("private bytes"): 603M, peak: 609M

vm_info: OpenJDK 64-Bit Server VM (17.0.8+7-LTS) for windows-amd64 JRE (17.0.8+7-LTS), built on Jul  7 2023 17:21:55 by "MicrosoftCorporation" with MS VC++ 16.10 / 16.11 (VS2019)

END.
